2015-09-30T20:43:00.575Z - [34mdebug[39m: [MASTER] [NOTIFIER] BEGIN Removing message packet # 60-1700  for user # 60
2015-09-30T20:43:03.571Z - [34mdebug[39m: [MASTER] Try get messages for user  60  packet  60-1701
2015-09-30T20:43:03.572Z - [34mdebug[39m: [MASTER] [NOTIFIER] No  PROVIDER messages found for user  60  packet  60-1701
2015-09-30T20:43:03.572Z - [34mdebug[39m: [MASTER] [GET-UPDATES] Message [ [ packetId: '60-1701' ] ] will be sent to user  60
2015-09-30T20:43:03.647Z - [34mdebug[39m: [MASTER] [NOTIFIER] BEGIN Removing message packet # 60-1701  for user # 60
2015-09-30T20:43:06.559Z - [34mdebug[39m: [MASTER] Try get messages for user  60  packet  60-1702
2015-09-30T20:43:06.559Z - [34mdebug[39m: [MASTER] [NOTIFIER] No  PROVIDER messages found for user  60  packet  60-1702
2015-09-30T20:43:06.559Z - [34mdebug[39m: [MASTER] [GET-UPDATES] Message [ [ packetId: '60-1702' ] ] will be sent to user  60
2015-09-30T20:43:06.573Z - [34mdebug[39m: [MASTER] [NOTIFIER] BEGIN Removing message packet # 60-1702  for user # 60
2015-09-30T20:43:09.558Z - [34mdebug[39m: [MASTER] Try get messages for user  60  packet  60-1703
2015-09-30T20:43:09.558Z - [34mdebug[39m: [MASTER] [NOTIFIER] No  PROVIDER messages found for user  60  packet  60-1703
2015-09-30T20:43:09.558Z - [34mdebug[39m: [MASTER] [GET-UPDATES] Message [ [ packetId: '60-1703' ] ] will be sent to user  60
2015-09-30T20:43:09.571Z - [34mdebug[39m: [MASTER] [NOTIFIER] BEGIN Removing message packet # 60-1703  for user # 60
2015-09-30T20:43:12.561Z - [34mdebug[39m: [MASTER] Try get messages for user  60  packet  60-1704
2015-09-30T20:43:12.561Z - [34mdebug[39m: [MASTER] [NOTIFIER] No  PROVIDER messages found for user  60  packet  60-1704
2015-09-30T20:43:12.561Z - [34mdebug[39m: [MASTER] [GET-UPDATES] Message [ [ packetId: '60-1704' ] ] will be sent to user  60
2015-09-30T20:43:12.575Z - [34mdebug[39m: [MASTER] [NOTIFIER] BEGIN Removing message packet # 60-1704  for user # 60
2015-09-30T20:43:15.559Z - [34mdebug[39m: [MASTER] Try get messages for user  60  packet  60-1705
2015-09-30T20:43:15.559Z - [34mdebug[39m: [MASTER] [NOTIFIER] No  PROVIDER messages found for user  60  packet  60-1705
2015-09-30T20:43:15.559Z - [34mdebug[39m: [MASTER] [GET-UPDATES] Message [ [ packetId: '60-1705' ] ] will be sent to user  60
2015-09-30T20:43:15.574Z - [34mdebug[39m: [MASTER] [NOTIFIER] BEGIN Removing message packet # 60-1705  for user # 60
2015-09-30T20:43:18.558Z - [34mdebug[39m: [MASTER] Try get messages for user  60  packet  60-1706
2015-09-30T20:43:18.558Z - [34mdebug[39m: [MASTER] [NOTIFIER] No  PROVIDER messages found for user  60  packet  60-1706
2015-09-30T20:43:18.558Z - [34mdebug[39m: [MASTER] [GET-UPDATES] Message [ [ packetId: '60-1706' ] ] will be sent to user  60
2015-09-30T20:43:18.633Z - [34mdebug[39m: [MASTER] [NOTIFIER] BEGIN Removing message packet # 60-1706  for user # 60
2015-09-30T20:43:21.559Z - [34mdebug[39m: [MASTER] Try get messages for user  60  packet  60-1707
2015-09-30T20:43:21.559Z - [34mdebug[39m: [MASTER] [NOTIFIER] No  PROVIDER messages found for user  60  packet  60-1707
2015-09-30T20:43:21.559Z - [34mdebug[39m: [MASTER] [GET-UPDATES] Message [ [ packetId: '60-1707' ] ] will be sent to user  60
2015-09-30T20:43:21.573Z - [34mdebug[39m: [MASTER] [NOTIFIER] BEGIN Removing message packet # 60-1707  for user # 60
2015-09-30T20:43:24.558Z - [34mdebug[39m: [MASTER] Try get messages for user  60  packet  60-1708
2015-09-30T20:43:24.558Z - [34mdebug[39m: [MASTER] [NOTIFIER] No  PROVIDER messages found for user  60  packet  60-1708
2015-09-30T20:43:24.558Z - [34mdebug[39m: [MASTER] [GET-UPDATES] Message [ [ packetId: '60-1708' ] ] will be sent to user  60
2015-09-30T20:43:24.573Z - [34mdebug[39m: [MASTER] [NOTIFIER] BEGIN Removing message packet # 60-1708  for user # 60
2015-09-30T20:43:27.559Z - [34mdebug[39m: [MASTER] Try get messages for user  60  packet  60-1709
2015-09-30T20:43:27.559Z - [34mdebug[39m: [MASTER] [NOTIFIER] No  PROVIDER messages found for user  60  packet  60-1709
2015-09-30T20:43:27.559Z - [34mdebug[39m: [MASTER] [GET-UPDATES] Message [ [ packetId: '60-1709' ] ] will be sent to user  60
2015-09-30T20:43:27.585Z - [34mdebug[39m: [MASTER] [NOTIFIER] BEGIN Removing message packet # 60-1709  for user # 60
2015-09-30T20:43:30.559Z - [34mdebug[39m: [MASTER] Try get messages for user  60  packet  60-1710
2015-09-30T20:43:30.559Z - [34mdebug[39m: [MASTER] [NOTIFIER] No  PROVIDER messages found for user  60  packet  60-1710
2015-09-30T20:43:30.559Z - [34mdebug[39m: [MASTER] [GET-UPDATES] Message [ [ packetId: '60-1710' ] ] will be sent to user  60
2015-09-30T20:43:30.574Z - [34mdebug[39m: [MASTER] [NOTIFIER] BEGIN Removing message packet # 60-1710  for user # 60
2015-09-30T20:43:33.559Z - [34mdebug[39m: [MASTER] Try get messages for user  60  packet  60-1711
2015-09-30T20:43:33.559Z - [34mdebug[39m: [MASTER] [NOTIFIER] No  PROVIDER messages found for user  60  packet  60-1711
2015-09-30T20:43:33.559Z - [34mdebug[39m: [MASTER] [GET-UPDATES] Message [ [ packetId: '60-1711' ] ] will be sent to user  60
2015-09-30T20:43:33.573Z - [34mdebug[39m: [MASTER] [NOTIFIER] BEGIN Removing message packet # 60-1711  for user # 60
2015-09-30T20:43:36.559Z - [34mdebug[39m: [MASTER] Try get messages for user  60  packet  60-1712
2015-09-30T20:43:36.559Z - [34mdebug[39m: [MASTER] [NOTIFIER] No  PROVIDER messages found for user  60  packet  60-1712
2015-09-30T20:43:36.559Z - [34mdebug[39m: [MASTER] [GET-UPDATES] Message [ [ packetId: '60-1712' ] ] will be sent to user  60
2015-09-30T20:43:36.573Z - [34mdebug[39m: [MASTER] [NOTIFIER] BEGIN Removing message packet # 60-1712  for user # 60
2015-09-30T20:43:39.558Z - [34mdebug[39m: [MASTER] Try get messages for user  60  packet  60-1713
2015-09-30T20:43:39.558Z - [34mdebug[39m: [MASTER] [NOTIFIER] No  PROVIDER messages found for user  60  packet  60-1713
2015-09-30T20:43:39.559Z - [34mdebug[39m: [MASTER] [GET-UPDATES] Message [ [ packetId: '60-1713' ] ] will be sent to user  60
2015-09-30T20:43:39.584Z - [34mdebug[39m: [MASTER] [NOTIFIER] BEGIN Removing message packet # 60-1713  for user # 60
2015-09-30T20:43:42.560Z - [34mdebug[39m: [MASTER] Try get messages for user  60  packet  60-1714
2015-09-30T20:43:42.560Z - [34mdebug[39m: [MASTER] [NOTIFIER] No  PROVIDER messages found for user  60  packet  60-1714
2015-09-30T20:43:42.560Z - [34mdebug[39m: [MASTER] [GET-UPDATES] Message [ [ packetId: '60-1714' ] ] will be sent to user  60
2015-09-30T20:43:42.613Z - [34mdebug[39m: [MASTER] [NOTIFIER] BEGIN Removing message packet # 60-1714  for user # 60
2015-09-30T20:43:45.559Z - [34mdebug[39m: [MASTER] Try get messages for user  60  packet  60-1715
2015-09-30T20:43:45.559Z - [34mdebug[39m: [MASTER] [NOTIFIER] No  PROVIDER messages found for user  60  packet  60-1715
2015-09-30T20:43:45.559Z - [34mdebug[39m: [MASTER] [GET-UPDATES] Message [ [ packetId: '60-1715' ] ] will be sent to user  60
2015-09-30T20:43:45.574Z - [34mdebug[39m: [MASTER] [NOTIFIER] BEGIN Removing message packet # 60-1715  for user # 60
2015-09-30T20:43:48.561Z - [34mdebug[39m: [MASTER] Try get messages for user  60  packet  60-1716
2015-09-30T20:43:48.561Z - [34mdebug[39m: [MASTER] [NOTIFIER] No  PROVIDER messages found for user  60  packet  60-1716
2015-09-30T20:43:48.561Z - [34mdebug[39m: [MASTER] [GET-UPDATES] Message [ [ packetId: '60-1716' ] ] will be sent to user  60
2015-09-30T20:43:48.575Z - [34mdebug[39m: [MASTER] [NOTIFIER] BEGIN Removing message packet # 60-1716  for user # 60
2015-09-30T20:43:51.558Z - [34mdebug[39m: [MASTER] Try get messages for user  60  packet  60-1717
2015-09-30T20:43:51.558Z - [34mdebug[39m: [MASTER] [NOTIFIER] No  PROVIDER messages found for user  60  packet  60-1717
2015-09-30T20:43:51.559Z - [34mdebug[39m: [MASTER] [GET-UPDATES] Message [ [ packetId: '60-1717' ] ] will be sent to user  60
2015-09-30T20:43:51.607Z - [34mdebug[39m: [MASTER] [NOTIFIER] BEGIN Removing message packet # 60-1717  for user # 60
2015-09-30T20:43:54.561Z - [34mdebug[39m: [MASTER] Try get messages for user  60  packet  60-1718
2015-09-30T20:43:54.561Z - [34mdebug[39m: [MASTER] [NOTIFIER] No  PROVIDER messages found for user  60  packet  60-1718
2015-09-30T20:43:54.562Z - [34mdebug[39m: [MASTER] [GET-UPDATES] Message [ [ packetId: '60-1718' ] ] will be sent to user  60
2015-09-30T20:43:54.575Z - [34mdebug[39m: [MASTER] [NOTIFIER] BEGIN Removing message packet # 60-1718  for user # 60
2015-09-30T20:43:57.559Z - [34mdebug[39m: [MASTER] Try get messages for user  60  packet  60-1719
2015-09-30T20:43:57.559Z - [34mdebug[39m: [MASTER] [NOTIFIER] No  PROVIDER messages found for user  60  packet  60-1719
2015-09-30T20:43:57.559Z - [34mdebug[39m: [MASTER] [GET-UPDATES] Message [ [ packetId: '60-1719' ] ] will be sent to user  60
2015-09-30T20:43:57.573Z - [34mdebug[39m: [MASTER] [NOTIFIER] BEGIN Removing message packet # 60-1719  for user # 60
2015-09-30T20:44:00.558Z - [34mdebug[39m: [MASTER] Try get messages for user  60  packet  60-1720
2015-09-30T20:44:00.559Z - [34mdebug[39m: [MASTER] [NOTIFIER] No  PROVIDER messages found for user  60  packet  60-1720
2015-09-30T20:44:00.559Z - [34mdebug[39m: [MASTER] [GET-UPDATES] Message [ [ packetId: '60-1720' ] ] will be sent to user  60
2015-09-30T20:44:00.573Z - [34mdebug[39m: [MASTER] [NOTIFIER] BEGIN Removing message packet # 60-1720  for user # 60
2015-09-30T20:44:03.559Z - [34mdebug[39m: [MASTER] Try get messages for user  60  packet  60-1721
2015-09-30T20:44:03.559Z - [34mdebug[39m: [MASTER] [NOTIFIER] No  PROVIDER messages found for user  60  packet  60-1721
2015-09-30T20:44:03.560Z - [34mdebug[39m: [MASTER] [GET-UPDATES] Message [ [ packetId: '60-1721' ] ] will be sent to user  60
2015-09-30T20:44:03.575Z - [34mdebug[39m: [MASTER] [NOTIFIER] BEGIN Removing message packet # 60-1721  for user # 60
2015-09-30T20:44:06.558Z - [34mdebug[39m: [MASTER] Try get messages for user  60  packet  60-1722
2015-09-30T20:44:06.558Z - [34mdebug[39m: [MASTER] [NOTIFIER] No  PROVIDER messages found for user  60  packet  60-1722
2015-09-30T20:44:06.559Z - [34mdebug[39m: [MASTER] [GET-UPDATES] Message [ [ packetId: '60-1722' ] ] will be sent to user  60
2015-09-30T20:44:06.584Z - [34mdebug[39m: [MASTER] [NOTIFIER] BEGIN Removing message packet # 60-1722  for user # 60
2015-09-30T20:44:09.560Z - [34mdebug[39m: [MASTER] Try get messages for user  60  packet  60-1723
2015-09-30T20:44:09.560Z - [34mdebug[39m: [MASTER] [NOTIFIER] No  PROVIDER messages found for user  60  packet  60-1723
2015-09-30T20:44:09.561Z - [34mdebug[39m: [MASTER] [GET-UPDATES] Message [ [ packetId: '60-1723' ] ] will be sent to user  60
2015-09-30T20:44:09.575Z - [34mdebug[39m: [MASTER] [NOTIFIER] BEGIN Removing message packet # 60-1723  for user # 60
2015-09-30T20:44:12.558Z - [34mdebug[39m: [MASTER] Try get messages for user  60  packet  60-1724
2015-09-30T20:44:12.558Z - [34mdebug[39m: [MASTER] [NOTIFIER] No  PROVIDER messages found for user  60  packet  60-1724
2015-09-30T20:44:12.559Z - [34mdebug[39m: [MASTER] [GET-UPDATES] Message [ [ packetId: '60-1724' ] ] will be sent to user  60
2015-09-30T20:44:12.574Z - [34mdebug[39m: [MASTER] [NOTIFIER] BEGIN Removing message packet # 60-1724  for user # 60
2015-09-30T20:44:15.561Z - [34mdebug[39m: [MASTER] Try get messages for user  60  packet  60-1725
2015-09-30T20:44:15.561Z - [34mdebug[39m: [MASTER] [NOTIFIER] No  PROVIDER messages found for user  60  packet  60-1725
2015-09-30T20:44:15.561Z - [34mdebug[39m: [MASTER] [GET-UPDATES] Message [ [ packetId: '60-1725' ] ] will be sent to user  60
2015-09-30T20:44:15.584Z - [34mdebug[39m: [MASTER] [NOTIFIER] BEGIN Removing message packet # 60-1725  for user # 60
2015-09-30T20:44:18.558Z - [34mdebug[39m: [MASTER] Try get messages for user  60  packet  60-1726
2015-09-30T20:44:18.558Z - [34mdebug[39m: [MASTER] [NOTIFIER] No  PROVIDER messages found for user  60  packet  60-1726
2015-09-30T20:44:18.559Z - [34mdebug[39m: [MASTER] [GET-UPDATES] Message [ [ packetId: '60-1726' ] ] will be sent to user  60
2015-09-30T20:44:18.572Z - [34mdebug[39m: [MASTER] [NOTIFIER] BEGIN Removing message packet # 60-1726  for user # 60
2015-09-30T20:44:21.561Z - [34mdebug[39m: [MASTER] Try get messages for user  60  packet  60-1727
2015-09-30T20:44:21.561Z - [34mdebug[39m: [MASTER] [NOTIFIER] No  PROVIDER messages found for user  60  packet  60-1727
2015-09-30T20:44:21.562Z - [34mdebug[39m: [MASTER] [GET-UPDATES] Message [ [ packetId: '60-1727' ] ] will be sent to user  60
2015-09-30T20:44:21.576Z - [34mdebug[39m: [MASTER] [NOTIFIER] BEGIN Removing message packet # 60-1727  for user # 60
2015-09-30T20:44:24.595Z - [34mdebug[39m: [MASTER] Try get messages for user  60  packet  60-1728
2015-09-30T20:44:24.595Z - [34mdebug[39m: [MASTER] [NOTIFIER] No  PROVIDER messages found for user  60  packet  60-1728
2015-09-30T20:44:24.595Z - [34mdebug[39m: [MASTER] [GET-UPDATES] Message [ [ packetId: '60-1728' ] ] will be sent to user  60
2015-09-30T20:44:24.610Z - [34mdebug[39m: [MASTER] [NOTIFIER] BEGIN Removing message packet # 60-1728  for user # 60
2015-09-30T20:44:27.561Z - [34mdebug[39m: [MASTER] Try get messages for user  60  packet  60-1729
2015-09-30T20:44:27.561Z - [34mdebug[39m: [MASTER] [NOTIFIER] No  PROVIDER messages found for user  60  packet  60-1729
2015-09-30T20:44:27.561Z - [34mdebug[39m: [MASTER] [GET-UPDATES] Message [ [ packetId: '60-1729' ] ] will be sent to user  60
2015-09-30T20:44:27.574Z - [34mdebug[39m: [MASTER] [NOTIFIER] BEGIN Removing message packet # 60-1729  for user # 60
2015-09-30T20:44:30.558Z - [34mdebug[39m: [MASTER] Try get messages for user  60  packet  60-1730
2015-09-30T20:44:30.559Z - [34mdebug[39m: [MASTER] [NOTIFIER] No  PROVIDER messages found for user  60  packet  60-1730
2015-09-30T20:44:30.559Z - [34mdebug[39m: [MASTER] [GET-UPDATES] Message [ [ packetId: '60-1730' ] ] will be sent to user  60
2015-09-30T20:44:30.583Z - [34mdebug[39m: [MASTER] [NOTIFIER] BEGIN Removing message packet # 60-1730  for user # 60
2015-09-30T20:44:33.557Z - [34mdebug[39m: [MASTER] Try get messages for user  60  packet  60-1731
2015-09-30T20:44:33.557Z - [34mdebug[39m: [MASTER] [NOTIFIER] No  PROVIDER messages found for user  60  packet  60-1731
2015-09-30T20:44:33.557Z - [34mdebug[39m: [MASTER] [GET-UPDATES] Message [ [ packetId: '60-1731' ] ] will be sent to user  60
2015-09-30T20:44:33.571Z - [34mdebug[39m: [MASTER] [NOTIFIER] BEGIN Removing message packet # 60-1731  for user # 60
2015-09-30T20:44:36.558Z - [34mdebug[39m: [MASTER] Try get messages for user  60  packet  60-1732
2015-09-30T20:44:36.558Z - [34mdebug[39m: [MASTER] [NOTIFIER] No  PROVIDER messages found for user  60  packet  60-1732
2015-09-30T20:44:36.558Z - [34mdebug[39m: [MASTER] [GET-UPDATES] Message [ [ packetId: '60-1732' ] ] will be sent to user  60
2015-09-30T20:44:36.573Z - [34mdebug[39m: [MASTER] [NOTIFIER] BEGIN Removing message packet # 60-1732  for user # 60
2015-09-30T20:44:39.558Z - [34mdebug[39m: [MASTER] Try get messages for user  60  packet  60-1733
2015-09-30T20:44:39.558Z - [34mdebug[39m: [MASTER] [NOTIFIER] No  PROVIDER messages found for user  60  packet  60-1733
2015-09-30T20:44:39.559Z - [34mdebug[39m: [MASTER] [GET-UPDATES] Message [ [ packetId: '60-1733' ] ] will be sent to user  60
2015-09-30T20:44:39.582Z - [34mdebug[39m: [MASTER] [NOTIFIER] BEGIN Removing message packet # 60-1733  for user # 60
2015-09-30T20:44:42.561Z - [34mdebug[39m: [MASTER] Try get messages for user  60  packet  60-1734
2015-09-30T20:44:42.561Z - [34mdebug[39m: [MASTER] [NOTIFIER] No  PROVIDER messages found for user  60  packet  60-1734
2015-09-30T20:44:42.561Z - [34mdebug[39m: [MASTER] [GET-UPDATES] Message [ [ packetId: '60-1734' ] ] will be sent to user  60
2015-09-30T20:44:42.578Z - [34mdebug[39m: [MASTER] [NOTIFIER] BEGIN Removing message packet # 60-1734  for user # 60
2015-09-30T20:44:45.558Z - [34mdebug[39m: [MASTER] Try get messages for user  60  packet  60-1735
2015-09-30T20:44:45.558Z - [34mdebug[39m: [MASTER] [NOTIFIER] No  PROVIDER messages found for user  60  packet  60-1735
2015-09-30T20:44:45.558Z - [34mdebug[39m: [MASTER] [GET-UPDATES] Message [ [ packetId: '60-1735' ] ] will be sent to user  60
2015-09-30T20:44:45.575Z - [34mdebug[39m: [MASTER] [NOTIFIER] BEGIN Removing message packet # 60-1735  for user # 60
2015-09-30T20:44:48.558Z - [34mdebug[39m: [MASTER] Try get messages for user  60  packet  60-1736
2015-09-30T20:44:48.558Z - [34mdebug[39m: [MASTER] [NOTIFIER] No  PROVIDER messages found for user  60  packet  60-1736
2015-09-30T20:44:48.559Z - [34mdebug[39m: [MASTER] [GET-UPDATES] Message [ [ packetId: '60-1736' ] ] will be sent to user  60
2015-09-30T20:44:48.575Z - [34mdebug[39m: [MASTER] [NOTIFIER] BEGIN Removing message packet # 60-1736  for user # 60
2015-09-30T20:44:51.558Z - [34mdebug[39m: [MASTER] Try get messages for user  60  packet  60-1737
2015-09-30T20:44:51.558Z - [34mdebug[39m: [MASTER] [NOTIFIER] No  PROVIDER messages found for user  60  packet  60-1737
2015-09-30T20:44:51.559Z - [34mdebug[39m: [MASTER] [GET-UPDATES] Message [ [ packetId: '60-1737' ] ] will be sent to user  60
2015-09-30T20:44:51.572Z - [34mdebug[39m: [MASTER] [NOTIFIER] BEGIN Removing message packet # 60-1737  for user # 60
2015-09-30T20:44:54.558Z - [34mdebug[39m: [MASTER] Try get messages for user  60  packet  60-1738
2015-09-30T20:44:54.558Z - [34mdebug[39m: [MASTER] [NOTIFIER] No  PROVIDER messages found for user  60  packet  60-1738
2015-09-30T20:44:54.558Z - [34mdebug[39m: [MASTER] [GET-UPDATES] Message [ [ packetId: '60-1738' ] ] will be sent to user  60
2015-09-30T20:44:54.610Z - [34mdebug[39m: [MASTER] [NOTIFIER] BEGIN Removing message packet # 60-1738  for user # 60
2015-09-30T20:44:57.558Z - [34mdebug[39m: [MASTER] Try get messages for user  60  packet  60-1739
2015-09-30T20:44:57.558Z - [34mdebug[39m: [MASTER] [NOTIFIER] No  PROVIDER messages found for user  60  packet  60-1739
2015-09-30T20:44:57.559Z - [34mdebug[39m: [MASTER] [GET-UPDATES] Message [ [ packetId: '60-1739' ] ] will be sent to user  60
2015-09-30T20:44:57.573Z - [34mdebug[39m: [MASTER] [NOTIFIER] BEGIN Removing message packet # 60-1739  for user # 60
2015-09-30T20:45:00.561Z - [34mdebug[39m: [MASTER] Try get messages for user  60  packet  60-1740
2015-09-30T20:45:00.561Z - [34mdebug[39m: [MASTER] [NOTIFIER] No  PROVIDER messages found for user  60  packet  60-1740
2015-09-30T20:45:00.561Z - [34mdebug[39m: [MASTER] [GET-UPDATES] Message [ [ packetId: '60-1740' ] ] will be sent to user  60
2015-09-30T20:45:00.575Z - [34mdebug[39m: [MASTER] [NOTIFIER] BEGIN Removing message packet # 60-1740  for user # 60
2015-09-30T20:45:03.558Z - [34mdebug[39m: [MASTER] Try get messages for user  60  packet  60-1741
2015-09-30T20:45:03.558Z - [34mdebug[39m: [MASTER] [NOTIFIER] No  PROVIDER messages found for user  60  packet  60-1741
2015-09-30T20:45:03.558Z - [34mdebug[39m: [MASTER] [GET-UPDATES] Message [ [ packetId: '60-1741' ] ] will be sent to user  60
2015-09-30T20:45:03.638Z - [34mdebug[39m: [MASTER] [NOTIFIER] BEGIN Removing message packet # 60-1741  for user # 60
2015-09-30T20:45:06.604Z - [34mdebug[39m: [MASTER] Try get messages for user  60  packet  60-1742
2015-09-30T20:45:06.604Z - [34mdebug[39m: [MASTER] [NOTIFIER] No  PROVIDER messages found for user  60  packet  60-1742
2015-09-30T20:45:06.604Z - [34mdebug[39m: [MASTER] [GET-UPDATES] Message [ [ packetId: '60-1742' ] ] will be sent to user  60
2015-09-30T20:45:06.728Z - [34mdebug[39m: [MASTER] [NOTIFIER] BEGIN Removing message packet # 60-1742  for user # 60
2015-09-30T20:45:09.558Z - [34mdebug[39m: [MASTER] Try get messages for user  60  packet  60-1743
2015-09-30T20:45:09.558Z - [34mdebug[39m: [MASTER] [NOTIFIER] No  PROVIDER messages found for user  60  packet  60-1743
2015-09-30T20:45:09.558Z - [34mdebug[39m: [MASTER] [GET-UPDATES] Message [ [ packetId: '60-1743' ] ] will be sent to user  60
2015-09-30T20:45:09.572Z - [34mdebug[39m: [MASTER] [NOTIFIER] BEGIN Removing message packet # 60-1743  for user # 60
2015-09-30T20:45:12.571Z - [34mdebug[39m: [MASTER] Try get messages for user  60  packet  60-1744
2015-09-30T20:45:12.571Z - [34mdebug[39m: [MASTER] [NOTIFIER] No  PROVIDER messages found for user  60  packet  60-1744
2015-09-30T20:45:12.571Z - [34mdebug[39m: [MASTER] [GET-UPDATES] Message [ [ packetId: '60-1744' ] ] will be sent to user  60
2015-09-30T20:45:12.586Z - [34mdebug[39m: [MASTER] [NOTIFIER] BEGIN Removing message packet # 60-1744  for user # 60
2015-09-30T20:45:15.634Z - [34mdebug[39m: [MASTER] Try get messages for user  60  packet  60-1745
2015-09-30T20:45:15.635Z - [34mdebug[39m: [MASTER] [NOTIFIER] No  PROVIDER messages found for user  60  packet  60-1745
2015-09-30T20:45:15.635Z - [34mdebug[39m: [MASTER] [GET-UPDATES] Message [ [ packetId: '60-1745' ] ] will be sent to user  60
2015-09-30T20:45:15.727Z - [34mdebug[39m: [MASTER] [NOTIFIER] BEGIN Removing message packet # 60-1745  for user # 60
2015-09-30T20:45:18.558Z - [34mdebug[39m: [MASTER] Try get messages for user  60  packet  60-1746
2015-09-30T20:45:18.558Z - [34mdebug[39m: [MASTER] [NOTIFIER] No  PROVIDER messages found for user  60  packet  60-1746
2015-09-30T20:45:18.558Z - [34mdebug[39m: [MASTER] [GET-UPDATES] Message [ [ packetId: '60-1746' ] ] will be sent to user  60
2015-09-30T20:45:18.810Z - [34mdebug[39m: [MASTER] [NOTIFIER] BEGIN Removing message packet # 60-1746  for user # 60
2015-09-30T20:45:21.560Z - [34mdebug[39m: [MASTER] Try get messages for user  60  packet  60-1747
2015-09-30T20:45:21.560Z - [34mdebug[39m: [MASTER] [NOTIFIER] No  PROVIDER messages found for user  60  packet  60-1747
2015-09-30T20:45:21.560Z - [34mdebug[39m: [MASTER] [GET-UPDATES] Message [ [ packetId: '60-1747' ] ] will be sent to user  60
2015-09-30T20:45:21.575Z - [34mdebug[39m: [MASTER] [NOTIFIER] BEGIN Removing message packet # 60-1747  for user # 60
2015-09-30T20:45:24.561Z - [34mdebug[39m: [MASTER] Try get messages for user  60  packet  60-1748
2015-09-30T20:45:24.562Z - [34mdebug[39m: [MASTER] [NOTIFIER] No  PROVIDER messages found for user  60  packet  60-1748
2015-09-30T20:45:24.562Z - [34mdebug[39m: [MASTER] [GET-UPDATES] Message [ [ packetId: '60-1748' ] ] will be sent to user  60
2015-09-30T20:45:24.576Z - [34mdebug[39m: [MASTER] [NOTIFIER] BEGIN Removing message packet # 60-1748  for user # 60
2015-09-30T20:45:27.558Z - [34mdebug[39m: [MASTER] Try get messages for user  60  packet  60-1749
2015-09-30T20:45:27.558Z - [34mdebug[39m: [MASTER] [NOTIFIER] No  PROVIDER messages found for user  60  packet  60-1749
2015-09-30T20:45:27.559Z - [34mdebug[39m: [MASTER] [GET-UPDATES] Message [ [ packetId: '60-1749' ] ] will be sent to user  60
2015-09-30T20:45:27.636Z - [34mdebug[39m: [MASTER] [NOTIFIER] BEGIN Removing message packet # 60-1749  for user # 60
2015-09-30T20:45:30.600Z - [34mdebug[39m: [MASTER] Try get messages for user  60  packet  60-1750
2015-09-30T20:45:30.601Z - [34mdebug[39m: [MASTER] [NOTIFIER] No  PROVIDER messages found for user  60  packet  60-1750
2015-09-30T20:45:30.602Z - [34mdebug[39m: [MASTER] [GET-UPDATES] Message [ [ packetId: '60-1750' ] ] will be sent to user  60
2015-09-30T20:45:30.631Z - [34mdebug[39m: [MASTER] [NOTIFIER] BEGIN Removing message packet # 60-1750  for user # 60
2015-09-30T20:45:33.558Z - [34mdebug[39m: [MASTER] Try get messages for user  60  packet  60-1751
2015-09-30T20:45:33.558Z - [34mdebug[39m: [MASTER] [NOTIFIER] No  PROVIDER messages found for user  60  packet  60-1751
2015-09-30T20:45:33.558Z - [34mdebug[39m: [MASTER] [GET-UPDATES] Message [ [ packetId: '60-1751' ] ] will be sent to user  60
2015-09-30T20:45:33.573Z - [34mdebug[39m: [MASTER] [NOTIFIER] BEGIN Removing message packet # 60-1751  for user # 60
2015-09-30T20:45:36.580Z - [34mdebug[39m: [MASTER] Try get messages for user  60  packet  60-1752
2015-09-30T20:45:36.580Z - [34mdebug[39m: [MASTER] [NOTIFIER] No  PROVIDER messages found for user  60  packet  60-1752
2015-09-30T20:45:36.580Z - [34mdebug[39m: [MASTER] [GET-UPDATES] Message [ [ packetId: '60-1752' ] ] will be sent to user  60
2015-09-30T20:45:36.596Z - [34mdebug[39m: [MASTER] [NOTIFIER] BEGIN Removing message packet # 60-1752  for user # 60
2015-09-30T20:45:39.557Z - [34mdebug[39m: [MASTER] Try get messages for user  60  packet  60-1753
2015-09-30T20:45:39.557Z - [34mdebug[39m: [MASTER] [NOTIFIER] No  PROVIDER messages found for user  60  packet  60-1753
2015-09-30T20:45:39.558Z - [34mdebug[39m: [MASTER] [GET-UPDATES] Message [ [ packetId: '60-1753' ] ] will be sent to user  60
2015-09-30T20:45:39.571Z - [34mdebug[39m: [MASTER] [NOTIFIER] BEGIN Removing message packet # 60-1753  for user # 60
2015-09-30T20:45:42.558Z - [34mdebug[39m: [MASTER] Try get messages for user  60  packet  60-1754
2015-09-30T20:45:42.558Z - [34mdebug[39m: [MASTER] [NOTIFIER] No  PROVIDER messages found for user  60  packet  60-1754
2015-09-30T20:45:42.558Z - [34mdebug[39m: [MASTER] [GET-UPDATES] Message [ [ packetId: '60-1754' ] ] will be sent to user  60
2015-09-30T20:45:42.617Z - [34mdebug[39m: [MASTER] [NOTIFIER] BEGIN Removing message packet # 60-1754  for user # 60
2015-09-30T20:45:45.576Z - [34mdebug[39m: [MASTER] Try get messages for user  60  packet  60-1755
2015-09-30T20:45:45.576Z - [34mdebug[39m: [MASTER] [NOTIFIER] No  PROVIDER messages found for user  60  packet  60-1755
2015-09-30T20:45:45.576Z - [34mdebug[39m: [MASTER] [GET-UPDATES] Message [ [ packetId: '60-1755' ] ] will be sent to user  60
2015-09-30T20:45:45.590Z - [34mdebug[39m: [MASTER] [NOTIFIER] BEGIN Removing message packet # 60-1755  for user # 60
2015-09-30T20:45:48.558Z - [34mdebug[39m: [MASTER] Try get messages for user  60  packet  60-1756
2015-09-30T20:45:48.558Z - [34mdebug[39m: [MASTER] [NOTIFIER] No  PROVIDER messages found for user  60  packet  60-1756
2015-09-30T20:45:48.558Z - [34mdebug[39m: [MASTER] [GET-UPDATES] Message [ [ packetId: '60-1756' ] ] will be sent to user  60
2015-09-30T20:45:48.573Z - [34mdebug[39m: [MASTER] [NOTIFIER] BEGIN Removing message packet # 60-1756  for user # 60
2015-09-30T20:45:51.558Z - [34mdebug[39m: [MASTER] Try get messages for user  60  packet  60-1757
2015-09-30T20:45:51.558Z - [34mdebug[39m: [MASTER] [NOTIFIER] No  PROVIDER messages found for user  60  packet  60-1757
2015-09-30T20:45:51.558Z - [34mdebug[39m: [MASTER] [GET-UPDATES] Message [ [ packetId: '60-1757' ] ] will be sent to user  60
2015-09-30T20:45:51.627Z - [34mdebug[39m: [MASTER] [NOTIFIER] BEGIN Removing message packet # 60-1757  for user # 60
2015-09-30T20:45:54.558Z - [34mdebug[39m: [MASTER] Try get messages for user  60  packet  60-1758
2015-09-30T20:45:54.558Z - [34mdebug[39m: [MASTER] [NOTIFIER] No  PROVIDER messages found for user  60  packet  60-1758
2015-09-30T20:45:54.558Z - [34mdebug[39m: [MASTER] [GET-UPDATES] Message [ [ packetId: '60-1758' ] ] will be sent to user  60
2015-09-30T20:45:54.574Z - [34mdebug[39m: [MASTER] [NOTIFIER] BEGIN Removing message packet # 60-1758  for user # 60
2015-09-30T20:45:57.558Z - [34mdebug[39m: [MASTER] Try get messages for user  60  packet  60-1759
2015-09-30T20:45:57.558Z - [34mdebug[39m: [MASTER] [NOTIFIER] No  PROVIDER messages found for user  60  packet  60-1759
2015-09-30T20:45:57.558Z - [34mdebug[39m: [MASTER] [GET-UPDATES] Message [ [ packetId: '60-1759' ] ] will be sent to user  60
2015-09-30T20:45:57.573Z - [34mdebug[39m: [MASTER] [NOTIFIER] BEGIN Removing message packet # 60-1759  for user # 60
2015-09-30T20:46:00.558Z - [34mdebug[39m: [MASTER] Try get messages for user  60  packet  60-1760
2015-09-30T20:46:00.558Z - [34mdebug[39m: [MASTER] [NOTIFIER] No  PROVIDER messages found for user  60  packet  60-1760
2015-09-30T20:46:00.559Z - [34mdebug[39m: [MASTER] [GET-UPDATES] Message [ [ packetId: '60-1760' ] ] will be sent to user  60
2015-09-30T20:46:00.572Z - [34mdebug[39m: [MASTER] [NOTIFIER] BEGIN Removing message packet # 60-1760  for user # 60
2015-09-30T20:46:03.558Z - [34mdebug[39m: [MASTER] Try get messages for user  60  packet  60-1761
2015-09-30T20:46:03.559Z - [34mdebug[39m: [MASTER] [NOTIFIER] No  PROVIDER messages found for user  60  packet  60-1761
2015-09-30T20:46:03.559Z - [34mdebug[39m: [MASTER] [GET-UPDATES] Message [ [ packetId: '60-1761' ] ] will be sent to user  60
2015-09-30T20:46:03.572Z - [34mdebug[39m: [MASTER] [NOTIFIER] BEGIN Removing message packet # 60-1761  for user # 60
2015-09-30T20:46:06.558Z - [34mdebug[39m: [MASTER] Try get messages for user  60  packet  60-1762
2015-09-30T20:46:06.559Z - [34mdebug[39m: [MASTER] [NOTIFIER] No  PROVIDER messages found for user  60  packet  60-1762
2015-09-30T20:46:06.559Z - [34mdebug[39m: [MASTER] [GET-UPDATES] Message [ [ packetId: '60-1762' ] ] will be sent to user  60
2015-09-30T20:46:06.587Z - [34mdebug[39m: [MASTER] [NOTIFIER] BEGIN Removing message packet # 60-1762  for user # 60
2015-09-30T20:46:09.560Z - [34mdebug[39m: [MASTER] Try get messages for user  60  packet  60-1763
2015-09-30T20:46:09.560Z - [34mdebug[39m: [MASTER] [NOTIFIER] No  PROVIDER messages found for user  60  packet  60-1763
2015-09-30T20:46:09.561Z - [34mdebug[39m: [MASTER] [GET-UPDATES] Message [ [ packetId: '60-1763' ] ] will be sent to user  60
2015-09-30T20:46:09.574Z - [34mdebug[39m: [MASTER] [NOTIFIER] BEGIN Removing message packet # 60-1763  for user # 60
2015-09-30T20:46:12.559Z - [34mdebug[39m: [MASTER] Try get messages for user  60  packet  60-1764
2015-09-30T20:46:12.559Z - [34mdebug[39m: [MASTER] [NOTIFIER] No  PROVIDER messages found for user  60  packet  60-1764
2015-09-30T20:46:12.559Z - [34mdebug[39m: [MASTER] [GET-UPDATES] Message [ [ packetId: '60-1764' ] ] will be sent to user  60
2015-09-30T20:46:12.573Z - [34mdebug[39m: [MASTER] [NOTIFIER] BEGIN Removing message packet # 60-1764  for user # 60
2015-09-30T20:46:15.558Z - [34mdebug[39m: [MASTER] Try get messages for user  60  packet  60-1765
2015-09-30T20:46:15.558Z - [34mdebug[39m: [MASTER] [NOTIFIER] No  PROVIDER messages found for user  60  packet  60-1765
2015-09-30T20:46:15.558Z - [34mdebug[39m: [MASTER] [GET-UPDATES] Message [ [ packetId: '60-1765' ] ] will be sent to user  60
2015-09-30T20:46:15.610Z - [34mdebug[39m: [MASTER] [NOTIFIER] BEGIN Removing message packet # 60-1765  for user # 60
2015-09-30T20:46:18.558Z - [34mdebug[39m: [MASTER] Try get messages for user  60  packet  60-1766
2015-09-30T20:46:18.559Z - [34mdebug[39m: [MASTER] [NOTIFIER] No  PROVIDER messages found for user  60  packet  60-1766
2015-09-30T20:46:18.559Z - [34mdebug[39m: [MASTER] [GET-UPDATES] Message [ [ packetId: '60-1766' ] ] will be sent to user  60
2015-09-30T20:46:18.572Z - [34mdebug[39m: [MASTER] [NOTIFIER] BEGIN Removing message packet # 60-1766  for user # 60
2015-09-30T20:46:21.559Z - [34mdebug[39m: [MASTER] Try get messages for user  60  packet  60-1767
2015-09-30T20:46:21.559Z - [34mdebug[39m: [MASTER] [NOTIFIER] No  PROVIDER messages found for user  60  packet  60-1767
2015-09-30T20:46:21.559Z - [34mdebug[39m: [MASTER] [GET-UPDATES] Message [ [ packetId: '60-1767' ] ] will be sent to user  60
2015-09-30T20:46:21.573Z - [34mdebug[39m: [MASTER] [NOTIFIER] BEGIN Removing message packet # 60-1767  for user # 60
2015-09-30T20:46:24.558Z - [34mdebug[39m: [MASTER] Try get messages for user  60  packet  60-1768
2015-09-30T20:46:24.558Z - [34mdebug[39m: [MASTER] [NOTIFIER] No  PROVIDER messages found for user  60  packet  60-1768
2015-09-30T20:46:24.559Z - [34mdebug[39m: [MASTER] [GET-UPDATES] Message [ [ packetId: '60-1768' ] ] will be sent to user  60
2015-09-30T20:46:24.572Z - [34mdebug[39m: [MASTER] [NOTIFIER] BEGIN Removing message packet # 60-1768  for user # 60
2015-09-30T20:46:27.558Z - [34mdebug[39m: [MASTER] Try get messages for user  60  packet  60-1769
2015-09-30T20:46:27.558Z - [34mdebug[39m: [MASTER] [NOTIFIER] No  PROVIDER messages found for user  60  packet  60-1769
2015-09-30T20:46:27.559Z - [34mdebug[39m: [MASTER] [GET-UPDATES] Message [ [ packetId: '60-1769' ] ] will be sent to user  60
2015-09-30T20:46:27.572Z - [34mdebug[39m: [MASTER] [NOTIFIER] BEGIN Removing message packet # 60-1769  for user # 60
2015-09-30T20:46:30.558Z - [34mdebug[39m: [MASTER] Try get messages for user  60  packet  60-1770
2015-09-30T20:46:30.559Z - [34mdebug[39m: [MASTER] [NOTIFIER] No  PROVIDER messages found for user  60  packet  60-1770
2015-09-30T20:46:30.559Z - [34mdebug[39m: [MASTER] [GET-UPDATES] Message [ [ packetId: '60-1770' ] ] will be sent to user  60
2015-09-30T20:46:30.588Z - [34mdebug[39m: [MASTER] [NOTIFIER] BEGIN Removing message packet # 60-1770  for user # 60
2015-09-30T20:46:33.559Z - [34mdebug[39m: [MASTER] Try get messages for user  60  packet  60-1771
2015-09-30T20:46:33.559Z - [34mdebug[39m: [MASTER] [NOTIFIER] No  PROVIDER messages found for user  60  packet  60-1771
2015-09-30T20:46:33.559Z - [34mdebug[39m: [MASTER] [GET-UPDATES] Message [ [ packetId: '60-1771' ] ] will be sent to user  60
2015-09-30T20:46:33.573Z - [34mdebug[39m: [MASTER] [NOTIFIER] BEGIN Removing message packet # 60-1771  for user # 60
2015-09-30T20:46:36.558Z - [34mdebug[39m: [MASTER] Try get messages for user  60  packet  60-1772
2015-09-30T20:46:36.559Z - [34mdebug[39m: [MASTER] [NOTIFIER] No  PROVIDER messages found for user  60  packet  60-1772
2015-09-30T20:46:36.559Z - [34mdebug[39m: [MASTER] [GET-UPDATES] Message [ [ packetId: '60-1772' ] ] will be sent to user  60
2015-09-30T20:46:36.572Z - [34mdebug[39m: [MASTER] [NOTIFIER] BEGIN Removing message packet # 60-1772  for user # 60
2015-09-30T20:46:39.558Z - [34mdebug[39m: [MASTER] Try get messages for user  60  packet  60-1773
2015-09-30T20:46:39.558Z - [34mdebug[39m: [MASTER] [NOTIFIER] No  PROVIDER messages found for user  60  packet  60-1773
2015-09-30T20:46:39.559Z - [34mdebug[39m: [MASTER] [GET-UPDATES] Message [ [ packetId: '60-1773' ] ] will be sent to user  60
2015-09-30T20:46:39.610Z - [34mdebug[39m: [MASTER] [NOTIFIER] BEGIN Removing message packet # 60-1773  for user # 60
2015-09-30T20:46:42.559Z - [34mdebug[39m: [MASTER] Try get messages for user  60  packet  60-1774
2015-09-30T20:46:42.559Z - [34mdebug[39m: [MASTER] [NOTIFIER] No  PROVIDER messages found for user  60  packet  60-1774
2015-09-30T20:46:42.559Z - [34mdebug[39m: [MASTER] [GET-UPDATES] Message [ [ packetId: '60-1774' ] ] will be sent to user  60
2015-09-30T20:46:42.573Z - [34mdebug[39m: [MASTER] [NOTIFIER] BEGIN Removing message packet # 60-1774  for user # 60
2015-09-30T20:46:45.564Z - [34mdebug[39m: [MASTER] Try get messages for user  60  packet  60-1775
2015-09-30T20:46:45.564Z - [34mdebug[39m: [MASTER] [NOTIFIER] No  PROVIDER messages found for user  60  packet  60-1775
2015-09-30T20:46:45.564Z - [34mdebug[39m: [MASTER] [GET-UPDATES] Message [ [ packetId: '60-1775' ] ] will be sent to user  60
2015-09-30T20:46:45.578Z - [34mdebug[39m: [MASTER] [NOTIFIER] BEGIN Removing message packet # 60-1775  for user # 60
2015-09-30T20:46:48.568Z - [34mdebug[39m: [MASTER] Try get messages for user  60  packet  60-1776
2015-09-30T20:46:48.569Z - [34mdebug[39m: [MASTER] [NOTIFIER] No  PROVIDER messages found for user  60  packet  60-1776
2015-09-30T20:46:48.569Z - [34mdebug[39m: [MASTER] [GET-UPDATES] Message [ [ packetId: '60-1776' ] ] will be sent to user  60
2015-09-30T20:46:48.582Z - [34mdebug[39m: [MASTER] [NOTIFIER] BEGIN Removing message packet # 60-1776  for user # 60
2015-09-30T20:46:51.559Z - [34mdebug[39m: [MASTER] Try get messages for user  60  packet  60-1777
2015-09-30T20:46:51.559Z - [34mdebug[39m: [MASTER] [NOTIFIER] No  PROVIDER messages found for user  60  packet  60-1777
2015-09-30T20:46:51.559Z - [34mdebug[39m: [MASTER] [GET-UPDATES] Message [ [ packetId: '60-1777' ] ] will be sent to user  60
2015-09-30T20:46:51.572Z - [34mdebug[39m: [MASTER] [NOTIFIER] BEGIN Removing message packet # 60-1777  for user # 60
2015-09-30T20:46:54.557Z - [34mdebug[39m: [MASTER] Try get messages for user  60  packet  60-1778
2015-09-30T20:46:54.558Z - [34mdebug[39m: [MASTER] [NOTIFIER] No  PROVIDER messages found for user  60  packet  60-1778
2015-09-30T20:46:54.558Z - [34mdebug[39m: [MASTER] [GET-UPDATES] Message [ [ packetId: '60-1778' ] ] will be sent to user  60
2015-09-30T20:46:54.607Z - [34mdebug[39m: [MASTER] [NOTIFIER] BEGIN Removing message packet # 60-1778  for user # 60
2015-09-30T20:46:57.558Z - [34mdebug[39m: [MASTER] Try get messages for user  60  packet  60-1779
2015-09-30T20:46:57.558Z - [34mdebug[39m: [MASTER] [NOTIFIER] No  PROVIDER messages found for user  60  packet  60-1779
2015-09-30T20:46:57.558Z - [34mdebug[39m: [MASTER] [GET-UPDATES] Message [ [ packetId: '60-1779' ] ] will be sent to user  60
2015-09-30T20:46:57.573Z - [34mdebug[39m: [MASTER] [NOTIFIER] BEGIN Removing message packet # 60-1779  for user # 60
2015-09-30T20:47:00.557Z - [34mdebug[39m: [MASTER] Try get messages for user  60  packet  60-1780
2015-09-30T20:47:00.557Z - [34mdebug[39m: [MASTER] [NOTIFIER] No  PROVIDER messages found for user  60  packet  60-1780
2015-09-30T20:47:00.558Z - [34mdebug[39m: [MASTER] [GET-UPDATES] Message [ [ packetId: '60-1780' ] ] will be sent to user  60
2015-09-30T20:47:00.573Z - [34mdebug[39m: [MASTER] [NOTIFIER] BEGIN Removing message packet # 60-1780  for user # 60
2015-09-30T20:47:03.558Z - [34mdebug[39m: [MASTER] Try get messages for user  60  packet  60-1781
2015-09-30T20:47:03.558Z - [34mdebug[39m: [MASTER] [NOTIFIER] No  PROVIDER messages found for user  60  packet  60-1781
2015-09-30T20:47:03.558Z - [34mdebug[39m: [MASTER] [GET-UPDATES] Message [ [ packetId: '60-1781' ] ] will be sent to user  60
2015-09-30T20:47:03.609Z - [34mdebug[39m: [MASTER] [NOTIFIER] BEGIN Removing message packet # 60-1781  for user # 60
2015-09-30T20:47:06.558Z - [34mdebug[39m: [MASTER] Try get messages for user  60  packet  60-1782
2015-09-30T20:47:06.558Z - [34mdebug[39m: [MASTER] [NOTIFIER] No  PROVIDER messages found for user  60  packet  60-1782
2015-09-30T20:47:06.558Z - [34mdebug[39m: [MASTER] [GET-UPDATES] Message [ [ packetId: '60-1782' ] ] will be sent to user  60
2015-09-30T20:47:06.571Z - [34mdebug[39m: [MASTER] [NOTIFIER] BEGIN Removing message packet # 60-1782  for user # 60
2015-09-30T20:47:09.558Z - [34mdebug[39m: [MASTER] Try get messages for user  60  packet  60-1783
2015-09-30T20:47:09.558Z - [34mdebug[39m: [MASTER] [NOTIFIER] No  PROVIDER messages found for user  60  packet  60-1783
2015-09-30T20:47:09.558Z - [34mdebug[39m: [MASTER] [GET-UPDATES] Message [ [ packetId: '60-1783' ] ] will be sent to user  60
2015-09-30T20:47:09.572Z - [34mdebug[39m: [MASTER] [NOTIFIER] BEGIN Removing message packet # 60-1783  for user # 60
2015-09-30T20:47:12.558Z - [34mdebug[39m: [MASTER] Try get messages for user  60  packet  60-1784
2015-09-30T20:47:12.558Z - [34mdebug[39m: [MASTER] [NOTIFIER] No  PROVIDER messages found for user  60  packet  60-1784
2015-09-30T20:47:12.558Z - [34mdebug[39m: [MASTER] [GET-UPDATES] Message [ [ packetId: '60-1784' ] ] will be sent to user  60
2015-09-30T20:47:12.571Z - [34mdebug[39m: [MASTER] [NOTIFIER] BEGIN Removing message packet # 60-1784  for user # 60
2015-09-30T20:47:15.558Z - [34mdebug[39m: [MASTER] Try get messages for user  60  packet  60-1785
2015-09-30T20:47:15.558Z - [34mdebug[39m: [MASTER] [NOTIFIER] No  PROVIDER messages found for user  60  packet  60-1785
2015-09-30T20:47:15.558Z - [34mdebug[39m: [MASTER] [GET-UPDATES] Message [ [ packetId: '60-1785' ] ] will be sent to user  60
2015-09-30T20:47:15.572Z - [34mdebug[39m: [MASTER] [NOTIFIER] BEGIN Removing message packet # 60-1785  for user # 60
2015-09-30T20:47:18.558Z - [34mdebug[39m: [MASTER] Try get messages for user  60  packet  60-1786
2015-09-30T20:47:18.558Z - [34mdebug[39m: [MASTER] [NOTIFIER] No  PROVIDER messages found for user  60  packet  60-1786
2015-09-30T20:47:18.559Z - [34mdebug[39m: [MASTER] [GET-UPDATES] Message [ [ packetId: '60-1786' ] ] will be sent to user  60
2015-09-30T20:47:18.602Z - [34mdebug[39m: [MASTER] [NOTIFIER] BEGIN Removing message packet # 60-1786  for user # 60
2015-09-30T20:47:21.559Z - [34mdebug[39m: [MASTER] Try get messages for user  60  packet  60-1787
2015-09-30T20:47:21.559Z - [34mdebug[39m: [MASTER] [NOTIFIER] No  PROVIDER messages found for user  60  packet  60-1787
2015-09-30T20:47:21.559Z - [34mdebug[39m: [MASTER] [GET-UPDATES] Message [ [ packetId: '60-1787' ] ] will be sent to user  60
2015-09-30T20:47:21.573Z - [34mdebug[39m: [MASTER] [NOTIFIER] BEGIN Removing message packet # 60-1787  for user # 60
2015-09-30T20:47:24.559Z - [34mdebug[39m: [MASTER] Try get messages for user  60  packet  60-1788
2015-09-30T20:47:24.559Z - [34mdebug[39m: [MASTER] [NOTIFIER] No  PROVIDER messages found for user  60  packet  60-1788
2015-09-30T20:47:24.559Z - [34mdebug[39m: [MASTER] [GET-UPDATES] Message [ [ packetId: '60-1788' ] ] will be sent to user  60
2015-09-30T20:47:24.573Z - [34mdebug[39m: [MASTER] [NOTIFIER] BEGIN Removing message packet # 60-1788  for user # 60
2015-09-30T20:47:27.559Z - [34mdebug[39m: [MASTER] Try get messages for user  60  packet  60-1789
2015-09-30T20:47:27.559Z - [34mdebug[39m: [MASTER] [NOTIFIER] No  PROVIDER messages found for user  60  packet  60-1789
2015-09-30T20:47:27.559Z - [34mdebug[39m: [MASTER] [GET-UPDATES] Message [ [ packetId: '60-1789' ] ] will be sent to user  60
2015-09-30T20:47:27.572Z - [34mdebug[39m: [MASTER] [NOTIFIER] BEGIN Removing message packet # 60-1789  for user # 60
2015-09-30T20:47:30.558Z - [34mdebug[39m: [MASTER] Try get messages for user  60  packet  60-1790
2015-09-30T20:47:30.558Z - [34mdebug[39m: [MASTER] [NOTIFIER] No  PROVIDER messages found for user  60  packet  60-1790
2015-09-30T20:47:30.559Z - [34mdebug[39m: [MASTER] [GET-UPDATES] Message [ [ packetId: '60-1790' ] ] will be sent to user  60
2015-09-30T20:47:30.573Z - [34mdebug[39m: [MASTER] [NOTIFIER] BEGIN Removing message packet # 60-1790  for user # 60
2015-09-30T20:47:33.559Z - [34mdebug[39m: [MASTER] Try get messages for user  60  packet  60-1791
2015-09-30T20:47:33.559Z - [34mdebug[39m: [MASTER] [NOTIFIER] No  PROVIDER messages found for user  60  packet  60-1791
2015-09-30T20:47:33.559Z - [34mdebug[39m: [MASTER] [GET-UPDATES] Message [ [ packetId: '60-1791' ] ] will be sent to user  60
2015-09-30T20:47:33.573Z - [34mdebug[39m: [MASTER] [NOTIFIER] BEGIN Removing message packet # 60-1791  for user # 60
2015-09-30T20:47:36.558Z - [34mdebug[39m: [MASTER] Try get messages for user  60  packet  60-1792
2015-09-30T20:47:36.558Z - [34mdebug[39m: [MASTER] [NOTIFIER] No  PROVIDER messages found for user  60  packet  60-1792
2015-09-30T20:47:36.559Z - [34mdebug[39m: [MASTER] [GET-UPDATES] Message [ [ packetId: '60-1792' ] ] will be sent to user  60
2015-09-30T20:47:36.572Z - [34mdebug[39m: [MASTER] [NOTIFIER] BEGIN Removing message packet # 60-1792  for user # 60
2015-09-30T20:47:39.559Z - [34mdebug[39m: [MASTER] Try get messages for user  60  packet  60-1793
2015-09-30T20:47:39.559Z - [34mdebug[39m: [MASTER] [NOTIFIER] No  PROVIDER messages found for user  60  packet  60-1793
2015-09-30T20:47:39.559Z - [34mdebug[39m: [MASTER] [GET-UPDATES] Message [ [ packetId: '60-1793' ] ] will be sent to user  60
2015-09-30T20:47:39.572Z - [34mdebug[39m: [MASTER] [NOTIFIER] BEGIN Removing message packet # 60-1793  for user # 60
2015-09-30T20:47:42.558Z - [34mdebug[39m: [MASTER] Try get messages for user  60  packet  60-1794
2015-09-30T20:47:42.558Z - [34mdebug[39m: [MASTER] [NOTIFIER] No  PROVIDER messages found for user  60  packet  60-1794
2015-09-30T20:47:42.559Z - [34mdebug[39m: [MASTER] [GET-UPDATES] Message [ [ packetId: '60-1794' ] ] will be sent to user  60
2015-09-30T20:47:42.617Z - [34mdebug[39m: [MASTER] [NOTIFIER] BEGIN Removing message packet # 60-1794  for user # 60
2015-09-30T20:47:45.558Z - [34mdebug[39m: [MASTER] Try get messages for user  60  packet  60-1795
2015-09-30T20:47:45.558Z - [34mdebug[39m: [MASTER] [NOTIFIER] No  PROVIDER messages found for user  60  packet  60-1795
2015-09-30T20:47:45.558Z - [34mdebug[39m: [MASTER] [GET-UPDATES] Message [ [ packetId: '60-1795' ] ] will be sent to user  60
2015-09-30T20:47:45.578Z - [34mdebug[39m: [MASTER] [NOTIFIER] BEGIN Removing message packet # 60-1795  for user # 60
2015-09-30T20:47:48.558Z - [34mdebug[39m: [MASTER] Try get messages for user  60  packet  60-1796
2015-09-30T20:47:48.558Z - [34mdebug[39m: [MASTER] [NOTIFIER] No  PROVIDER messages found for user  60  packet  60-1796
2015-09-30T20:47:48.558Z - [34mdebug[39m: [MASTER] [GET-UPDATES] Message [ [ packetId: '60-1796' ] ] will be sent to user  60
2015-09-30T20:47:48.573Z - [34mdebug[39m: [MASTER] [NOTIFIER] BEGIN Removing message packet # 60-1796  for user # 60
2015-09-30T20:47:51.558Z - [34mdebug[39m: [MASTER] Try get messages for user  60  packet  60-1797
2015-09-30T20:47:51.558Z - [34mdebug[39m: [MASTER] [NOTIFIER] No  PROVIDER messages found for user  60  packet  60-1797
2015-09-30T20:47:51.558Z - [34mdebug[39m: [MASTER] [GET-UPDATES] Message [ [ packetId: '60-1797' ] ] will be sent to user  60
2015-09-30T20:47:51.624Z - [34mdebug[39m: [MASTER] [NOTIFIER] BEGIN Removing message packet # 60-1797  for user # 60
2015-09-30T20:47:54.560Z - [34mdebug[39m: [MASTER] Try get messages for user  60  packet  60-1798
2015-09-30T20:47:54.560Z - [34mdebug[39m: [MASTER] [NOTIFIER] No  PROVIDER messages found for user  60  packet  60-1798
2015-09-30T20:47:54.560Z - [34mdebug[39m: [MASTER] [GET-UPDATES] Message [ [ packetId: '60-1798' ] ] will be sent to user  60
2015-09-30T20:47:54.573Z - [34mdebug[39m: [MASTER] [NOTIFIER] BEGIN Removing message packet # 60-1798  for user # 60
2015-09-30T20:47:57.558Z - [34mdebug[39m: [MASTER] Try get messages for user  60  packet  60-1799
2015-09-30T20:47:57.558Z - [34mdebug[39m: [MASTER] [NOTIFIER] No  PROVIDER messages found for user  60  packet  60-1799
2015-09-30T20:47:57.558Z - [34mdebug[39m: [MASTER] [GET-UPDATES] Message [ [ packetId: '60-1799' ] ] will be sent to user  60
2015-09-30T20:47:57.572Z - [34mdebug[39m: [MASTER] [NOTIFIER] BEGIN Removing message packet # 60-1799  for user # 60
2015-09-30T20:48:00.567Z - [34mdebug[39m: [MASTER] Try get messages for user  60  packet  60-1800
2015-09-30T20:48:00.567Z - [34mdebug[39m: [MASTER] [NOTIFIER] No  PROVIDER messages found for user  60  packet  60-1800
2015-09-30T20:48:00.568Z - [34mdebug[39m: [MASTER] [GET-UPDATES] Message [ [ packetId: '60-1800' ] ] will be sent to user  60
2015-09-30T20:48:00.584Z - [34mdebug[39m: [MASTER] [NOTIFIER] BEGIN Removing message packet # 60-1800  for user # 60
2015-09-30T20:48:03.642Z - [34mdebug[39m: [MASTER] Try get messages for user  60  packet  60-1801
2015-09-30T20:48:03.642Z - [34mdebug[39m: [MASTER] [NOTIFIER] No  PROVIDER messages found for user  60  packet  60-1801
2015-09-30T20:48:03.642Z - [34mdebug[39m: [MASTER] [GET-UPDATES] Message [ [ packetId: '60-1801' ] ] will be sent to user  60
2015-09-30T20:48:03.656Z - [34mdebug[39m: [MASTER] [NOTIFIER] BEGIN Removing message packet # 60-1801  for user # 60
2015-09-30T20:48:06.558Z - [34mdebug[39m: [MASTER] Try get messages for user  60  packet  60-1802
2015-09-30T20:48:06.558Z - [34mdebug[39m: [MASTER] [NOTIFIER] No  PROVIDER messages found for user  60  packet  60-1802
2015-09-30T20:48:06.558Z - [34mdebug[39m: [MASTER] [GET-UPDATES] Message [ [ packetId: '60-1802' ] ] will be sent to user  60
2015-09-30T20:48:06.651Z - [34mdebug[39m: [MASTER] [NOTIFIER] BEGIN Removing message packet # 60-1802  for user # 60
2015-09-30T20:48:09.573Z - [34mdebug[39m: [MASTER] Try get messages for user  60  packet  60-1803
2015-09-30T20:48:09.573Z - [34mdebug[39m: [MASTER] [NOTIFIER] No  PROVIDER messages found for user  60  packet  60-1803
2015-09-30T20:48:09.573Z - [34mdebug[39m: [MASTER] [GET-UPDATES] Message [ [ packetId: '60-1803' ] ] will be sent to user  60
2015-09-30T20:48:09.587Z - [34mdebug[39m: [MASTER] [NOTIFIER] BEGIN Removing message packet # 60-1803  for user # 60
2015-09-30T20:48:12.584Z - [34mdebug[39m: [MASTER] Try get messages for user  60  packet  60-1804
2015-09-30T20:48:12.584Z - [34mdebug[39m: [MASTER] [NOTIFIER] No  PROVIDER messages found for user  60  packet  60-1804
2015-09-30T20:48:12.584Z - [34mdebug[39m: [MASTER] [GET-UPDATES] Message [ [ packetId: '60-1804' ] ] will be sent to user  60
2015-09-30T20:48:12.738Z - [34mdebug[39m: [MASTER] [NOTIFIER] BEGIN Removing message packet # 60-1804  for user # 60
2015-09-30T20:48:15.570Z - [34mdebug[39m: [MASTER] Try get messages for user  60  packet  60-1805
2015-09-30T20:48:15.571Z - [34mdebug[39m: [MASTER] [NOTIFIER] No  PROVIDER messages found for user  60  packet  60-1805
2015-09-30T20:48:15.572Z - [34mdebug[39m: [MASTER] [GET-UPDATES] Message [ [ packetId: '60-1805' ] ] will be sent to user  60
2015-09-30T20:48:15.600Z - [34mdebug[39m: [MASTER] [NOTIFIER] BEGIN Removing message packet # 60-1805  for user # 60
2015-09-30T20:48:18.602Z - [34mdebug[39m: [MASTER] Try get messages for user  60  packet  60-1806
2015-09-30T20:48:18.603Z - [34mdebug[39m: [MASTER] [NOTIFIER] No  PROVIDER messages found for user  60  packet  60-1806
2015-09-30T20:48:18.603Z - [34mdebug[39m: [MASTER] [GET-UPDATES] Message [ [ packetId: '60-1806' ] ] will be sent to user  60
2015-09-30T20:48:18.623Z - [34mdebug[39m: [MASTER] [NOTIFIER] BEGIN Removing message packet # 60-1806  for user # 60
2015-09-30T20:48:21.559Z - [34mdebug[39m: [MASTER] Try get messages for user  60  packet  60-1807
2015-09-30T20:48:21.559Z - [34mdebug[39m: [MASTER] [NOTIFIER] No  PROVIDER messages found for user  60  packet  60-1807
2015-09-30T20:48:21.559Z - [34mdebug[39m: [MASTER] [GET-UPDATES] Message [ [ packetId: '60-1807' ] ] will be sent to user  60
2015-09-30T20:48:21.573Z - [34mdebug[39m: [MASTER] [NOTIFIER] BEGIN Removing message packet # 60-1807  for user # 60
2015-09-30T20:48:24.560Z - [34mdebug[39m: [MASTER] Try get messages for user  60  packet  60-1808
2015-09-30T20:48:24.560Z - [34mdebug[39m: [MASTER] [NOTIFIER] No  PROVIDER messages found for user  60  packet  60-1808
2015-09-30T20:48:24.561Z - [34mdebug[39m: [MASTER] [GET-UPDATES] Message [ [ packetId: '60-1808' ] ] will be sent to user  60
2015-09-30T20:48:24.574Z - [34mdebug[39m: [MASTER] [NOTIFIER] BEGIN Removing message packet # 60-1808  for user # 60
2015-09-30T20:48:27.558Z - [34mdebug[39m: [MASTER] Try get messages for user  60  packet  60-1809
2015-09-30T20:48:27.558Z - [34mdebug[39m: [MASTER] [NOTIFIER] No  PROVIDER messages found for user  60  packet  60-1809
2015-09-30T20:48:27.559Z - [34mdebug[39m: [MASTER] [GET-UPDATES] Message [ [ packetId: '60-1809' ] ] will be sent to user  60
2015-09-30T20:48:27.573Z - [34mdebug[39m: [MASTER] [NOTIFIER] BEGIN Removing message packet # 60-1809  for user # 60
