2015-09-30T20:39:45.557Z - [34mdebug[39m: [MASTER] [UPDATES] BEGIN MESSAGE [ get_new ]#60-1635 send request  to SERVER
2015-09-30T20:39:45.562Z - [34mdebug[39m: [MASTER] [UPDATES] Message:
2015-09-30T20:39:45.562Z - [34mdebug[39m: [MASTER] [UPDATES] sending [ get_new ] 60-1635  : []  ....
2015-09-30T20:39:45.563Z - [34mdebug[39m: [MASTER] END MESSAGE [ get_new ]#60-1635 sent to CLIENT
2015-09-30T20:39:45.574Z - [34mdebug[39m: [MASTER] [UPDATES] BEGIN MESSAGE [ ack ]#60-1635 send request  to SERVER
2015-09-30T20:39:45.577Z - [34mdebug[39m: [MASTER] [UPDATES] Message: success=true, description=ACK-60-1635, data=
2015-09-30T20:39:45.577Z - [34mdebug[39m: [MASTER] [UPDATES] sending [ ack ] 60-1635  : { success: true, description: 'ACK-60-1635', data: '' }  ....
2015-09-30T20:39:45.578Z - [34mdebug[39m: [MASTER] END MESSAGE [ ack ]#60-1635 sent to CLIENT
2015-09-30T20:39:48.556Z - [34mdebug[39m: [MASTER] [UPDATES] BEGIN MESSAGE [ get_new ]#60-1636 send request  to SERVER
2015-09-30T20:39:48.560Z - [34mdebug[39m: [MASTER] [UPDATES] Message:
2015-09-30T20:39:48.560Z - [34mdebug[39m: [MASTER] [UPDATES] sending [ get_new ] 60-1636  : []  ....
2015-09-30T20:39:48.561Z - [34mdebug[39m: [MASTER] END MESSAGE [ get_new ]#60-1636 sent to CLIENT
2015-09-30T20:39:48.572Z - [34mdebug[39m: [MASTER] [UPDATES] BEGIN MESSAGE [ ack ]#60-1636 send request  to SERVER
2015-09-30T20:39:48.575Z - [34mdebug[39m: [MASTER] [UPDATES] Message: success=true, description=ACK-60-1636, data=
2015-09-30T20:39:48.575Z - [34mdebug[39m: [MASTER] [UPDATES] sending [ ack ] 60-1636  : { success: true, description: 'ACK-60-1636', data: '' }  ....
2015-09-30T20:39:48.576Z - [34mdebug[39m: [MASTER] END MESSAGE [ ack ]#60-1636 sent to CLIENT
2015-09-30T20:39:51.556Z - [34mdebug[39m: [MASTER] [UPDATES] BEGIN MESSAGE [ get_new ]#60-1637 send request  to SERVER
2015-09-30T20:39:51.560Z - [34mdebug[39m: [MASTER] [UPDATES] Message:
2015-09-30T20:39:51.560Z - [34mdebug[39m: [MASTER] [UPDATES] sending [ get_new ] 60-1637  : []  ....
2015-09-30T20:39:51.561Z - [34mdebug[39m: [MASTER] END MESSAGE [ get_new ]#60-1637 sent to CLIENT
2015-09-30T20:39:51.623Z - [34mdebug[39m: [MASTER] [UPDATES] BEGIN MESSAGE [ ack ]#60-1637 send request  to SERVER
2015-09-30T20:39:51.626Z - [34mdebug[39m: [MASTER] [UPDATES] Message: success=true, description=ACK-60-1637, data=
2015-09-30T20:39:51.626Z - [34mdebug[39m: [MASTER] [UPDATES] sending [ ack ] 60-1637  : { success: true, description: 'ACK-60-1637', data: '' }  ....
2015-09-30T20:39:51.627Z - [34mdebug[39m: [MASTER] END MESSAGE [ ack ]#60-1637 sent to CLIENT
2015-09-30T20:39:54.556Z - [34mdebug[39m: [MASTER] [UPDATES] BEGIN MESSAGE [ get_new ]#60-1638 send request  to SERVER
2015-09-30T20:39:54.560Z - [34mdebug[39m: [MASTER] [UPDATES] Message:
2015-09-30T20:39:54.560Z - [34mdebug[39m: [MASTER] [UPDATES] sending [ get_new ] 60-1638  : []  ....
2015-09-30T20:39:54.561Z - [34mdebug[39m: [MASTER] END MESSAGE [ get_new ]#60-1638 sent to CLIENT
2015-09-30T20:39:54.571Z - [34mdebug[39m: [MASTER] [UPDATES] BEGIN MESSAGE [ ack ]#60-1638 send request  to SERVER
2015-09-30T20:39:54.574Z - [34mdebug[39m: [MASTER] [UPDATES] Message: success=true, description=ACK-60-1638, data=
2015-09-30T20:39:54.574Z - [34mdebug[39m: [MASTER] [UPDATES] sending [ ack ] 60-1638  : { success: true, description: 'ACK-60-1638', data: '' }  ....
2015-09-30T20:39:54.574Z - [34mdebug[39m: [MASTER] END MESSAGE [ ack ]#60-1638 sent to CLIENT
2015-09-30T20:39:57.556Z - [34mdebug[39m: [MASTER] [UPDATES] BEGIN MESSAGE [ get_new ]#60-1639 send request  to SERVER
2015-09-30T20:39:57.560Z - [34mdebug[39m: [MASTER] [UPDATES] Message:
2015-09-30T20:39:57.560Z - [34mdebug[39m: [MASTER] [UPDATES] sending [ get_new ] 60-1639  : []  ....
2015-09-30T20:39:57.561Z - [34mdebug[39m: [MASTER] END MESSAGE [ get_new ]#60-1639 sent to CLIENT
2015-09-30T20:39:57.571Z - [34mdebug[39m: [MASTER] [UPDATES] BEGIN MESSAGE [ ack ]#60-1639 send request  to SERVER
2015-09-30T20:39:57.574Z - [34mdebug[39m: [MASTER] [UPDATES] Message: success=true, description=ACK-60-1639, data=
2015-09-30T20:39:57.574Z - [34mdebug[39m: [MASTER] [UPDATES] sending [ ack ] 60-1639  : { success: true, description: 'ACK-60-1639', data: '' }  ....
2015-09-30T20:39:57.575Z - [34mdebug[39m: [MASTER] END MESSAGE [ ack ]#60-1639 sent to CLIENT
2015-09-30T20:40:00.556Z - [34mdebug[39m: [MASTER] [UPDATES] BEGIN MESSAGE [ get_new ]#60-1640 send request  to SERVER
2015-09-30T20:40:00.560Z - [34mdebug[39m: [MASTER] [UPDATES] Message:
2015-09-30T20:40:00.560Z - [34mdebug[39m: [MASTER] [UPDATES] sending [ get_new ] 60-1640  : []  ....
2015-09-30T20:40:00.561Z - [34mdebug[39m: [MASTER] END MESSAGE [ get_new ]#60-1640 sent to CLIENT
2015-09-30T20:40:00.574Z - [34mdebug[39m: [MASTER] [UPDATES] BEGIN MESSAGE [ ack ]#60-1640 send request  to SERVER
2015-09-30T20:40:00.577Z - [34mdebug[39m: [MASTER] [UPDATES] Message: success=true, description=ACK-60-1640, data=
2015-09-30T20:40:00.577Z - [34mdebug[39m: [MASTER] [UPDATES] sending [ ack ] 60-1640  : { success: true, description: 'ACK-60-1640', data: '' }  ....
2015-09-30T20:40:00.578Z - [34mdebug[39m: [MASTER] END MESSAGE [ ack ]#60-1640 sent to CLIENT
2015-09-30T20:40:03.556Z - [34mdebug[39m: [MASTER] [UPDATES] BEGIN MESSAGE [ get_new ]#60-1641 send request  to SERVER
2015-09-30T20:40:03.561Z - [34mdebug[39m: [MASTER] [UPDATES] Message:
2015-09-30T20:40:03.561Z - [34mdebug[39m: [MASTER] [UPDATES] sending [ get_new ] 60-1641  : []  ....
2015-09-30T20:40:03.561Z - [34mdebug[39m: [MASTER] END MESSAGE [ get_new ]#60-1641 sent to CLIENT
2015-09-30T20:40:03.572Z - [34mdebug[39m: [MASTER] [UPDATES] BEGIN MESSAGE [ ack ]#60-1641 send request  to SERVER
2015-09-30T20:40:03.576Z - [34mdebug[39m: [MASTER] [UPDATES] Message: success=true, description=ACK-60-1641, data=
2015-09-30T20:40:03.576Z - [34mdebug[39m: [MASTER] [UPDATES] sending [ ack ] 60-1641  : { success: true, description: 'ACK-60-1641', data: '' }  ....
2015-09-30T20:40:03.576Z - [34mdebug[39m: [MASTER] END MESSAGE [ ack ]#60-1641 sent to CLIENT
2015-09-30T20:40:06.567Z - [34mdebug[39m: [MASTER] [UPDATES] BEGIN MESSAGE [ get_new ]#60-1642 send request  to SERVER
2015-09-30T20:40:06.574Z - [34mdebug[39m: [MASTER] [UPDATES] Message:
2015-09-30T20:40:06.574Z - [34mdebug[39m: [MASTER] [UPDATES] sending [ get_new ] 60-1642  : []  ....
2015-09-30T20:40:06.576Z - [34mdebug[39m: [MASTER] END MESSAGE [ get_new ]#60-1642 sent to CLIENT
2015-09-30T20:40:06.604Z - [34mdebug[39m: [MASTER] [UPDATES] BEGIN MESSAGE [ ack ]#60-1642 send request  to SERVER
2015-09-30T20:40:06.610Z - [34mdebug[39m: [MASTER] [UPDATES] Message: success=true, description=ACK-60-1642, data=
2015-09-30T20:40:06.611Z - [34mdebug[39m: [MASTER] [UPDATES] sending [ ack ] 60-1642  : { success: true, description: 'ACK-60-1642', data: '' }  ....
2015-09-30T20:40:06.613Z - [34mdebug[39m: [MASTER] END MESSAGE [ ack ]#60-1642 sent to CLIENT
2015-09-30T20:40:09.557Z - [34mdebug[39m: [MASTER] [UPDATES] BEGIN MESSAGE [ get_new ]#60-1643 send request  to SERVER
2015-09-30T20:40:09.560Z - [34mdebug[39m: [MASTER] [UPDATES] Message:
2015-09-30T20:40:09.561Z - [34mdebug[39m: [MASTER] [UPDATES] sending [ get_new ] 60-1643  : []  ....
2015-09-30T20:40:09.561Z - [34mdebug[39m: [MASTER] END MESSAGE [ get_new ]#60-1643 sent to CLIENT
2015-09-30T20:40:09.572Z - [34mdebug[39m: [MASTER] [UPDATES] BEGIN MESSAGE [ ack ]#60-1643 send request  to SERVER
2015-09-30T20:40:09.575Z - [34mdebug[39m: [MASTER] [UPDATES] Message: success=true, description=ACK-60-1643, data=
2015-09-30T20:40:09.575Z - [34mdebug[39m: [MASTER] [UPDATES] sending [ ack ] 60-1643  : { success: true, description: 'ACK-60-1643', data: '' }  ....
2015-09-30T20:40:09.576Z - [34mdebug[39m: [MASTER] END MESSAGE [ ack ]#60-1643 sent to CLIENT
2015-09-30T20:40:12.557Z - [34mdebug[39m: [MASTER] [UPDATES] BEGIN MESSAGE [ get_new ]#60-1644 send request  to SERVER
2015-09-30T20:40:12.560Z - [34mdebug[39m: [MASTER] [UPDATES] Message:
2015-09-30T20:40:12.561Z - [34mdebug[39m: [MASTER] [UPDATES] sending [ get_new ] 60-1644  : []  ....
2015-09-30T20:40:12.561Z - [34mdebug[39m: [MASTER] END MESSAGE [ get_new ]#60-1644 sent to CLIENT
2015-09-30T20:40:12.573Z - [34mdebug[39m: [MASTER] [UPDATES] BEGIN MESSAGE [ ack ]#60-1644 send request  to SERVER
2015-09-30T20:40:12.576Z - [34mdebug[39m: [MASTER] [UPDATES] Message: success=true, description=ACK-60-1644, data=
2015-09-30T20:40:12.577Z - [34mdebug[39m: [MASTER] [UPDATES] sending [ ack ] 60-1644  : { success: true, description: 'ACK-60-1644', data: '' }  ....
2015-09-30T20:40:12.577Z - [34mdebug[39m: [MASTER] END MESSAGE [ ack ]#60-1644 sent to CLIENT
2015-09-30T20:40:15.556Z - [34mdebug[39m: [MASTER] [UPDATES] BEGIN MESSAGE [ get_new ]#60-1645 send request  to SERVER
2015-09-30T20:40:15.559Z - [34mdebug[39m: [MASTER] [UPDATES] Message:
2015-09-30T20:40:15.559Z - [34mdebug[39m: [MASTER] [UPDATES] sending [ get_new ] 60-1645  : []  ....
2015-09-30T20:40:15.560Z - [34mdebug[39m: [MASTER] END MESSAGE [ get_new ]#60-1645 sent to CLIENT
2015-09-30T20:40:15.578Z - [34mdebug[39m: [MASTER] [UPDATES] BEGIN MESSAGE [ ack ]#60-1645 send request  to SERVER
2015-09-30T20:40:15.581Z - [34mdebug[39m: [MASTER] [UPDATES] Message: success=true, description=ACK-60-1645, data=
2015-09-30T20:40:15.581Z - [34mdebug[39m: [MASTER] [UPDATES] sending [ ack ] 60-1645  : { success: true, description: 'ACK-60-1645', data: '' }  ....
2015-09-30T20:40:15.582Z - [34mdebug[39m: [MASTER] END MESSAGE [ ack ]#60-1645 sent to CLIENT
2015-09-30T20:40:18.556Z - [34mdebug[39m: [MASTER] [UPDATES] BEGIN MESSAGE [ get_new ]#60-1646 send request  to SERVER
2015-09-30T20:40:18.559Z - [34mdebug[39m: [MASTER] [UPDATES] Message:
2015-09-30T20:40:18.560Z - [34mdebug[39m: [MASTER] [UPDATES] sending [ get_new ] 60-1646  : []  ....
2015-09-30T20:40:18.560Z - [34mdebug[39m: [MASTER] END MESSAGE [ get_new ]#60-1646 sent to CLIENT
2015-09-30T20:40:18.571Z - [34mdebug[39m: [MASTER] [UPDATES] BEGIN MESSAGE [ ack ]#60-1646 send request  to SERVER
2015-09-30T20:40:18.574Z - [34mdebug[39m: [MASTER] [UPDATES] Message: success=true, description=ACK-60-1646, data=
2015-09-30T20:40:18.574Z - [34mdebug[39m: [MASTER] [UPDATES] sending [ ack ] 60-1646  : { success: true, description: 'ACK-60-1646', data: '' }  ....
2015-09-30T20:40:18.575Z - [34mdebug[39m: [MASTER] END MESSAGE [ ack ]#60-1646 sent to CLIENT
2015-09-30T20:40:21.559Z - [34mdebug[39m: [MASTER] [UPDATES] BEGIN MESSAGE [ get_new ]#60-1647 send request  to SERVER
2015-09-30T20:40:21.562Z - [34mdebug[39m: [MASTER] [UPDATES] Message:
2015-09-30T20:40:21.562Z - [34mdebug[39m: [MASTER] [UPDATES] sending [ get_new ] 60-1647  : []  ....
2015-09-30T20:40:21.563Z - [34mdebug[39m: [MASTER] END MESSAGE [ get_new ]#60-1647 sent to CLIENT
2015-09-30T20:40:21.575Z - [34mdebug[39m: [MASTER] [UPDATES] BEGIN MESSAGE [ ack ]#60-1647 send request  to SERVER
2015-09-30T20:40:21.578Z - [34mdebug[39m: [MASTER] [UPDATES] Message: success=true, description=ACK-60-1647, data=
2015-09-30T20:40:21.578Z - [34mdebug[39m: [MASTER] [UPDATES] sending [ ack ] 60-1647  : { success: true, description: 'ACK-60-1647', data: '' }  ....
2015-09-30T20:40:21.579Z - [34mdebug[39m: [MASTER] END MESSAGE [ ack ]#60-1647 sent to CLIENT
2015-09-30T20:40:24.556Z - [34mdebug[39m: [MASTER] [UPDATES] BEGIN MESSAGE [ get_new ]#60-1648 send request  to SERVER
2015-09-30T20:40:24.559Z - [34mdebug[39m: [MASTER] [UPDATES] Message:
2015-09-30T20:40:24.559Z - [34mdebug[39m: [MASTER] [UPDATES] sending [ get_new ] 60-1648  : []  ....
2015-09-30T20:40:24.560Z - [34mdebug[39m: [MASTER] END MESSAGE [ get_new ]#60-1648 sent to CLIENT
2015-09-30T20:40:24.570Z - [34mdebug[39m: [MASTER] [UPDATES] BEGIN MESSAGE [ ack ]#60-1648 send request  to SERVER
2015-09-30T20:40:24.573Z - [34mdebug[39m: [MASTER] [UPDATES] Message: success=true, description=ACK-60-1648, data=
2015-09-30T20:40:24.573Z - [34mdebug[39m: [MASTER] [UPDATES] sending [ ack ] 60-1648  : { success: true, description: 'ACK-60-1648', data: '' }  ....
2015-09-30T20:40:24.574Z - [34mdebug[39m: [MASTER] END MESSAGE [ ack ]#60-1648 sent to CLIENT
2015-09-30T20:40:27.559Z - [34mdebug[39m: [MASTER] [UPDATES] BEGIN MESSAGE [ get_new ]#60-1649 send request  to SERVER
2015-09-30T20:40:27.562Z - [34mdebug[39m: [MASTER] [UPDATES] Message:
2015-09-30T20:40:27.562Z - [34mdebug[39m: [MASTER] [UPDATES] sending [ get_new ] 60-1649  : []  ....
2015-09-30T20:40:27.563Z - [34mdebug[39m: [MASTER] END MESSAGE [ get_new ]#60-1649 sent to CLIENT
2015-09-30T20:40:27.573Z - [34mdebug[39m: [MASTER] [UPDATES] BEGIN MESSAGE [ ack ]#60-1649 send request  to SERVER
2015-09-30T20:40:27.576Z - [34mdebug[39m: [MASTER] [UPDATES] Message: success=true, description=ACK-60-1649, data=
2015-09-30T20:40:27.577Z - [34mdebug[39m: [MASTER] [UPDATES] sending [ ack ] 60-1649  : { success: true, description: 'ACK-60-1649', data: '' }  ....
2015-09-30T20:40:27.577Z - [34mdebug[39m: [MASTER] END MESSAGE [ ack ]#60-1649 sent to CLIENT
2015-09-30T20:40:30.557Z - [34mdebug[39m: [MASTER] [UPDATES] BEGIN MESSAGE [ get_new ]#60-1650 send request  to SERVER
2015-09-30T20:40:30.560Z - [34mdebug[39m: [MASTER] [UPDATES] Message:
2015-09-30T20:40:30.560Z - [34mdebug[39m: [MASTER] [UPDATES] sending [ get_new ] 60-1650  : []  ....
2015-09-30T20:40:30.560Z - [34mdebug[39m: [MASTER] END MESSAGE [ get_new ]#60-1650 sent to CLIENT
2015-09-30T20:40:30.611Z - [34mdebug[39m: [MASTER] [UPDATES] BEGIN MESSAGE [ ack ]#60-1650 send request  to SERVER
2015-09-30T20:40:30.614Z - [34mdebug[39m: [MASTER] [UPDATES] Message: success=true, description=ACK-60-1650, data=
2015-09-30T20:40:30.615Z - [34mdebug[39m: [MASTER] [UPDATES] sending [ ack ] 60-1650  : { success: true, description: 'ACK-60-1650', data: '' }  ....
2015-09-30T20:40:30.615Z - [34mdebug[39m: [MASTER] END MESSAGE [ ack ]#60-1650 sent to CLIENT
2015-09-30T20:40:33.556Z - [34mdebug[39m: [MASTER] [UPDATES] BEGIN MESSAGE [ get_new ]#60-1651 send request  to SERVER
2015-09-30T20:40:33.560Z - [34mdebug[39m: [MASTER] [UPDATES] Message:
2015-09-30T20:40:33.560Z - [34mdebug[39m: [MASTER] [UPDATES] sending [ get_new ] 60-1651  : []  ....
2015-09-30T20:40:33.561Z - [34mdebug[39m: [MASTER] END MESSAGE [ get_new ]#60-1651 sent to CLIENT
2015-09-30T20:40:33.571Z - [34mdebug[39m: [MASTER] [UPDATES] BEGIN MESSAGE [ ack ]#60-1651 send request  to SERVER
2015-09-30T20:40:33.574Z - [34mdebug[39m: [MASTER] [UPDATES] Message: success=true, description=ACK-60-1651, data=
2015-09-30T20:40:33.574Z - [34mdebug[39m: [MASTER] [UPDATES] sending [ ack ] 60-1651  : { success: true, description: 'ACK-60-1651', data: '' }  ....
2015-09-30T20:40:33.575Z - [34mdebug[39m: [MASTER] END MESSAGE [ ack ]#60-1651 sent to CLIENT
2015-09-30T20:40:36.557Z - [34mdebug[39m: [MASTER] [UPDATES] BEGIN MESSAGE [ get_new ]#60-1652 send request  to SERVER
2015-09-30T20:40:36.560Z - [34mdebug[39m: [MASTER] [UPDATES] Message:
2015-09-30T20:40:36.560Z - [34mdebug[39m: [MASTER] [UPDATES] sending [ get_new ] 60-1652  : []  ....
2015-09-30T20:40:36.561Z - [34mdebug[39m: [MASTER] END MESSAGE [ get_new ]#60-1652 sent to CLIENT
2015-09-30T20:40:36.571Z - [34mdebug[39m: [MASTER] [UPDATES] BEGIN MESSAGE [ ack ]#60-1652 send request  to SERVER
2015-09-30T20:40:36.575Z - [34mdebug[39m: [MASTER] [UPDATES] Message: success=true, description=ACK-60-1652, data=
2015-09-30T20:40:36.575Z - [34mdebug[39m: [MASTER] [UPDATES] sending [ ack ] 60-1652  : { success: true, description: 'ACK-60-1652', data: '' }  ....
2015-09-30T20:40:36.575Z - [34mdebug[39m: [MASTER] END MESSAGE [ ack ]#60-1652 sent to CLIENT
2015-09-30T20:40:39.557Z - [34mdebug[39m: [MASTER] [UPDATES] BEGIN MESSAGE [ get_new ]#60-1653 send request  to SERVER
2015-09-30T20:40:39.560Z - [34mdebug[39m: [MASTER] [UPDATES] Message:
2015-09-30T20:40:39.561Z - [34mdebug[39m: [MASTER] [UPDATES] sending [ get_new ] 60-1653  : []  ....
2015-09-30T20:40:39.561Z - [34mdebug[39m: [MASTER] END MESSAGE [ get_new ]#60-1653 sent to CLIENT
2015-09-30T20:40:39.577Z - [34mdebug[39m: [MASTER] [UPDATES] BEGIN MESSAGE [ ack ]#60-1653 send request  to SERVER
2015-09-30T20:40:39.581Z - [34mdebug[39m: [MASTER] [UPDATES] Message: success=true, description=ACK-60-1653, data=
2015-09-30T20:40:39.581Z - [34mdebug[39m: [MASTER] [UPDATES] sending [ ack ] 60-1653  : { success: true, description: 'ACK-60-1653', data: '' }  ....
2015-09-30T20:40:39.581Z - [34mdebug[39m: [MASTER] END MESSAGE [ ack ]#60-1653 sent to CLIENT
2015-09-30T20:40:42.583Z - [34mdebug[39m: [MASTER] [UPDATES] BEGIN MESSAGE [ get_new ]#60-1654 send request  to SERVER
2015-09-30T20:40:42.586Z - [34mdebug[39m: [MASTER] [UPDATES] Message:
2015-09-30T20:40:42.586Z - [34mdebug[39m: [MASTER] [UPDATES] sending [ get_new ] 60-1654  : []  ....
2015-09-30T20:40:42.587Z - [34mdebug[39m: [MASTER] END MESSAGE [ get_new ]#60-1654 sent to CLIENT
2015-09-30T20:40:42.671Z - [34mdebug[39m: [MASTER] [UPDATES] BEGIN MESSAGE [ ack ]#60-1654 send request  to SERVER
2015-09-30T20:40:42.674Z - [34mdebug[39m: [MASTER] [UPDATES] Message: success=true, description=ACK-60-1654, data=
2015-09-30T20:40:42.674Z - [34mdebug[39m: [MASTER] [UPDATES] sending [ ack ] 60-1654  : { success: true, description: 'ACK-60-1654', data: '' }  ....
2015-09-30T20:40:42.675Z - [34mdebug[39m: [MASTER] END MESSAGE [ ack ]#60-1654 sent to CLIENT
2015-09-30T20:40:45.566Z - [34mdebug[39m: [MASTER] [UPDATES] BEGIN MESSAGE [ get_new ]#60-1655 send request  to SERVER
2015-09-30T20:40:45.569Z - [34mdebug[39m: [MASTER] [UPDATES] Message:
2015-09-30T20:40:45.569Z - [34mdebug[39m: [MASTER] [UPDATES] sending [ get_new ] 60-1655  : []  ....
2015-09-30T20:40:45.570Z - [34mdebug[39m: [MASTER] END MESSAGE [ get_new ]#60-1655 sent to CLIENT
2015-09-30T20:40:45.581Z - [34mdebug[39m: [MASTER] [UPDATES] BEGIN MESSAGE [ ack ]#60-1655 send request  to SERVER
2015-09-30T20:40:45.584Z - [34mdebug[39m: [MASTER] [UPDATES] Message: success=true, description=ACK-60-1655, data=
2015-09-30T20:40:45.584Z - [34mdebug[39m: [MASTER] [UPDATES] sending [ ack ] 60-1655  : { success: true, description: 'ACK-60-1655', data: '' }  ....
2015-09-30T20:40:45.585Z - [34mdebug[39m: [MASTER] END MESSAGE [ ack ]#60-1655 sent to CLIENT
2015-09-30T20:40:48.556Z - [34mdebug[39m: [MASTER] [UPDATES] BEGIN MESSAGE [ get_new ]#60-1656 send request  to SERVER
2015-09-30T20:40:48.559Z - [34mdebug[39m: [MASTER] [UPDATES] Message:
2015-09-30T20:40:48.559Z - [34mdebug[39m: [MASTER] [UPDATES] sending [ get_new ] 60-1656  : []  ....
2015-09-30T20:40:48.560Z - [34mdebug[39m: [MASTER] END MESSAGE [ get_new ]#60-1656 sent to CLIENT
2015-09-30T20:40:48.570Z - [34mdebug[39m: [MASTER] [UPDATES] BEGIN MESSAGE [ ack ]#60-1656 send request  to SERVER
2015-09-30T20:40:48.573Z - [34mdebug[39m: [MASTER] [UPDATES] Message: success=true, description=ACK-60-1656, data=
2015-09-30T20:40:48.573Z - [34mdebug[39m: [MASTER] [UPDATES] sending [ ack ] 60-1656  : { success: true, description: 'ACK-60-1656', data: '' }  ....
2015-09-30T20:40:48.574Z - [34mdebug[39m: [MASTER] END MESSAGE [ ack ]#60-1656 sent to CLIENT
2015-09-30T20:40:51.558Z - [34mdebug[39m: [MASTER] [UPDATES] BEGIN MESSAGE [ get_new ]#60-1657 send request  to SERVER
2015-09-30T20:40:51.561Z - [34mdebug[39m: [MASTER] [UPDATES] Message:
2015-09-30T20:40:51.562Z - [34mdebug[39m: [MASTER] [UPDATES] sending [ get_new ] 60-1657  : []  ....
2015-09-30T20:40:51.562Z - [34mdebug[39m: [MASTER] END MESSAGE [ get_new ]#60-1657 sent to CLIENT
2015-09-30T20:40:51.572Z - [34mdebug[39m: [MASTER] [UPDATES] BEGIN MESSAGE [ ack ]#60-1657 send request  to SERVER
2015-09-30T20:40:51.575Z - [34mdebug[39m: [MASTER] [UPDATES] Message: success=true, description=ACK-60-1657, data=
2015-09-30T20:40:51.575Z - [34mdebug[39m: [MASTER] [UPDATES] sending [ ack ] 60-1657  : { success: true, description: 'ACK-60-1657', data: '' }  ....
2015-09-30T20:40:51.576Z - [34mdebug[39m: [MASTER] END MESSAGE [ ack ]#60-1657 sent to CLIENT
2015-09-30T20:40:54.556Z - [34mdebug[39m: [MASTER] [UPDATES] BEGIN MESSAGE [ get_new ]#60-1658 send request  to SERVER
2015-09-30T20:40:54.560Z - [34mdebug[39m: [MASTER] [UPDATES] Message:
2015-09-30T20:40:54.560Z - [34mdebug[39m: [MASTER] [UPDATES] sending [ get_new ] 60-1658  : []  ....
2015-09-30T20:40:54.561Z - [34mdebug[39m: [MASTER] END MESSAGE [ get_new ]#60-1658 sent to CLIENT
2015-09-30T20:40:54.587Z - [34mdebug[39m: [MASTER] [UPDATES] BEGIN MESSAGE [ ack ]#60-1658 send request  to SERVER
2015-09-30T20:40:54.590Z - [34mdebug[39m: [MASTER] [UPDATES] Message: success=true, description=ACK-60-1658, data=
2015-09-30T20:40:54.590Z - [34mdebug[39m: [MASTER] [UPDATES] sending [ ack ] 60-1658  : { success: true, description: 'ACK-60-1658', data: '' }  ....
2015-09-30T20:40:54.591Z - [34mdebug[39m: [MASTER] END MESSAGE [ ack ]#60-1658 sent to CLIENT
2015-09-30T20:40:57.555Z - [34mdebug[39m: [MASTER] [UPDATES] BEGIN MESSAGE [ get_new ]#60-1659 send request  to SERVER
2015-09-30T20:40:57.557Z - [34mdebug[39m: [MASTER] [UPDATES] Message:
2015-09-30T20:40:57.558Z - [34mdebug[39m: [MASTER] [UPDATES] sending [ get_new ] 60-1659  : []  ....
2015-09-30T20:40:57.558Z - [34mdebug[39m: [MASTER] END MESSAGE [ get_new ]#60-1659 sent to CLIENT
2015-09-30T20:40:57.568Z - [34mdebug[39m: [MASTER] [UPDATES] BEGIN MESSAGE [ ack ]#60-1659 send request  to SERVER
2015-09-30T20:40:57.571Z - [34mdebug[39m: [MASTER] [UPDATES] Message: success=true, description=ACK-60-1659, data=
2015-09-30T20:40:57.571Z - [34mdebug[39m: [MASTER] [UPDATES] sending [ ack ] 60-1659  : { success: true, description: 'ACK-60-1659', data: '' }  ....
2015-09-30T20:40:57.572Z - [34mdebug[39m: [MASTER] END MESSAGE [ ack ]#60-1659 sent to CLIENT
2015-09-30T20:41:00.556Z - [34mdebug[39m: [MASTER] [UPDATES] BEGIN MESSAGE [ get_new ]#60-1660 send request  to SERVER
2015-09-30T20:41:00.559Z - [34mdebug[39m: [MASTER] [UPDATES] Message:
2015-09-30T20:41:00.560Z - [34mdebug[39m: [MASTER] [UPDATES] sending [ get_new ] 60-1660  : []  ....
2015-09-30T20:41:00.560Z - [34mdebug[39m: [MASTER] END MESSAGE [ get_new ]#60-1660 sent to CLIENT
2015-09-30T20:41:00.570Z - [34mdebug[39m: [MASTER] [UPDATES] BEGIN MESSAGE [ ack ]#60-1660 send request  to SERVER
2015-09-30T20:41:00.573Z - [34mdebug[39m: [MASTER] [UPDATES] Message: success=true, description=ACK-60-1660, data=
2015-09-30T20:41:00.574Z - [34mdebug[39m: [MASTER] [UPDATES] sending [ ack ] 60-1660  : { success: true, description: 'ACK-60-1660', data: '' }  ....
2015-09-30T20:41:00.574Z - [34mdebug[39m: [MASTER] END MESSAGE [ ack ]#60-1660 sent to CLIENT
2015-09-30T20:41:03.557Z - [34mdebug[39m: [MASTER] [UPDATES] BEGIN MESSAGE [ get_new ]#60-1661 send request  to SERVER
2015-09-30T20:41:03.560Z - [34mdebug[39m: [MASTER] [UPDATES] Message:
2015-09-30T20:41:03.560Z - [34mdebug[39m: [MASTER] [UPDATES] sending [ get_new ] 60-1661  : []  ....
2015-09-30T20:41:03.561Z - [34mdebug[39m: [MASTER] END MESSAGE [ get_new ]#60-1661 sent to CLIENT
2015-09-30T20:41:03.587Z - [34mdebug[39m: [MASTER] [UPDATES] BEGIN MESSAGE [ ack ]#60-1661 send request  to SERVER
2015-09-30T20:41:03.590Z - [34mdebug[39m: [MASTER] [UPDATES] Message: success=true, description=ACK-60-1661, data=
2015-09-30T20:41:03.590Z - [34mdebug[39m: [MASTER] [UPDATES] sending [ ack ] 60-1661  : { success: true, description: 'ACK-60-1661', data: '' }  ....
2015-09-30T20:41:03.591Z - [34mdebug[39m: [MASTER] END MESSAGE [ ack ]#60-1661 sent to CLIENT
2015-09-30T20:41:06.556Z - [34mdebug[39m: [MASTER] [UPDATES] BEGIN MESSAGE [ get_new ]#60-1662 send request  to SERVER
2015-09-30T20:41:06.559Z - [34mdebug[39m: [MASTER] [UPDATES] Message:
2015-09-30T20:41:06.559Z - [34mdebug[39m: [MASTER] [UPDATES] sending [ get_new ] 60-1662  : []  ....
2015-09-30T20:41:06.560Z - [34mdebug[39m: [MASTER] END MESSAGE [ get_new ]#60-1662 sent to CLIENT
2015-09-30T20:41:06.570Z - [34mdebug[39m: [MASTER] [UPDATES] BEGIN MESSAGE [ ack ]#60-1662 send request  to SERVER
2015-09-30T20:41:06.574Z - [34mdebug[39m: [MASTER] [UPDATES] Message: success=true, description=ACK-60-1662, data=
2015-09-30T20:41:06.574Z - [34mdebug[39m: [MASTER] [UPDATES] sending [ ack ] 60-1662  : { success: true, description: 'ACK-60-1662', data: '' }  ....
2015-09-30T20:41:06.575Z - [34mdebug[39m: [MASTER] END MESSAGE [ ack ]#60-1662 sent to CLIENT
2015-09-30T20:41:09.556Z - [34mdebug[39m: [MASTER] [UPDATES] BEGIN MESSAGE [ get_new ]#60-1663 send request  to SERVER
2015-09-30T20:41:09.559Z - [34mdebug[39m: [MASTER] [UPDATES] Message:
2015-09-30T20:41:09.559Z - [34mdebug[39m: [MASTER] [UPDATES] sending [ get_new ] 60-1663  : []  ....
2015-09-30T20:41:09.560Z - [34mdebug[39m: [MASTER] END MESSAGE [ get_new ]#60-1663 sent to CLIENT
2015-09-30T20:41:09.570Z - [34mdebug[39m: [MASTER] [UPDATES] BEGIN MESSAGE [ ack ]#60-1663 send request  to SERVER
2015-09-30T20:41:09.573Z - [34mdebug[39m: [MASTER] [UPDATES] Message: success=true, description=ACK-60-1663, data=
2015-09-30T20:41:09.573Z - [34mdebug[39m: [MASTER] [UPDATES] sending [ ack ] 60-1663  : { success: true, description: 'ACK-60-1663', data: '' }  ....
2015-09-30T20:41:09.574Z - [34mdebug[39m: [MASTER] END MESSAGE [ ack ]#60-1663 sent to CLIENT
2015-09-30T20:41:12.556Z - [34mdebug[39m: [MASTER] [UPDATES] BEGIN MESSAGE [ get_new ]#60-1664 send request  to SERVER
2015-09-30T20:41:12.559Z - [34mdebug[39m: [MASTER] [UPDATES] Message:
2015-09-30T20:41:12.560Z - [34mdebug[39m: [MASTER] [UPDATES] sending [ get_new ] 60-1664  : []  ....
2015-09-30T20:41:12.560Z - [34mdebug[39m: [MASTER] END MESSAGE [ get_new ]#60-1664 sent to CLIENT
2015-09-30T20:41:12.575Z - [34mdebug[39m: [MASTER] [UPDATES] BEGIN MESSAGE [ ack ]#60-1664 send request  to SERVER
2015-09-30T20:41:12.578Z - [34mdebug[39m: [MASTER] [UPDATES] Message: success=true, description=ACK-60-1664, data=
2015-09-30T20:41:12.578Z - [34mdebug[39m: [MASTER] [UPDATES] sending [ ack ] 60-1664  : { success: true, description: 'ACK-60-1664', data: '' }  ....
2015-09-30T20:41:12.578Z - [34mdebug[39m: [MASTER] END MESSAGE [ ack ]#60-1664 sent to CLIENT
2015-09-30T20:41:15.557Z - [34mdebug[39m: [MASTER] [UPDATES] BEGIN MESSAGE [ get_new ]#60-1665 send request  to SERVER
2015-09-30T20:41:15.560Z - [34mdebug[39m: [MASTER] [UPDATES] Message:
2015-09-30T20:41:15.561Z - [34mdebug[39m: [MASTER] [UPDATES] sending [ get_new ] 60-1665  : []  ....
2015-09-30T20:41:15.561Z - [34mdebug[39m: [MASTER] END MESSAGE [ get_new ]#60-1665 sent to CLIENT
2015-09-30T20:41:15.571Z - [34mdebug[39m: [MASTER] [UPDATES] BEGIN MESSAGE [ ack ]#60-1665 send request  to SERVER
2015-09-30T20:41:15.574Z - [34mdebug[39m: [MASTER] [UPDATES] Message: success=true, description=ACK-60-1665, data=
2015-09-30T20:41:15.574Z - [34mdebug[39m: [MASTER] [UPDATES] sending [ ack ] 60-1665  : { success: true, description: 'ACK-60-1665', data: '' }  ....
2015-09-30T20:41:15.574Z - [34mdebug[39m: [MASTER] END MESSAGE [ ack ]#60-1665 sent to CLIENT
2015-09-30T20:41:18.556Z - [34mdebug[39m: [MASTER] [UPDATES] BEGIN MESSAGE [ get_new ]#60-1666 send request  to SERVER
2015-09-30T20:41:18.559Z - [34mdebug[39m: [MASTER] [UPDATES] Message:
2015-09-30T20:41:18.559Z - [34mdebug[39m: [MASTER] [UPDATES] sending [ get_new ] 60-1666  : []  ....
2015-09-30T20:41:18.560Z - [34mdebug[39m: [MASTER] END MESSAGE [ get_new ]#60-1666 sent to CLIENT
2015-09-30T20:41:18.575Z - [34mdebug[39m: [MASTER] [UPDATES] BEGIN MESSAGE [ ack ]#60-1666 send request  to SERVER
2015-09-30T20:41:18.578Z - [34mdebug[39m: [MASTER] [UPDATES] Message: success=true, description=ACK-60-1666, data=
2015-09-30T20:41:18.578Z - [34mdebug[39m: [MASTER] [UPDATES] sending [ ack ] 60-1666  : { success: true, description: 'ACK-60-1666', data: '' }  ....
2015-09-30T20:41:18.579Z - [34mdebug[39m: [MASTER] END MESSAGE [ ack ]#60-1666 sent to CLIENT
2015-09-30T20:41:21.558Z - [34mdebug[39m: [MASTER] [UPDATES] BEGIN MESSAGE [ get_new ]#60-1667 send request  to SERVER
2015-09-30T20:41:21.562Z - [34mdebug[39m: [MASTER] [UPDATES] Message:
2015-09-30T20:41:21.562Z - [34mdebug[39m: [MASTER] [UPDATES] sending [ get_new ] 60-1667  : []  ....
2015-09-30T20:41:21.562Z - [34mdebug[39m: [MASTER] END MESSAGE [ get_new ]#60-1667 sent to CLIENT
2015-09-30T20:41:21.572Z - [34mdebug[39m: [MASTER] [UPDATES] BEGIN MESSAGE [ ack ]#60-1667 send request  to SERVER
2015-09-30T20:41:21.575Z - [34mdebug[39m: [MASTER] [UPDATES] Message: success=true, description=ACK-60-1667, data=
2015-09-30T20:41:21.576Z - [34mdebug[39m: [MASTER] [UPDATES] sending [ ack ] 60-1667  : { success: true, description: 'ACK-60-1667', data: '' }  ....
2015-09-30T20:41:21.576Z - [34mdebug[39m: [MASTER] END MESSAGE [ ack ]#60-1667 sent to CLIENT
2015-09-30T20:41:24.556Z - [34mdebug[39m: [MASTER] [UPDATES] BEGIN MESSAGE [ get_new ]#60-1668 send request  to SERVER
2015-09-30T20:41:24.561Z - [34mdebug[39m: [MASTER] [UPDATES] Message:
2015-09-30T20:41:24.561Z - [34mdebug[39m: [MASTER] [UPDATES] sending [ get_new ] 60-1668  : []  ....
2015-09-30T20:41:24.562Z - [34mdebug[39m: [MASTER] END MESSAGE [ get_new ]#60-1668 sent to CLIENT
2015-09-30T20:41:24.571Z - [34mdebug[39m: [MASTER] [UPDATES] BEGIN MESSAGE [ ack ]#60-1668 send request  to SERVER
2015-09-30T20:41:24.575Z - [34mdebug[39m: [MASTER] [UPDATES] Message: success=true, description=ACK-60-1668, data=
2015-09-30T20:41:24.575Z - [34mdebug[39m: [MASTER] [UPDATES] sending [ ack ] 60-1668  : { success: true, description: 'ACK-60-1668', data: '' }  ....
2015-09-30T20:41:24.576Z - [34mdebug[39m: [MASTER] END MESSAGE [ ack ]#60-1668 sent to CLIENT
2015-09-30T20:41:27.558Z - [34mdebug[39m: [MASTER] [UPDATES] BEGIN MESSAGE [ get_new ]#60-1669 send request  to SERVER
2015-09-30T20:41:27.562Z - [34mdebug[39m: [MASTER] [UPDATES] Message:
2015-09-30T20:41:27.562Z - [34mdebug[39m: [MASTER] [UPDATES] sending [ get_new ] 60-1669  : []  ....
2015-09-30T20:41:27.563Z - [34mdebug[39m: [MASTER] END MESSAGE [ get_new ]#60-1669 sent to CLIENT
2015-09-30T20:41:27.608Z - [34mdebug[39m: [MASTER] [UPDATES] BEGIN MESSAGE [ ack ]#60-1669 send request  to SERVER
2015-09-30T20:41:27.618Z - [34mdebug[39m: [MASTER] [UPDATES] Message: success=true, description=ACK-60-1669, data=
2015-09-30T20:41:27.619Z - [34mdebug[39m: [MASTER] [UPDATES] sending [ ack ] 60-1669  : { success: true, description: 'ACK-60-1669', data: '' }  ....
2015-09-30T20:41:27.619Z - [34mdebug[39m: [MASTER] END MESSAGE [ ack ]#60-1669 sent to CLIENT
2015-09-30T20:41:30.586Z - [34mdebug[39m: [MASTER] [UPDATES] BEGIN MESSAGE [ get_new ]#60-1670 send request  to SERVER
2015-09-30T20:41:30.589Z - [34mdebug[39m: [MASTER] [UPDATES] Message:
2015-09-30T20:41:30.590Z - [34mdebug[39m: [MASTER] [UPDATES] sending [ get_new ] 60-1670  : []  ....
2015-09-30T20:41:30.590Z - [34mdebug[39m: [MASTER] END MESSAGE [ get_new ]#60-1670 sent to CLIENT
2015-09-30T20:41:30.601Z - [34mdebug[39m: [MASTER] [UPDATES] BEGIN MESSAGE [ ack ]#60-1670 send request  to SERVER
2015-09-30T20:41:30.604Z - [34mdebug[39m: [MASTER] [UPDATES] Message: success=true, description=ACK-60-1670, data=
2015-09-30T20:41:30.604Z - [34mdebug[39m: [MASTER] [UPDATES] sending [ ack ] 60-1670  : { success: true, description: 'ACK-60-1670', data: '' }  ....
2015-09-30T20:41:30.605Z - [34mdebug[39m: [MASTER] END MESSAGE [ ack ]#60-1670 sent to CLIENT
2015-09-30T20:41:33.576Z - [34mdebug[39m: [MASTER] [UPDATES] BEGIN MESSAGE [ get_new ]#60-1671 send request  to SERVER
2015-09-30T20:41:33.580Z - [34mdebug[39m: [MASTER] [UPDATES] Message:
2015-09-30T20:41:33.580Z - [34mdebug[39m: [MASTER] [UPDATES] sending [ get_new ] 60-1671  : []  ....
2015-09-30T20:41:33.581Z - [34mdebug[39m: [MASTER] END MESSAGE [ get_new ]#60-1671 sent to CLIENT
2015-09-30T20:41:33.591Z - [34mdebug[39m: [MASTER] [UPDATES] BEGIN MESSAGE [ ack ]#60-1671 send request  to SERVER
2015-09-30T20:41:33.594Z - [34mdebug[39m: [MASTER] [UPDATES] Message: success=true, description=ACK-60-1671, data=
2015-09-30T20:41:33.595Z - [34mdebug[39m: [MASTER] [UPDATES] sending [ ack ] 60-1671  : { success: true, description: 'ACK-60-1671', data: '' }  ....
2015-09-30T20:41:33.595Z - [34mdebug[39m: [MASTER] END MESSAGE [ ack ]#60-1671 sent to CLIENT
2015-09-30T20:41:36.565Z - [34mdebug[39m: [MASTER] [UPDATES] BEGIN MESSAGE [ get_new ]#60-1672 send request  to SERVER
2015-09-30T20:41:36.568Z - [34mdebug[39m: [MASTER] [UPDATES] Message:
2015-09-30T20:41:36.568Z - [34mdebug[39m: [MASTER] [UPDATES] sending [ get_new ] 60-1672  : []  ....
2015-09-30T20:41:36.569Z - [34mdebug[39m: [MASTER] END MESSAGE [ get_new ]#60-1672 sent to CLIENT
2015-09-30T20:41:36.579Z - [34mdebug[39m: [MASTER] [UPDATES] BEGIN MESSAGE [ ack ]#60-1672 send request  to SERVER
2015-09-30T20:41:36.582Z - [34mdebug[39m: [MASTER] [UPDATES] Message: success=true, description=ACK-60-1672, data=
2015-09-30T20:41:36.582Z - [34mdebug[39m: [MASTER] [UPDATES] sending [ ack ] 60-1672  : { success: true, description: 'ACK-60-1672', data: '' }  ....
2015-09-30T20:41:36.583Z - [34mdebug[39m: [MASTER] END MESSAGE [ ack ]#60-1672 sent to CLIENT
2015-09-30T20:41:39.557Z - [34mdebug[39m: [MASTER] [UPDATES] BEGIN MESSAGE [ get_new ]#60-1673 send request  to SERVER
2015-09-30T20:41:39.560Z - [34mdebug[39m: [MASTER] [UPDATES] Message:
2015-09-30T20:41:39.560Z - [34mdebug[39m: [MASTER] [UPDATES] sending [ get_new ] 60-1673  : []  ....
2015-09-30T20:41:39.561Z - [34mdebug[39m: [MASTER] END MESSAGE [ get_new ]#60-1673 sent to CLIENT
2015-09-30T20:41:39.571Z - [34mdebug[39m: [MASTER] [UPDATES] BEGIN MESSAGE [ ack ]#60-1673 send request  to SERVER
2015-09-30T20:41:39.574Z - [34mdebug[39m: [MASTER] [UPDATES] Message: success=true, description=ACK-60-1673, data=
2015-09-30T20:41:39.575Z - [34mdebug[39m: [MASTER] [UPDATES] sending [ ack ] 60-1673  : { success: true, description: 'ACK-60-1673', data: '' }  ....
2015-09-30T20:41:39.575Z - [34mdebug[39m: [MASTER] END MESSAGE [ ack ]#60-1673 sent to CLIENT
2015-09-30T20:41:42.562Z - [34mdebug[39m: [MASTER] [UPDATES] BEGIN MESSAGE [ get_new ]#60-1674 send request  to SERVER
2015-09-30T20:41:42.565Z - [34mdebug[39m: [MASTER] [UPDATES] Message:
2015-09-30T20:41:42.566Z - [34mdebug[39m: [MASTER] [UPDATES] sending [ get_new ] 60-1674  : []  ....
2015-09-30T20:41:42.566Z - [34mdebug[39m: [MASTER] END MESSAGE [ get_new ]#60-1674 sent to CLIENT
2015-09-30T20:41:42.587Z - [34mdebug[39m: [MASTER] [UPDATES] BEGIN MESSAGE [ ack ]#60-1674 send request  to SERVER
2015-09-30T20:41:42.590Z - [34mdebug[39m: [MASTER] [UPDATES] Message: success=true, description=ACK-60-1674, data=
2015-09-30T20:41:42.590Z - [34mdebug[39m: [MASTER] [UPDATES] sending [ ack ] 60-1674  : { success: true, description: 'ACK-60-1674', data: '' }  ....
2015-09-30T20:41:42.591Z - [34mdebug[39m: [MASTER] END MESSAGE [ ack ]#60-1674 sent to CLIENT
2015-09-30T20:41:45.563Z - [34mdebug[39m: [MASTER] [UPDATES] BEGIN MESSAGE [ get_new ]#60-1675 send request  to SERVER
2015-09-30T20:41:45.567Z - [34mdebug[39m: [MASTER] [UPDATES] Message:
2015-09-30T20:41:45.567Z - [34mdebug[39m: [MASTER] [UPDATES] sending [ get_new ] 60-1675  : []  ....
2015-09-30T20:41:45.568Z - [34mdebug[39m: [MASTER] END MESSAGE [ get_new ]#60-1675 sent to CLIENT
2015-09-30T20:41:45.657Z - [34mdebug[39m: [MASTER] [UPDATES] BEGIN MESSAGE [ ack ]#60-1675 send request  to SERVER
2015-09-30T20:41:45.660Z - [34mdebug[39m: [MASTER] [UPDATES] Message: success=true, description=ACK-60-1675, data=
2015-09-30T20:41:45.660Z - [34mdebug[39m: [MASTER] [UPDATES] sending [ ack ] 60-1675  : { success: true, description: 'ACK-60-1675', data: '' }  ....
2015-09-30T20:41:45.660Z - [34mdebug[39m: [MASTER] END MESSAGE [ ack ]#60-1675 sent to CLIENT
2015-09-30T20:41:48.564Z - [34mdebug[39m: [MASTER] [UPDATES] BEGIN MESSAGE [ get_new ]#60-1676 send request  to SERVER
2015-09-30T20:41:48.567Z - [34mdebug[39m: [MASTER] [UPDATES] Message:
2015-09-30T20:41:48.568Z - [34mdebug[39m: [MASTER] [UPDATES] sending [ get_new ] 60-1676  : []  ....
2015-09-30T20:41:48.568Z - [34mdebug[39m: [MASTER] END MESSAGE [ get_new ]#60-1676 sent to CLIENT
2015-09-30T20:41:48.582Z - [34mdebug[39m: [MASTER] [UPDATES] BEGIN MESSAGE [ ack ]#60-1676 send request  to SERVER
2015-09-30T20:41:48.585Z - [34mdebug[39m: [MASTER] [UPDATES] Message: success=true, description=ACK-60-1676, data=
2015-09-30T20:41:48.585Z - [34mdebug[39m: [MASTER] [UPDATES] sending [ ack ] 60-1676  : { success: true, description: 'ACK-60-1676', data: '' }  ....
2015-09-30T20:41:48.585Z - [34mdebug[39m: [MASTER] END MESSAGE [ ack ]#60-1676 sent to CLIENT
2015-09-30T20:41:51.596Z - [34mdebug[39m: [MASTER] [UPDATES] BEGIN MESSAGE [ get_new ]#60-1677 send request  to SERVER
2015-09-30T20:41:51.599Z - [34mdebug[39m: [MASTER] [UPDATES] Message:
2015-09-30T20:41:51.599Z - [34mdebug[39m: [MASTER] [UPDATES] sending [ get_new ] 60-1677  : []  ....
2015-09-30T20:41:51.600Z - [34mdebug[39m: [MASTER] END MESSAGE [ get_new ]#60-1677 sent to CLIENT
2015-09-30T20:41:51.697Z - [34mdebug[39m: [MASTER] [UPDATES] BEGIN MESSAGE [ ack ]#60-1677 send request  to SERVER
2015-09-30T20:41:51.701Z - [34mdebug[39m: [MASTER] [UPDATES] Message: success=true, description=ACK-60-1677, data=
2015-09-30T20:41:51.701Z - [34mdebug[39m: [MASTER] [UPDATES] sending [ ack ] 60-1677  : { success: true, description: 'ACK-60-1677', data: '' }  ....
2015-09-30T20:41:51.702Z - [34mdebug[39m: [MASTER] END MESSAGE [ ack ]#60-1677 sent to CLIENT
2015-09-30T20:41:54.579Z - [34mdebug[39m: [MASTER] [UPDATES] BEGIN MESSAGE [ get_new ]#60-1678 send request  to SERVER
2015-09-30T20:41:54.583Z - [34mdebug[39m: [MASTER] [UPDATES] Message:
2015-09-30T20:41:54.583Z - [34mdebug[39m: [MASTER] [UPDATES] sending [ get_new ] 60-1678  : []  ....
2015-09-30T20:41:54.584Z - [34mdebug[39m: [MASTER] END MESSAGE [ get_new ]#60-1678 sent to CLIENT
2015-09-30T20:41:54.686Z - [34mdebug[39m: [MASTER] [UPDATES] BEGIN MESSAGE [ ack ]#60-1678 send request  to SERVER
2015-09-30T20:41:54.689Z - [34mdebug[39m: [MASTER] [UPDATES] Message: success=true, description=ACK-60-1678, data=
2015-09-30T20:41:54.690Z - [34mdebug[39m: [MASTER] [UPDATES] sending [ ack ] 60-1678  : { success: true, description: 'ACK-60-1678', data: '' }  ....
2015-09-30T20:41:54.690Z - [34mdebug[39m: [MASTER] END MESSAGE [ ack ]#60-1678 sent to CLIENT
2015-09-30T20:41:57.564Z - [34mdebug[39m: [MASTER] [UPDATES] BEGIN MESSAGE [ get_new ]#60-1679 send request  to SERVER
2015-09-30T20:41:57.567Z - [34mdebug[39m: [MASTER] [UPDATES] Message:
2015-09-30T20:41:57.567Z - [34mdebug[39m: [MASTER] [UPDATES] sending [ get_new ] 60-1679  : []  ....
2015-09-30T20:41:57.568Z - [34mdebug[39m: [MASTER] END MESSAGE [ get_new ]#60-1679 sent to CLIENT
2015-09-30T20:41:57.579Z - [34mdebug[39m: [MASTER] [UPDATES] BEGIN MESSAGE [ ack ]#60-1679 send request  to SERVER
2015-09-30T20:41:57.582Z - [34mdebug[39m: [MASTER] [UPDATES] Message: success=true, description=ACK-60-1679, data=
2015-09-30T20:41:57.582Z - [34mdebug[39m: [MASTER] [UPDATES] sending [ ack ] 60-1679  : { success: true, description: 'ACK-60-1679', data: '' }  ....
2015-09-30T20:41:57.582Z - [34mdebug[39m: [MASTER] END MESSAGE [ ack ]#60-1679 sent to CLIENT
2015-09-30T20:42:00.556Z - [34mdebug[39m: [MASTER] [UPDATES] BEGIN MESSAGE [ get_new ]#60-1680 send request  to SERVER
2015-09-30T20:42:00.559Z - [34mdebug[39m: [MASTER] [UPDATES] Message:
2015-09-30T20:42:00.559Z - [34mdebug[39m: [MASTER] [UPDATES] sending [ get_new ] 60-1680  : []  ....
2015-09-30T20:42:00.560Z - [34mdebug[39m: [MASTER] END MESSAGE [ get_new ]#60-1680 sent to CLIENT
2015-09-30T20:42:00.570Z - [34mdebug[39m: [MASTER] [UPDATES] BEGIN MESSAGE [ ack ]#60-1680 send request  to SERVER
2015-09-30T20:42:00.573Z - [34mdebug[39m: [MASTER] [UPDATES] Message: success=true, description=ACK-60-1680, data=
2015-09-30T20:42:00.573Z - [34mdebug[39m: [MASTER] [UPDATES] sending [ ack ] 60-1680  : { success: true, description: 'ACK-60-1680', data: '' }  ....
2015-09-30T20:42:00.574Z - [34mdebug[39m: [MASTER] END MESSAGE [ ack ]#60-1680 sent to CLIENT
2015-09-30T20:42:03.556Z - [34mdebug[39m: [MASTER] [UPDATES] BEGIN MESSAGE [ get_new ]#60-1681 send request  to SERVER
2015-09-30T20:42:03.559Z - [34mdebug[39m: [MASTER] [UPDATES] Message:
2015-09-30T20:42:03.560Z - [34mdebug[39m: [MASTER] [UPDATES] sending [ get_new ] 60-1681  : []  ....
2015-09-30T20:42:03.560Z - [34mdebug[39m: [MASTER] END MESSAGE [ get_new ]#60-1681 sent to CLIENT
2015-09-30T20:42:03.570Z - [34mdebug[39m: [MASTER] [UPDATES] BEGIN MESSAGE [ ack ]#60-1681 send request  to SERVER
2015-09-30T20:42:03.573Z - [34mdebug[39m: [MASTER] [UPDATES] Message: success=true, description=ACK-60-1681, data=
2015-09-30T20:42:03.573Z - [34mdebug[39m: [MASTER] [UPDATES] sending [ ack ] 60-1681  : { success: true, description: 'ACK-60-1681', data: '' }  ....
2015-09-30T20:42:03.574Z - [34mdebug[39m: [MASTER] END MESSAGE [ ack ]#60-1681 sent to CLIENT
2015-09-30T20:42:06.559Z - [34mdebug[39m: [MASTER] [UPDATES] BEGIN MESSAGE [ get_new ]#60-1682 send request  to SERVER
2015-09-30T20:42:06.562Z - [34mdebug[39m: [MASTER] [UPDATES] Message:
2015-09-30T20:42:06.562Z - [34mdebug[39m: [MASTER] [UPDATES] sending [ get_new ] 60-1682  : []  ....
2015-09-30T20:42:06.563Z - [34mdebug[39m: [MASTER] END MESSAGE [ get_new ]#60-1682 sent to CLIENT
2015-09-30T20:42:06.585Z - [34mdebug[39m: [MASTER] [UPDATES] BEGIN MESSAGE [ ack ]#60-1682 send request  to SERVER
2015-09-30T20:42:06.588Z - [34mdebug[39m: [MASTER] [UPDATES] Message: success=true, description=ACK-60-1682, data=
2015-09-30T20:42:06.588Z - [34mdebug[39m: [MASTER] [UPDATES] sending [ ack ] 60-1682  : { success: true, description: 'ACK-60-1682', data: '' }  ....
2015-09-30T20:42:06.589Z - [34mdebug[39m: [MASTER] END MESSAGE [ ack ]#60-1682 sent to CLIENT
2015-09-30T20:42:09.601Z - [34mdebug[39m: [MASTER] [UPDATES] BEGIN MESSAGE [ get_new ]#60-1683 send request  to SERVER
2015-09-30T20:42:09.604Z - [34mdebug[39m: [MASTER] [UPDATES] Message:
2015-09-30T20:42:09.604Z - [34mdebug[39m: [MASTER] [UPDATES] sending [ get_new ] 60-1683  : []  ....
2015-09-30T20:42:09.605Z - [34mdebug[39m: [MASTER] END MESSAGE [ get_new ]#60-1683 sent to CLIENT
2015-09-30T20:42:09.656Z - [34mdebug[39m: [MASTER] [UPDATES] BEGIN MESSAGE [ ack ]#60-1683 send request  to SERVER
2015-09-30T20:42:09.659Z - [34mdebug[39m: [MASTER] [UPDATES] Message: success=true, description=ACK-60-1683, data=
2015-09-30T20:42:09.659Z - [34mdebug[39m: [MASTER] [UPDATES] sending [ ack ] 60-1683  : { success: true, description: 'ACK-60-1683', data: '' }  ....
2015-09-30T20:42:09.660Z - [34mdebug[39m: [MASTER] END MESSAGE [ ack ]#60-1683 sent to CLIENT
2015-09-30T20:42:12.559Z - [34mdebug[39m: [MASTER] [UPDATES] BEGIN MESSAGE [ get_new ]#60-1684 send request  to SERVER
2015-09-30T20:42:12.562Z - [34mdebug[39m: [MASTER] [UPDATES] Message:
2015-09-30T20:42:12.562Z - [34mdebug[39m: [MASTER] [UPDATES] sending [ get_new ] 60-1684  : []  ....
2015-09-30T20:42:12.563Z - [34mdebug[39m: [MASTER] END MESSAGE [ get_new ]#60-1684 sent to CLIENT
2015-09-30T20:42:12.573Z - [34mdebug[39m: [MASTER] [UPDATES] BEGIN MESSAGE [ ack ]#60-1684 send request  to SERVER
2015-09-30T20:42:12.576Z - [34mdebug[39m: [MASTER] [UPDATES] Message: success=true, description=ACK-60-1684, data=
2015-09-30T20:42:12.576Z - [34mdebug[39m: [MASTER] [UPDATES] sending [ ack ] 60-1684  : { success: true, description: 'ACK-60-1684', data: '' }  ....
2015-09-30T20:42:12.577Z - [34mdebug[39m: [MASTER] END MESSAGE [ ack ]#60-1684 sent to CLIENT
2015-09-30T20:42:15.556Z - [34mdebug[39m: [MASTER] [UPDATES] BEGIN MESSAGE [ get_new ]#60-1685 send request  to SERVER
2015-09-30T20:42:15.559Z - [34mdebug[39m: [MASTER] [UPDATES] Message:
2015-09-30T20:42:15.560Z - [34mdebug[39m: [MASTER] [UPDATES] sending [ get_new ] 60-1685  : []  ....
2015-09-30T20:42:15.560Z - [34mdebug[39m: [MASTER] END MESSAGE [ get_new ]#60-1685 sent to CLIENT
2015-09-30T20:42:15.574Z - [34mdebug[39m: [MASTER] [UPDATES] BEGIN MESSAGE [ ack ]#60-1685 send request  to SERVER
2015-09-30T20:42:15.577Z - [34mdebug[39m: [MASTER] [UPDATES] Message: success=true, description=ACK-60-1685, data=
2015-09-30T20:42:15.577Z - [34mdebug[39m: [MASTER] [UPDATES] sending [ ack ] 60-1685  : { success: true, description: 'ACK-60-1685', data: '' }  ....
2015-09-30T20:42:15.578Z - [34mdebug[39m: [MASTER] END MESSAGE [ ack ]#60-1685 sent to CLIENT
2015-09-30T20:42:18.563Z - [34mdebug[39m: [MASTER] [UPDATES] BEGIN MESSAGE [ get_new ]#60-1686 send request  to SERVER
2015-09-30T20:42:18.566Z - [34mdebug[39m: [MASTER] [UPDATES] Message:
2015-09-30T20:42:18.566Z - [34mdebug[39m: [MASTER] [UPDATES] sending [ get_new ] 60-1686  : []  ....
2015-09-30T20:42:18.567Z - [34mdebug[39m: [MASTER] END MESSAGE [ get_new ]#60-1686 sent to CLIENT
2015-09-30T20:42:18.578Z - [34mdebug[39m: [MASTER] [UPDATES] BEGIN MESSAGE [ ack ]#60-1686 send request  to SERVER
2015-09-30T20:42:18.580Z - [34mdebug[39m: [MASTER] [UPDATES] Message: success=true, description=ACK-60-1686, data=
2015-09-30T20:42:18.581Z - [34mdebug[39m: [MASTER] [UPDATES] sending [ ack ] 60-1686  : { success: true, description: 'ACK-60-1686', data: '' }  ....
2015-09-30T20:42:18.581Z - [34mdebug[39m: [MASTER] END MESSAGE [ ack ]#60-1686 sent to CLIENT
2015-09-30T20:42:21.556Z - [34mdebug[39m: [MASTER] [UPDATES] BEGIN MESSAGE [ get_new ]#60-1687 send request  to SERVER
2015-09-30T20:42:21.560Z - [34mdebug[39m: [MASTER] [UPDATES] Message:
2015-09-30T20:42:21.561Z - [34mdebug[39m: [MASTER] [UPDATES] sending [ get_new ] 60-1687  : []  ....
2015-09-30T20:42:21.561Z - [34mdebug[39m: [MASTER] END MESSAGE [ get_new ]#60-1687 sent to CLIENT
2015-09-30T20:42:21.573Z - [34mdebug[39m: [MASTER] [UPDATES] BEGIN MESSAGE [ ack ]#60-1687 send request  to SERVER
2015-09-30T20:42:21.576Z - [34mdebug[39m: [MASTER] [UPDATES] Message: success=true, description=ACK-60-1687, data=
2015-09-30T20:42:21.577Z - [34mdebug[39m: [MASTER] [UPDATES] sending [ ack ] 60-1687  : { success: true, description: 'ACK-60-1687', data: '' }  ....
2015-09-30T20:42:21.577Z - [34mdebug[39m: [MASTER] END MESSAGE [ ack ]#60-1687 sent to CLIENT
2015-09-30T20:42:24.615Z - [34mdebug[39m: [MASTER] [UPDATES] BEGIN MESSAGE [ get_new ]#60-1688 send request  to SERVER
2015-09-30T20:42:24.618Z - [34mdebug[39m: [MASTER] [UPDATES] Message:
2015-09-30T20:42:24.619Z - [34mdebug[39m: [MASTER] [UPDATES] sending [ get_new ] 60-1688  : []  ....
2015-09-30T20:42:24.620Z - [34mdebug[39m: [MASTER] END MESSAGE [ get_new ]#60-1688 sent to CLIENT
2015-09-30T20:42:24.663Z - [34mdebug[39m: [MASTER] [UPDATES] BEGIN MESSAGE [ ack ]#60-1688 send request  to SERVER
2015-09-30T20:42:24.666Z - [34mdebug[39m: [MASTER] [UPDATES] Message: success=true, description=ACK-60-1688, data=
2015-09-30T20:42:24.666Z - [34mdebug[39m: [MASTER] [UPDATES] sending [ ack ] 60-1688  : { success: true, description: 'ACK-60-1688', data: '' }  ....
2015-09-30T20:42:24.666Z - [34mdebug[39m: [MASTER] END MESSAGE [ ack ]#60-1688 sent to CLIENT
2015-09-30T20:42:27.556Z - [34mdebug[39m: [MASTER] [UPDATES] BEGIN MESSAGE [ get_new ]#60-1689 send request  to SERVER
2015-09-30T20:42:27.559Z - [34mdebug[39m: [MASTER] [UPDATES] Message:
2015-09-30T20:42:27.559Z - [34mdebug[39m: [MASTER] [UPDATES] sending [ get_new ] 60-1689  : []  ....
2015-09-30T20:42:27.560Z - [34mdebug[39m: [MASTER] END MESSAGE [ get_new ]#60-1689 sent to CLIENT
2015-09-30T20:42:27.570Z - [34mdebug[39m: [MASTER] [UPDATES] BEGIN MESSAGE [ ack ]#60-1689 send request  to SERVER
2015-09-30T20:42:27.573Z - [34mdebug[39m: [MASTER] [UPDATES] Message: success=true, description=ACK-60-1689, data=
2015-09-30T20:42:27.573Z - [34mdebug[39m: [MASTER] [UPDATES] sending [ ack ] 60-1689  : { success: true, description: 'ACK-60-1689', data: '' }  ....
2015-09-30T20:42:27.574Z - [34mdebug[39m: [MASTER] END MESSAGE [ ack ]#60-1689 sent to CLIENT
2015-09-30T20:42:30.559Z - [34mdebug[39m: [MASTER] [UPDATES] BEGIN MESSAGE [ get_new ]#60-1690 send request  to SERVER
2015-09-30T20:42:30.562Z - [34mdebug[39m: [MASTER] [UPDATES] Message:
2015-09-30T20:42:30.562Z - [34mdebug[39m: [MASTER] [UPDATES] sending [ get_new ] 60-1690  : []  ....
2015-09-30T20:42:30.562Z - [34mdebug[39m: [MASTER] END MESSAGE [ get_new ]#60-1690 sent to CLIENT
2015-09-30T20:42:30.585Z - [34mdebug[39m: [MASTER] [UPDATES] BEGIN MESSAGE [ ack ]#60-1690 send request  to SERVER
2015-09-30T20:42:30.588Z - [34mdebug[39m: [MASTER] [UPDATES] Message: success=true, description=ACK-60-1690, data=
2015-09-30T20:42:30.589Z - [34mdebug[39m: [MASTER] [UPDATES] sending [ ack ] 60-1690  : { success: true, description: 'ACK-60-1690', data: '' }  ....
2015-09-30T20:42:30.589Z - [34mdebug[39m: [MASTER] END MESSAGE [ ack ]#60-1690 sent to CLIENT
2015-09-30T20:42:33.715Z - [34mdebug[39m: [MASTER] [UPDATES] BEGIN MESSAGE [ get_new ]#60-1691 send request  to SERVER
2015-09-30T20:42:33.719Z - [34mdebug[39m: [MASTER] [UPDATES] Message:
2015-09-30T20:42:33.719Z - [34mdebug[39m: [MASTER] [UPDATES] sending [ get_new ] 60-1691  : []  ....
2015-09-30T20:42:33.720Z - [34mdebug[39m: [MASTER] END MESSAGE [ get_new ]#60-1691 sent to CLIENT
2015-09-30T20:42:33.751Z - [34mdebug[39m: [MASTER] [UPDATES] BEGIN MESSAGE [ ack ]#60-1691 send request  to SERVER
2015-09-30T20:42:33.754Z - [34mdebug[39m: [MASTER] [UPDATES] Message: success=true, description=ACK-60-1691, data=
2015-09-30T20:42:33.754Z - [34mdebug[39m: [MASTER] [UPDATES] sending [ ack ] 60-1691  : { success: true, description: 'ACK-60-1691', data: '' }  ....
2015-09-30T20:42:33.755Z - [34mdebug[39m: [MASTER] END MESSAGE [ ack ]#60-1691 sent to CLIENT
2015-09-30T20:42:36.556Z - [34mdebug[39m: [MASTER] [UPDATES] BEGIN MESSAGE [ get_new ]#60-1692 send request  to SERVER
2015-09-30T20:42:36.559Z - [34mdebug[39m: [MASTER] [UPDATES] Message:
2015-09-30T20:42:36.559Z - [34mdebug[39m: [MASTER] [UPDATES] sending [ get_new ] 60-1692  : []  ....
2015-09-30T20:42:36.560Z - [34mdebug[39m: [MASTER] END MESSAGE [ get_new ]#60-1692 sent to CLIENT
2015-09-30T20:42:36.569Z - [34mdebug[39m: [MASTER] [UPDATES] BEGIN MESSAGE [ ack ]#60-1692 send request  to SERVER
2015-09-30T20:42:36.572Z - [34mdebug[39m: [MASTER] [UPDATES] Message: success=true, description=ACK-60-1692, data=
2015-09-30T20:42:36.572Z - [34mdebug[39m: [MASTER] [UPDATES] sending [ ack ] 60-1692  : { success: true, description: 'ACK-60-1692', data: '' }  ....
2015-09-30T20:42:36.573Z - [34mdebug[39m: [MASTER] END MESSAGE [ ack ]#60-1692 sent to CLIENT
2015-09-30T20:42:39.556Z - [34mdebug[39m: [MASTER] [UPDATES] BEGIN MESSAGE [ get_new ]#60-1693 send request  to SERVER
2015-09-30T20:42:39.559Z - [34mdebug[39m: [MASTER] [UPDATES] Message:
2015-09-30T20:42:39.559Z - [34mdebug[39m: [MASTER] [UPDATES] sending [ get_new ] 60-1693  : []  ....
2015-09-30T20:42:39.560Z - [34mdebug[39m: [MASTER] END MESSAGE [ get_new ]#60-1693 sent to CLIENT
2015-09-30T20:42:39.666Z - [34mdebug[39m: [MASTER] [UPDATES] BEGIN MESSAGE [ ack ]#60-1693 send request  to SERVER
2015-09-30T20:42:39.669Z - [34mdebug[39m: [MASTER] [UPDATES] Message: success=true, description=ACK-60-1693, data=
2015-09-30T20:42:39.670Z - [34mdebug[39m: [MASTER] [UPDATES] sending [ ack ] 60-1693  : { success: true, description: 'ACK-60-1693', data: '' }  ....
2015-09-30T20:42:39.670Z - [34mdebug[39m: [MASTER] END MESSAGE [ ack ]#60-1693 sent to CLIENT
2015-09-30T20:42:42.557Z - [34mdebug[39m: [MASTER] [UPDATES] BEGIN MESSAGE [ get_new ]#60-1694 send request  to SERVER
2015-09-30T20:42:42.560Z - [34mdebug[39m: [MASTER] [UPDATES] Message:
2015-09-30T20:42:42.560Z - [34mdebug[39m: [MASTER] [UPDATES] sending [ get_new ] 60-1694  : []  ....
2015-09-30T20:42:42.561Z - [34mdebug[39m: [MASTER] END MESSAGE [ get_new ]#60-1694 sent to CLIENT
2015-09-30T20:42:42.576Z - [34mdebug[39m: [MASTER] [UPDATES] BEGIN MESSAGE [ ack ]#60-1694 send request  to SERVER
2015-09-30T20:42:42.579Z - [34mdebug[39m: [MASTER] [UPDATES] Message: success=true, description=ACK-60-1694, data=
2015-09-30T20:42:42.579Z - [34mdebug[39m: [MASTER] [UPDATES] sending [ ack ] 60-1694  : { success: true, description: 'ACK-60-1694', data: '' }  ....
2015-09-30T20:42:42.580Z - [34mdebug[39m: [MASTER] END MESSAGE [ ack ]#60-1694 sent to CLIENT
2015-09-30T20:42:45.556Z - [34mdebug[39m: [MASTER] [UPDATES] BEGIN MESSAGE [ get_new ]#60-1695 send request  to SERVER
2015-09-30T20:42:45.560Z - [34mdebug[39m: [MASTER] [UPDATES] Message:
2015-09-30T20:42:45.560Z - [34mdebug[39m: [MASTER] [UPDATES] sending [ get_new ] 60-1695  : []  ....
2015-09-30T20:42:45.561Z - [34mdebug[39m: [MASTER] END MESSAGE [ get_new ]#60-1695 sent to CLIENT
2015-09-30T20:42:45.571Z - [34mdebug[39m: [MASTER] [UPDATES] BEGIN MESSAGE [ ack ]#60-1695 send request  to SERVER
2015-09-30T20:42:45.575Z - [34mdebug[39m: [MASTER] [UPDATES] Message: success=true, description=ACK-60-1695, data=
2015-09-30T20:42:45.575Z - [34mdebug[39m: [MASTER] [UPDATES] sending [ ack ] 60-1695  : { success: true, description: 'ACK-60-1695', data: '' }  ....
2015-09-30T20:42:45.575Z - [34mdebug[39m: [MASTER] END MESSAGE [ ack ]#60-1695 sent to CLIENT
2015-09-30T20:42:48.556Z - [34mdebug[39m: [MASTER] [UPDATES] BEGIN MESSAGE [ get_new ]#60-1696 send request  to SERVER
2015-09-30T20:42:48.560Z - [34mdebug[39m: [MASTER] [UPDATES] Message:
2015-09-30T20:42:48.560Z - [34mdebug[39m: [MASTER] [UPDATES] sending [ get_new ] 60-1696  : []  ....
2015-09-30T20:42:48.561Z - [34mdebug[39m: [MASTER] END MESSAGE [ get_new ]#60-1696 sent to CLIENT
2015-09-30T20:42:48.571Z - [34mdebug[39m: [MASTER] [UPDATES] BEGIN MESSAGE [ ack ]#60-1696 send request  to SERVER
2015-09-30T20:42:48.574Z - [34mdebug[39m: [MASTER] [UPDATES] Message: success=true, description=ACK-60-1696, data=
2015-09-30T20:42:48.574Z - [34mdebug[39m: [MASTER] [UPDATES] sending [ ack ] 60-1696  : { success: true, description: 'ACK-60-1696', data: '' }  ....
2015-09-30T20:42:48.575Z - [34mdebug[39m: [MASTER] END MESSAGE [ ack ]#60-1696 sent to CLIENT
2015-09-30T20:42:51.559Z - [34mdebug[39m: [MASTER] [UPDATES] BEGIN MESSAGE [ get_new ]#60-1697 send request  to SERVER
2015-09-30T20:42:51.564Z - [34mdebug[39m: [MASTER] [UPDATES] Message:
2015-09-30T20:42:51.564Z - [34mdebug[39m: [MASTER] [UPDATES] sending [ get_new ] 60-1697  : []  ....
2015-09-30T20:42:51.565Z - [34mdebug[39m: [MASTER] END MESSAGE [ get_new ]#60-1697 sent to CLIENT
2015-09-30T20:42:51.576Z - [34mdebug[39m: [MASTER] [UPDATES] BEGIN MESSAGE [ ack ]#60-1697 send request  to SERVER
2015-09-30T20:42:51.579Z - [34mdebug[39m: [MASTER] [UPDATES] Message: success=true, description=ACK-60-1697, data=
2015-09-30T20:42:51.579Z - [34mdebug[39m: [MASTER] [UPDATES] sending [ ack ] 60-1697  : { success: true, description: 'ACK-60-1697', data: '' }  ....
2015-09-30T20:42:51.580Z - [34mdebug[39m: [MASTER] END MESSAGE [ ack ]#60-1697 sent to CLIENT
2015-09-30T20:42:54.557Z - [34mdebug[39m: [MASTER] [UPDATES] BEGIN MESSAGE [ get_new ]#60-1698 send request  to SERVER
2015-09-30T20:42:54.560Z - [34mdebug[39m: [MASTER] [UPDATES] Message:
2015-09-30T20:42:54.561Z - [34mdebug[39m: [MASTER] [UPDATES] sending [ get_new ] 60-1698  : []  ....
2015-09-30T20:42:54.561Z - [34mdebug[39m: [MASTER] END MESSAGE [ get_new ]#60-1698 sent to CLIENT
2015-09-30T20:42:54.584Z - [34mdebug[39m: [MASTER] [UPDATES] BEGIN MESSAGE [ ack ]#60-1698 send request  to SERVER
2015-09-30T20:42:54.587Z - [34mdebug[39m: [MASTER] [UPDATES] Message: success=true, description=ACK-60-1698, data=
2015-09-30T20:42:54.587Z - [34mdebug[39m: [MASTER] [UPDATES] sending [ ack ] 60-1698  : { success: true, description: 'ACK-60-1698', data: '' }  ....
2015-09-30T20:42:54.587Z - [34mdebug[39m: [MASTER] END MESSAGE [ ack ]#60-1698 sent to CLIENT
2015-09-30T20:42:57.556Z - [34mdebug[39m: [MASTER] [UPDATES] BEGIN MESSAGE [ get_new ]#60-1699 send request  to SERVER
2015-09-30T20:42:57.559Z - [34mdebug[39m: [MASTER] [UPDATES] Message:
2015-09-30T20:42:57.559Z - [34mdebug[39m: [MASTER] [UPDATES] sending [ get_new ] 60-1699  : []  ....
2015-09-30T20:42:57.560Z - [34mdebug[39m: [MASTER] END MESSAGE [ get_new ]#60-1699 sent to CLIENT
2015-09-30T20:42:57.570Z - [34mdebug[39m: [MASTER] [UPDATES] BEGIN MESSAGE [ ack ]#60-1699 send request  to SERVER
2015-09-30T20:42:57.573Z - [34mdebug[39m: [MASTER] [UPDATES] Message: success=true, description=ACK-60-1699, data=
2015-09-30T20:42:57.573Z - [34mdebug[39m: [MASTER] [UPDATES] sending [ ack ] 60-1699  : { success: true, description: 'ACK-60-1699', data: '' }  ....
2015-09-30T20:42:57.574Z - [34mdebug[39m: [MASTER] END MESSAGE [ ack ]#60-1699 sent to CLIENT
2015-09-30T20:43:00.557Z - [34mdebug[39m: [MASTER] [UPDATES] BEGIN MESSAGE [ get_new ]#60-1700 send request  to SERVER
2015-09-30T20:43:00.560Z - [34mdebug[39m: [MASTER] [UPDATES] Message:
2015-09-30T20:43:00.561Z - [34mdebug[39m: [MASTER] [UPDATES] sending [ get_new ] 60-1700  : []  ....
2015-09-30T20:43:00.561Z - [34mdebug[39m: [MASTER] END MESSAGE [ get_new ]#60-1700 sent to CLIENT
2015-09-30T20:43:00.574Z - [34mdebug[39m: [MASTER] [UPDATES] BEGIN MESSAGE [ ack ]#60-1700 send request  to SERVER
2015-09-30T20:43:00.577Z - [34mdebug[39m: [MASTER] [UPDATES] Message: success=true, description=ACK-60-1700, data=
2015-09-30T20:43:00.578Z - [34mdebug[39m: [MASTER] [UPDATES] sending [ ack ] 60-1700  : { success: true, description: 'ACK-60-1700', data: '' }  ....
2015-09-30T20:43:00.578Z - [34mdebug[39m: [MASTER] END MESSAGE [ ack ]#60-1700 sent to CLIENT
2015-09-30T20:43:03.567Z - [34mdebug[39m: [MASTER] [UPDATES] BEGIN MESSAGE [ get_new ]#60-1701 send request  to SERVER
2015-09-30T20:43:03.574Z - [34mdebug[39m: [MASTER] [UPDATES] Message:
2015-09-30T20:43:03.575Z - [34mdebug[39m: [MASTER] [UPDATES] sending [ get_new ] 60-1701  : []  ....
2015-09-30T20:43:03.576Z - [34mdebug[39m: [MASTER] END MESSAGE [ get_new ]#60-1701 sent to CLIENT
2015-09-30T20:43:03.643Z - [34mdebug[39m: [MASTER] [UPDATES] BEGIN MESSAGE [ ack ]#60-1701 send request  to SERVER
2015-09-30T20:43:03.650Z - [34mdebug[39m: [MASTER] [UPDATES] Message: success=true, description=ACK-60-1701, data=
2015-09-30T20:43:03.650Z - [34mdebug[39m: [MASTER] [UPDATES] sending [ ack ] 60-1701  : { success: true, description: 'ACK-60-1701', data: '' }  ....
2015-09-30T20:43:03.652Z - [34mdebug[39m: [MASTER] END MESSAGE [ ack ]#60-1701 sent to CLIENT
2015-09-30T20:43:06.557Z - [34mdebug[39m: [MASTER] [UPDATES] BEGIN MESSAGE [ get_new ]#60-1702 send request  to SERVER
2015-09-30T20:43:06.560Z - [34mdebug[39m: [MASTER] [UPDATES] Message:
2015-09-30T20:43:06.560Z - [34mdebug[39m: [MASTER] [UPDATES] sending [ get_new ] 60-1702  : []  ....
2015-09-30T20:43:06.561Z - [34mdebug[39m: [MASTER] END MESSAGE [ get_new ]#60-1702 sent to CLIENT
2015-09-30T20:43:06.571Z - [34mdebug[39m: [MASTER] [UPDATES] BEGIN MESSAGE [ ack ]#60-1702 send request  to SERVER
2015-09-30T20:43:06.575Z - [34mdebug[39m: [MASTER] [UPDATES] Message: success=true, description=ACK-60-1702, data=
2015-09-30T20:43:06.575Z - [34mdebug[39m: [MASTER] [UPDATES] sending [ ack ] 60-1702  : { success: true, description: 'ACK-60-1702', data: '' }  ....
2015-09-30T20:43:06.576Z - [34mdebug[39m: [MASTER] END MESSAGE [ ack ]#60-1702 sent to CLIENT
2015-09-30T20:43:09.556Z - [34mdebug[39m: [MASTER] [UPDATES] BEGIN MESSAGE [ get_new ]#60-1703 send request  to SERVER
2015-09-30T20:43:09.559Z - [34mdebug[39m: [MASTER] [UPDATES] Message:
2015-09-30T20:43:09.559Z - [34mdebug[39m: [MASTER] [UPDATES] sending [ get_new ] 60-1703  : []  ....
2015-09-30T20:43:09.560Z - [34mdebug[39m: [MASTER] END MESSAGE [ get_new ]#60-1703 sent to CLIENT
2015-09-30T20:43:09.569Z - [34mdebug[39m: [MASTER] [UPDATES] BEGIN MESSAGE [ ack ]#60-1703 send request  to SERVER
2015-09-30T20:43:09.572Z - [34mdebug[39m: [MASTER] [UPDATES] Message: success=true, description=ACK-60-1703, data=
2015-09-30T20:43:09.573Z - [34mdebug[39m: [MASTER] [UPDATES] sending [ ack ] 60-1703  : { success: true, description: 'ACK-60-1703', data: '' }  ....
2015-09-30T20:43:09.573Z - [34mdebug[39m: [MASTER] END MESSAGE [ ack ]#60-1703 sent to CLIENT
2015-09-30T20:43:12.559Z - [34mdebug[39m: [MASTER] [UPDATES] BEGIN MESSAGE [ get_new ]#60-1704 send request  to SERVER
2015-09-30T20:43:12.562Z - [34mdebug[39m: [MASTER] [UPDATES] Message:
2015-09-30T20:43:12.562Z - [34mdebug[39m: [MASTER] [UPDATES] sending [ get_new ] 60-1704  : []  ....
2015-09-30T20:43:12.563Z - [34mdebug[39m: [MASTER] END MESSAGE [ get_new ]#60-1704 sent to CLIENT
2015-09-30T20:43:12.573Z - [34mdebug[39m: [MASTER] [UPDATES] BEGIN MESSAGE [ ack ]#60-1704 send request  to SERVER
2015-09-30T20:43:12.576Z - [34mdebug[39m: [MASTER] [UPDATES] Message: success=true, description=ACK-60-1704, data=
2015-09-30T20:43:12.577Z - [34mdebug[39m: [MASTER] [UPDATES] sending [ ack ] 60-1704  : { success: true, description: 'ACK-60-1704', data: '' }  ....
2015-09-30T20:43:12.577Z - [34mdebug[39m: [MASTER] END MESSAGE [ ack ]#60-1704 sent to CLIENT
2015-09-30T20:43:15.557Z - [34mdebug[39m: [MASTER] [UPDATES] BEGIN MESSAGE [ get_new ]#60-1705 send request  to SERVER
2015-09-30T20:43:15.560Z - [34mdebug[39m: [MASTER] [UPDATES] Message:
2015-09-30T20:43:15.561Z - [34mdebug[39m: [MASTER] [UPDATES] sending [ get_new ] 60-1705  : []  ....
2015-09-30T20:43:15.561Z - [34mdebug[39m: [MASTER] END MESSAGE [ get_new ]#60-1705 sent to CLIENT
2015-09-30T20:43:15.572Z - [34mdebug[39m: [MASTER] [UPDATES] BEGIN MESSAGE [ ack ]#60-1705 send request  to SERVER
2015-09-30T20:43:15.575Z - [34mdebug[39m: [MASTER] [UPDATES] Message: success=true, description=ACK-60-1705, data=
2015-09-30T20:43:15.575Z - [34mdebug[39m: [MASTER] [UPDATES] sending [ ack ] 60-1705  : { success: true, description: 'ACK-60-1705', data: '' }  ....
2015-09-30T20:43:15.576Z - [34mdebug[39m: [MASTER] END MESSAGE [ ack ]#60-1705 sent to CLIENT
2015-09-30T20:43:18.556Z - [34mdebug[39m: [MASTER] [UPDATES] BEGIN MESSAGE [ get_new ]#60-1706 send request  to SERVER
2015-09-30T20:43:18.559Z - [34mdebug[39m: [MASTER] [UPDATES] Message:
2015-09-30T20:43:18.559Z - [34mdebug[39m: [MASTER] [UPDATES] sending [ get_new ] 60-1706  : []  ....
2015-09-30T20:43:18.560Z - [34mdebug[39m: [MASTER] END MESSAGE [ get_new ]#60-1706 sent to CLIENT
2015-09-30T20:43:18.631Z - [34mdebug[39m: [MASTER] [UPDATES] BEGIN MESSAGE [ ack ]#60-1706 send request  to SERVER
2015-09-30T20:43:18.634Z - [34mdebug[39m: [MASTER] [UPDATES] Message: success=true, description=ACK-60-1706, data=
2015-09-30T20:43:18.634Z - [34mdebug[39m: [MASTER] [UPDATES] sending [ ack ] 60-1706  : { success: true, description: 'ACK-60-1706', data: '' }  ....
2015-09-30T20:43:18.635Z - [34mdebug[39m: [MASTER] END MESSAGE [ ack ]#60-1706 sent to CLIENT
2015-09-30T20:43:21.557Z - [34mdebug[39m: [MASTER] [UPDATES] BEGIN MESSAGE [ get_new ]#60-1707 send request  to SERVER
2015-09-30T20:43:21.560Z - [34mdebug[39m: [MASTER] [UPDATES] Message:
2015-09-30T20:43:21.560Z - [34mdebug[39m: [MASTER] [UPDATES] sending [ get_new ] 60-1707  : []  ....
2015-09-30T20:43:21.561Z - [34mdebug[39m: [MASTER] END MESSAGE [ get_new ]#60-1707 sent to CLIENT
2015-09-30T20:43:21.571Z - [34mdebug[39m: [MASTER] [UPDATES] BEGIN MESSAGE [ ack ]#60-1707 send request  to SERVER
2015-09-30T20:43:21.575Z - [34mdebug[39m: [MASTER] [UPDATES] Message: success=true, description=ACK-60-1707, data=
2015-09-30T20:43:21.575Z - [34mdebug[39m: [MASTER] [UPDATES] sending [ ack ] 60-1707  : { success: true, description: 'ACK-60-1707', data: '' }  ....
2015-09-30T20:43:21.575Z - [34mdebug[39m: [MASTER] END MESSAGE [ ack ]#60-1707 sent to CLIENT
2015-09-30T20:43:24.556Z - [34mdebug[39m: [MASTER] [UPDATES] BEGIN MESSAGE [ get_new ]#60-1708 send request  to SERVER
2015-09-30T20:43:24.559Z - [34mdebug[39m: [MASTER] [UPDATES] Message:
2015-09-30T20:43:24.560Z - [34mdebug[39m: [MASTER] [UPDATES] sending [ get_new ] 60-1708  : []  ....
2015-09-30T20:43:24.560Z - [34mdebug[39m: [MASTER] END MESSAGE [ get_new ]#60-1708 sent to CLIENT
2015-09-30T20:43:24.571Z - [34mdebug[39m: [MASTER] [UPDATES] BEGIN MESSAGE [ ack ]#60-1708 send request  to SERVER
2015-09-30T20:43:24.574Z - [34mdebug[39m: [MASTER] [UPDATES] Message: success=true, description=ACK-60-1708, data=
2015-09-30T20:43:24.574Z - [34mdebug[39m: [MASTER] [UPDATES] sending [ ack ] 60-1708  : { success: true, description: 'ACK-60-1708', data: '' }  ....
2015-09-30T20:43:24.575Z - [34mdebug[39m: [MASTER] END MESSAGE [ ack ]#60-1708 sent to CLIENT
2015-09-30T20:43:27.557Z - [34mdebug[39m: [MASTER] [UPDATES] BEGIN MESSAGE [ get_new ]#60-1709 send request  to SERVER
2015-09-30T20:43:27.560Z - [34mdebug[39m: [MASTER] [UPDATES] Message:
2015-09-30T20:43:27.560Z - [34mdebug[39m: [MASTER] [UPDATES] sending [ get_new ] 60-1709  : []  ....
2015-09-30T20:43:27.561Z - [34mdebug[39m: [MASTER] END MESSAGE [ get_new ]#60-1709 sent to CLIENT
2015-09-30T20:43:27.584Z - [34mdebug[39m: [MASTER] [UPDATES] BEGIN MESSAGE [ ack ]#60-1709 send request  to SERVER
2015-09-30T20:43:27.587Z - [34mdebug[39m: [MASTER] [UPDATES] Message: success=true, description=ACK-60-1709, data=
2015-09-30T20:43:27.587Z - [34mdebug[39m: [MASTER] [UPDATES] sending [ ack ] 60-1709  : { success: true, description: 'ACK-60-1709', data: '' }  ....
2015-09-30T20:43:27.587Z - [34mdebug[39m: [MASTER] END MESSAGE [ ack ]#60-1709 sent to CLIENT
2015-09-30T20:43:30.557Z - [34mdebug[39m: [MASTER] [UPDATES] BEGIN MESSAGE [ get_new ]#60-1710 send request  to SERVER
2015-09-30T20:43:30.561Z - [34mdebug[39m: [MASTER] [UPDATES] Message:
2015-09-30T20:43:30.561Z - [34mdebug[39m: [MASTER] [UPDATES] sending [ get_new ] 60-1710  : []  ....
2015-09-30T20:43:30.561Z - [34mdebug[39m: [MASTER] END MESSAGE [ get_new ]#60-1710 sent to CLIENT
2015-09-30T20:43:30.572Z - [34mdebug[39m: [MASTER] [UPDATES] BEGIN MESSAGE [ ack ]#60-1710 send request  to SERVER
2015-09-30T20:43:30.575Z - [34mdebug[39m: [MASTER] [UPDATES] Message: success=true, description=ACK-60-1710, data=
2015-09-30T20:43:30.575Z - [34mdebug[39m: [MASTER] [UPDATES] sending [ ack ] 60-1710  : { success: true, description: 'ACK-60-1710', data: '' }  ....
2015-09-30T20:43:30.576Z - [34mdebug[39m: [MASTER] END MESSAGE [ ack ]#60-1710 sent to CLIENT
2015-09-30T20:43:33.557Z - [34mdebug[39m: [MASTER] [UPDATES] BEGIN MESSAGE [ get_new ]#60-1711 send request  to SERVER
2015-09-30T20:43:33.560Z - [34mdebug[39m: [MASTER] [UPDATES] Message:
2015-09-30T20:43:33.560Z - [34mdebug[39m: [MASTER] [UPDATES] sending [ get_new ] 60-1711  : []  ....
2015-09-30T20:43:33.561Z - [34mdebug[39m: [MASTER] END MESSAGE [ get_new ]#60-1711 sent to CLIENT
2015-09-30T20:43:33.572Z - [34mdebug[39m: [MASTER] [UPDATES] BEGIN MESSAGE [ ack ]#60-1711 send request  to SERVER
2015-09-30T20:43:33.575Z - [34mdebug[39m: [MASTER] [UPDATES] Message: success=true, description=ACK-60-1711, data=
2015-09-30T20:43:33.575Z - [34mdebug[39m: [MASTER] [UPDATES] sending [ ack ] 60-1711  : { success: true, description: 'ACK-60-1711', data: '' }  ....
2015-09-30T20:43:33.576Z - [34mdebug[39m: [MASTER] END MESSAGE [ ack ]#60-1711 sent to CLIENT
2015-09-30T20:43:36.557Z - [34mdebug[39m: [MASTER] [UPDATES] BEGIN MESSAGE [ get_new ]#60-1712 send request  to SERVER
2015-09-30T20:43:36.560Z - [34mdebug[39m: [MASTER] [UPDATES] Message:
2015-09-30T20:43:36.560Z - [34mdebug[39m: [MASTER] [UPDATES] sending [ get_new ] 60-1712  : []  ....
2015-09-30T20:43:36.561Z - [34mdebug[39m: [MASTER] END MESSAGE [ get_new ]#60-1712 sent to CLIENT
2015-09-30T20:43:36.572Z - [34mdebug[39m: [MASTER] [UPDATES] BEGIN MESSAGE [ ack ]#60-1712 send request  to SERVER
2015-09-30T20:43:36.575Z - [34mdebug[39m: [MASTER] [UPDATES] Message: success=true, description=ACK-60-1712, data=
2015-09-30T20:43:36.575Z - [34mdebug[39m: [MASTER] [UPDATES] sending [ ack ] 60-1712  : { success: true, description: 'ACK-60-1712', data: '' }  ....
2015-09-30T20:43:36.575Z - [34mdebug[39m: [MASTER] END MESSAGE [ ack ]#60-1712 sent to CLIENT
2015-09-30T20:43:39.556Z - [34mdebug[39m: [MASTER] [UPDATES] BEGIN MESSAGE [ get_new ]#60-1713 send request  to SERVER
2015-09-30T20:43:39.560Z - [34mdebug[39m: [MASTER] [UPDATES] Message:
2015-09-30T20:43:39.560Z - [34mdebug[39m: [MASTER] [UPDATES] sending [ get_new ] 60-1713  : []  ....
2015-09-30T20:43:39.560Z - [34mdebug[39m: [MASTER] END MESSAGE [ get_new ]#60-1713 sent to CLIENT
2015-09-30T20:43:39.582Z - [34mdebug[39m: [MASTER] [UPDATES] BEGIN MESSAGE [ ack ]#60-1713 send request  to SERVER
2015-09-30T20:43:39.586Z - [34mdebug[39m: [MASTER] [UPDATES] Message: success=true, description=ACK-60-1713, data=
2015-09-30T20:43:39.586Z - [34mdebug[39m: [MASTER] [UPDATES] sending [ ack ] 60-1713  : { success: true, description: 'ACK-60-1713', data: '' }  ....
2015-09-30T20:43:39.586Z - [34mdebug[39m: [MASTER] END MESSAGE [ ack ]#60-1713 sent to CLIENT
2015-09-30T20:43:42.558Z - [34mdebug[39m: [MASTER] [UPDATES] BEGIN MESSAGE [ get_new ]#60-1714 send request  to SERVER
2015-09-30T20:43:42.561Z - [34mdebug[39m: [MASTER] [UPDATES] Message:
2015-09-30T20:43:42.561Z - [34mdebug[39m: [MASTER] [UPDATES] sending [ get_new ] 60-1714  : []  ....
2015-09-30T20:43:42.562Z - [34mdebug[39m: [MASTER] END MESSAGE [ get_new ]#60-1714 sent to CLIENT
2015-09-30T20:43:42.611Z - [34mdebug[39m: [MASTER] [UPDATES] BEGIN MESSAGE [ ack ]#60-1714 send request  to SERVER
2015-09-30T20:43:42.614Z - [34mdebug[39m: [MASTER] [UPDATES] Message: success=true, description=ACK-60-1714, data=
2015-09-30T20:43:42.615Z - [34mdebug[39m: [MASTER] [UPDATES] sending [ ack ] 60-1714  : { success: true, description: 'ACK-60-1714', data: '' }  ....
2015-09-30T20:43:42.615Z - [34mdebug[39m: [MASTER] END MESSAGE [ ack ]#60-1714 sent to CLIENT
2015-09-30T20:43:45.556Z - [34mdebug[39m: [MASTER] [UPDATES] BEGIN MESSAGE [ get_new ]#60-1715 send request  to SERVER
2015-09-30T20:43:45.560Z - [34mdebug[39m: [MASTER] [UPDATES] Message:
2015-09-30T20:43:45.560Z - [34mdebug[39m: [MASTER] [UPDATES] sending [ get_new ] 60-1715  : []  ....
2015-09-30T20:43:45.561Z - [34mdebug[39m: [MASTER] END MESSAGE [ get_new ]#60-1715 sent to CLIENT
2015-09-30T20:43:45.572Z - [34mdebug[39m: [MASTER] [UPDATES] BEGIN MESSAGE [ ack ]#60-1715 send request  to SERVER
2015-09-30T20:43:45.575Z - [34mdebug[39m: [MASTER] [UPDATES] Message: success=true, description=ACK-60-1715, data=
2015-09-30T20:43:45.576Z - [34mdebug[39m: [MASTER] [UPDATES] sending [ ack ] 60-1715  : { success: true, description: 'ACK-60-1715', data: '' }  ....
2015-09-30T20:43:45.576Z - [34mdebug[39m: [MASTER] END MESSAGE [ ack ]#60-1715 sent to CLIENT
2015-09-30T20:43:48.559Z - [34mdebug[39m: [MASTER] [UPDATES] BEGIN MESSAGE [ get_new ]#60-1716 send request  to SERVER
2015-09-30T20:43:48.562Z - [34mdebug[39m: [MASTER] [UPDATES] Message:
2015-09-30T20:43:48.563Z - [34mdebug[39m: [MASTER] [UPDATES] sending [ get_new ] 60-1716  : []  ....
2015-09-30T20:43:48.563Z - [34mdebug[39m: [MASTER] END MESSAGE [ get_new ]#60-1716 sent to CLIENT
2015-09-30T20:43:48.574Z - [34mdebug[39m: [MASTER] [UPDATES] BEGIN MESSAGE [ ack ]#60-1716 send request  to SERVER
2015-09-30T20:43:48.576Z - [34mdebug[39m: [MASTER] [UPDATES] Message: success=true, description=ACK-60-1716, data=
2015-09-30T20:43:48.577Z - [34mdebug[39m: [MASTER] [UPDATES] sending [ ack ] 60-1716  : { success: true, description: 'ACK-60-1716', data: '' }  ....
2015-09-30T20:43:48.577Z - [34mdebug[39m: [MASTER] END MESSAGE [ ack ]#60-1716 sent to CLIENT
2015-09-30T20:43:51.556Z - [34mdebug[39m: [MASTER] [UPDATES] BEGIN MESSAGE [ get_new ]#60-1717 send request  to SERVER
2015-09-30T20:43:51.559Z - [34mdebug[39m: [MASTER] [UPDATES] Message:
2015-09-30T20:43:51.560Z - [34mdebug[39m: [MASTER] [UPDATES] sending [ get_new ] 60-1717  : []  ....
2015-09-30T20:43:51.560Z - [34mdebug[39m: [MASTER] END MESSAGE [ get_new ]#60-1717 sent to CLIENT
2015-09-30T20:43:51.605Z - [34mdebug[39m: [MASTER] [UPDATES] BEGIN MESSAGE [ ack ]#60-1717 send request  to SERVER
2015-09-30T20:43:51.608Z - [34mdebug[39m: [MASTER] [UPDATES] Message: success=true, description=ACK-60-1717, data=
2015-09-30T20:43:51.608Z - [34mdebug[39m: [MASTER] [UPDATES] sending [ ack ] 60-1717  : { success: true, description: 'ACK-60-1717', data: '' }  ....
2015-09-30T20:43:51.609Z - [34mdebug[39m: [MASTER] END MESSAGE [ ack ]#60-1717 sent to CLIENT
2015-09-30T20:43:54.559Z - [34mdebug[39m: [MASTER] [UPDATES] BEGIN MESSAGE [ get_new ]#60-1718 send request  to SERVER
2015-09-30T20:43:54.562Z - [34mdebug[39m: [MASTER] [UPDATES] Message:
2015-09-30T20:43:54.563Z - [34mdebug[39m: [MASTER] [UPDATES] sending [ get_new ] 60-1718  : []  ....
2015-09-30T20:43:54.563Z - [34mdebug[39m: [MASTER] END MESSAGE [ get_new ]#60-1718 sent to CLIENT
2015-09-30T20:43:54.574Z - [34mdebug[39m: [MASTER] [UPDATES] BEGIN MESSAGE [ ack ]#60-1718 send request  to SERVER
2015-09-30T20:43:54.577Z - [34mdebug[39m: [MASTER] [UPDATES] Message: success=true, description=ACK-60-1718, data=
2015-09-30T20:43:54.577Z - [34mdebug[39m: [MASTER] [UPDATES] sending [ ack ] 60-1718  : { success: true, description: 'ACK-60-1718', data: '' }  ....
2015-09-30T20:43:54.578Z - [34mdebug[39m: [MASTER] END MESSAGE [ ack ]#60-1718 sent to CLIENT
2015-09-30T20:43:57.557Z - [34mdebug[39m: [MASTER] [UPDATES] BEGIN MESSAGE [ get_new ]#60-1719 send request  to SERVER
2015-09-30T20:43:57.560Z - [34mdebug[39m: [MASTER] [UPDATES] Message:
2015-09-30T20:43:57.560Z - [34mdebug[39m: [MASTER] [UPDATES] sending [ get_new ] 60-1719  : []  ....
2015-09-30T20:43:57.561Z - [34mdebug[39m: [MASTER] END MESSAGE [ get_new ]#60-1719 sent to CLIENT
2015-09-30T20:43:57.571Z - [34mdebug[39m: [MASTER] [UPDATES] BEGIN MESSAGE [ ack ]#60-1719 send request  to SERVER
2015-09-30T20:43:57.574Z - [34mdebug[39m: [MASTER] [UPDATES] Message: success=true, description=ACK-60-1719, data=
2015-09-30T20:43:57.575Z - [34mdebug[39m: [MASTER] [UPDATES] sending [ ack ] 60-1719  : { success: true, description: 'ACK-60-1719', data: '' }  ....
2015-09-30T20:43:57.575Z - [34mdebug[39m: [MASTER] END MESSAGE [ ack ]#60-1719 sent to CLIENT
2015-09-30T20:44:00.557Z - [34mdebug[39m: [MASTER] [UPDATES] BEGIN MESSAGE [ get_new ]#60-1720 send request  to SERVER
2015-09-30T20:44:00.560Z - [34mdebug[39m: [MASTER] [UPDATES] Message:
2015-09-30T20:44:00.560Z - [34mdebug[39m: [MASTER] [UPDATES] sending [ get_new ] 60-1720  : []  ....
2015-09-30T20:44:00.561Z - [34mdebug[39m: [MASTER] END MESSAGE [ get_new ]#60-1720 sent to CLIENT
2015-09-30T20:44:00.571Z - [34mdebug[39m: [MASTER] [UPDATES] BEGIN MESSAGE [ ack ]#60-1720 send request  to SERVER
2015-09-30T20:44:00.574Z - [34mdebug[39m: [MASTER] [UPDATES] Message: success=true, description=ACK-60-1720, data=
2015-09-30T20:44:00.575Z - [34mdebug[39m: [MASTER] [UPDATES] sending [ ack ] 60-1720  : { success: true, description: 'ACK-60-1720', data: '' }  ....
2015-09-30T20:44:00.575Z - [34mdebug[39m: [MASTER] END MESSAGE [ ack ]#60-1720 sent to CLIENT
2015-09-30T20:44:03.557Z - [34mdebug[39m: [MASTER] [UPDATES] BEGIN MESSAGE [ get_new ]#60-1721 send request  to SERVER
2015-09-30T20:44:03.560Z - [34mdebug[39m: [MASTER] [UPDATES] Message:
2015-09-30T20:44:03.561Z - [34mdebug[39m: [MASTER] [UPDATES] sending [ get_new ] 60-1721  : []  ....
2015-09-30T20:44:03.561Z - [34mdebug[39m: [MASTER] END MESSAGE [ get_new ]#60-1721 sent to CLIENT
2015-09-30T20:44:03.574Z - [34mdebug[39m: [MASTER] [UPDATES] BEGIN MESSAGE [ ack ]#60-1721 send request  to SERVER
2015-09-30T20:44:03.577Z - [34mdebug[39m: [MASTER] [UPDATES] Message: success=true, description=ACK-60-1721, data=
2015-09-30T20:44:03.577Z - [34mdebug[39m: [MASTER] [UPDATES] sending [ ack ] 60-1721  : { success: true, description: 'ACK-60-1721', data: '' }  ....
2015-09-30T20:44:03.577Z - [34mdebug[39m: [MASTER] END MESSAGE [ ack ]#60-1721 sent to CLIENT
2015-09-30T20:44:06.556Z - [34mdebug[39m: [MASTER] [UPDATES] BEGIN MESSAGE [ get_new ]#60-1722 send request  to SERVER
2015-09-30T20:44:06.560Z - [34mdebug[39m: [MASTER] [UPDATES] Message:
2015-09-30T20:44:06.560Z - [34mdebug[39m: [MASTER] [UPDATES] sending [ get_new ] 60-1722  : []  ....
2015-09-30T20:44:06.561Z - [34mdebug[39m: [MASTER] END MESSAGE [ get_new ]#60-1722 sent to CLIENT
2015-09-30T20:44:06.582Z - [34mdebug[39m: [MASTER] [UPDATES] BEGIN MESSAGE [ ack ]#60-1722 send request  to SERVER
2015-09-30T20:44:06.585Z - [34mdebug[39m: [MASTER] [UPDATES] Message: success=true, description=ACK-60-1722, data=
2015-09-30T20:44:06.585Z - [34mdebug[39m: [MASTER] [UPDATES] sending [ ack ] 60-1722  : { success: true, description: 'ACK-60-1722', data: '' }  ....
2015-09-30T20:44:06.586Z - [34mdebug[39m: [MASTER] END MESSAGE [ ack ]#60-1722 sent to CLIENT
2015-09-30T20:44:09.558Z - [34mdebug[39m: [MASTER] [UPDATES] BEGIN MESSAGE [ get_new ]#60-1723 send request  to SERVER
2015-09-30T20:44:09.562Z - [34mdebug[39m: [MASTER] [UPDATES] Message:
2015-09-30T20:44:09.562Z - [34mdebug[39m: [MASTER] [UPDATES] sending [ get_new ] 60-1723  : []  ....
2015-09-30T20:44:09.563Z - [34mdebug[39m: [MASTER] END MESSAGE [ get_new ]#60-1723 sent to CLIENT
2015-09-30T20:44:09.573Z - [34mdebug[39m: [MASTER] [UPDATES] BEGIN MESSAGE [ ack ]#60-1723 send request  to SERVER
2015-09-30T20:44:09.577Z - [34mdebug[39m: [MASTER] [UPDATES] Message: success=true, description=ACK-60-1723, data=
2015-09-30T20:44:09.577Z - [34mdebug[39m: [MASTER] [UPDATES] sending [ ack ] 60-1723  : { success: true, description: 'ACK-60-1723', data: '' }  ....
2015-09-30T20:44:09.577Z - [34mdebug[39m: [MASTER] END MESSAGE [ ack ]#60-1723 sent to CLIENT
2015-09-30T20:44:12.556Z - [34mdebug[39m: [MASTER] [UPDATES] BEGIN MESSAGE [ get_new ]#60-1724 send request  to SERVER
2015-09-30T20:44:12.560Z - [34mdebug[39m: [MASTER] [UPDATES] Message:
2015-09-30T20:44:12.560Z - [34mdebug[39m: [MASTER] [UPDATES] sending [ get_new ] 60-1724  : []  ....
2015-09-30T20:44:12.561Z - [34mdebug[39m: [MASTER] END MESSAGE [ get_new ]#60-1724 sent to CLIENT
2015-09-30T20:44:12.572Z - [34mdebug[39m: [MASTER] [UPDATES] BEGIN MESSAGE [ ack ]#60-1724 send request  to SERVER
2015-09-30T20:44:12.575Z - [34mdebug[39m: [MASTER] [UPDATES] Message: success=true, description=ACK-60-1724, data=
2015-09-30T20:44:12.575Z - [34mdebug[39m: [MASTER] [UPDATES] sending [ ack ] 60-1724  : { success: true, description: 'ACK-60-1724', data: '' }  ....
2015-09-30T20:44:12.576Z - [34mdebug[39m: [MASTER] END MESSAGE [ ack ]#60-1724 sent to CLIENT
2015-09-30T20:44:15.559Z - [34mdebug[39m: [MASTER] [UPDATES] BEGIN MESSAGE [ get_new ]#60-1725 send request  to SERVER
2015-09-30T20:44:15.562Z - [34mdebug[39m: [MASTER] [UPDATES] Message:
2015-09-30T20:44:15.562Z - [34mdebug[39m: [MASTER] [UPDATES] sending [ get_new ] 60-1725  : []  ....
2015-09-30T20:44:15.563Z - [34mdebug[39m: [MASTER] END MESSAGE [ get_new ]#60-1725 sent to CLIENT
2015-09-30T20:44:15.582Z - [34mdebug[39m: [MASTER] [UPDATES] BEGIN MESSAGE [ ack ]#60-1725 send request  to SERVER
2015-09-30T20:44:15.585Z - [34mdebug[39m: [MASTER] [UPDATES] Message: success=true, description=ACK-60-1725, data=
2015-09-30T20:44:15.585Z - [34mdebug[39m: [MASTER] [UPDATES] sending [ ack ] 60-1725  : { success: true, description: 'ACK-60-1725', data: '' }  ....
2015-09-30T20:44:15.586Z - [34mdebug[39m: [MASTER] END MESSAGE [ ack ]#60-1725 sent to CLIENT
2015-09-30T20:44:18.556Z - [34mdebug[39m: [MASTER] [UPDATES] BEGIN MESSAGE [ get_new ]#60-1726 send request  to SERVER
2015-09-30T20:44:18.560Z - [34mdebug[39m: [MASTER] [UPDATES] Message:
2015-09-30T20:44:18.560Z - [34mdebug[39m: [MASTER] [UPDATES] sending [ get_new ] 60-1726  : []  ....
2015-09-30T20:44:18.560Z - [34mdebug[39m: [MASTER] END MESSAGE [ get_new ]#60-1726 sent to CLIENT
2015-09-30T20:44:18.570Z - [34mdebug[39m: [MASTER] [UPDATES] BEGIN MESSAGE [ ack ]#60-1726 send request  to SERVER
2015-09-30T20:44:18.573Z - [34mdebug[39m: [MASTER] [UPDATES] Message: success=true, description=ACK-60-1726, data=
2015-09-30T20:44:18.573Z - [34mdebug[39m: [MASTER] [UPDATES] sending [ ack ] 60-1726  : { success: true, description: 'ACK-60-1726', data: '' }  ....
2015-09-30T20:44:18.574Z - [34mdebug[39m: [MASTER] END MESSAGE [ ack ]#60-1726 sent to CLIENT
2015-09-30T20:44:21.559Z - [34mdebug[39m: [MASTER] [UPDATES] BEGIN MESSAGE [ get_new ]#60-1727 send request  to SERVER
2015-09-30T20:44:21.563Z - [34mdebug[39m: [MASTER] [UPDATES] Message:
2015-09-30T20:44:21.563Z - [34mdebug[39m: [MASTER] [UPDATES] sending [ get_new ] 60-1727  : []  ....
2015-09-30T20:44:21.563Z - [34mdebug[39m: [MASTER] END MESSAGE [ get_new ]#60-1727 sent to CLIENT
2015-09-30T20:44:21.574Z - [34mdebug[39m: [MASTER] [UPDATES] BEGIN MESSAGE [ ack ]#60-1727 send request  to SERVER
2015-09-30T20:44:21.577Z - [34mdebug[39m: [MASTER] [UPDATES] Message: success=true, description=ACK-60-1727, data=
2015-09-30T20:44:21.578Z - [34mdebug[39m: [MASTER] [UPDATES] sending [ ack ] 60-1727  : { success: true, description: 'ACK-60-1727', data: '' }  ....
2015-09-30T20:44:21.578Z - [34mdebug[39m: [MASTER] END MESSAGE [ ack ]#60-1727 sent to CLIENT
2015-09-30T20:44:24.593Z - [34mdebug[39m: [MASTER] [UPDATES] BEGIN MESSAGE [ get_new ]#60-1728 send request  to SERVER
2015-09-30T20:44:24.596Z - [34mdebug[39m: [MASTER] [UPDATES] Message:
2015-09-30T20:44:24.596Z - [34mdebug[39m: [MASTER] [UPDATES] sending [ get_new ] 60-1728  : []  ....
2015-09-30T20:44:24.597Z - [34mdebug[39m: [MASTER] END MESSAGE [ get_new ]#60-1728 sent to CLIENT
2015-09-30T20:44:24.608Z - [34mdebug[39m: [MASTER] [UPDATES] BEGIN MESSAGE [ ack ]#60-1728 send request  to SERVER
2015-09-30T20:44:24.611Z - [34mdebug[39m: [MASTER] [UPDATES] Message: success=true, description=ACK-60-1728, data=
2015-09-30T20:44:24.611Z - [34mdebug[39m: [MASTER] [UPDATES] sending [ ack ] 60-1728  : { success: true, description: 'ACK-60-1728', data: '' }  ....
2015-09-30T20:44:24.612Z - [34mdebug[39m: [MASTER] END MESSAGE [ ack ]#60-1728 sent to CLIENT
2015-09-30T20:44:27.559Z - [34mdebug[39m: [MASTER] [UPDATES] BEGIN MESSAGE [ get_new ]#60-1729 send request  to SERVER
2015-09-30T20:44:27.562Z - [34mdebug[39m: [MASTER] [UPDATES] Message:
2015-09-30T20:44:27.562Z - [34mdebug[39m: [MASTER] [UPDATES] sending [ get_new ] 60-1729  : []  ....
2015-09-30T20:44:27.563Z - [34mdebug[39m: [MASTER] END MESSAGE [ get_new ]#60-1729 sent to CLIENT
2015-09-30T20:44:27.572Z - [34mdebug[39m: [MASTER] [UPDATES] BEGIN MESSAGE [ ack ]#60-1729 send request  to SERVER
2015-09-30T20:44:27.575Z - [34mdebug[39m: [MASTER] [UPDATES] Message: success=true, description=ACK-60-1729, data=
2015-09-30T20:44:27.576Z - [34mdebug[39m: [MASTER] [UPDATES] sending [ ack ] 60-1729  : { success: true, description: 'ACK-60-1729', data: '' }  ....
2015-09-30T20:44:27.576Z - [34mdebug[39m: [MASTER] END MESSAGE [ ack ]#60-1729 sent to CLIENT
2015-09-30T20:44:30.557Z - [34mdebug[39m: [MASTER] [UPDATES] BEGIN MESSAGE [ get_new ]#60-1730 send request  to SERVER
2015-09-30T20:44:30.560Z - [34mdebug[39m: [MASTER] [UPDATES] Message:
2015-09-30T20:44:30.560Z - [34mdebug[39m: [MASTER] [UPDATES] sending [ get_new ] 60-1730  : []  ....
2015-09-30T20:44:30.561Z - [34mdebug[39m: [MASTER] END MESSAGE [ get_new ]#60-1730 sent to CLIENT
2015-09-30T20:44:30.581Z - [34mdebug[39m: [MASTER] [UPDATES] BEGIN MESSAGE [ ack ]#60-1730 send request  to SERVER
2015-09-30T20:44:30.584Z - [34mdebug[39m: [MASTER] [UPDATES] Message: success=true, description=ACK-60-1730, data=
2015-09-30T20:44:30.585Z - [34mdebug[39m: [MASTER] [UPDATES] sending [ ack ] 60-1730  : { success: true, description: 'ACK-60-1730', data: '' }  ....
2015-09-30T20:44:30.585Z - [34mdebug[39m: [MASTER] END MESSAGE [ ack ]#60-1730 sent to CLIENT
