2015-09-30T20:29:45.362Z - [34mdebug[39m: [MASTER] [UPDATES] BEGIN MESSAGE [ get_new ]#60-1178 send request  to SERVER
2015-09-30T20:29:45.368Z - [34mdebug[39m: [MASTER] [UPDATES] Message:
2015-09-30T20:29:45.368Z - [34mdebug[39m: [MASTER] [UPDATES] sending [ get_new ] 60-1178  : []  ....
2015-09-30T20:29:45.369Z - [34mdebug[39m: [MASTER] END MESSAGE [ get_new ]#60-1178 sent to CLIENT
2015-09-30T20:29:45.382Z - [34mdebug[39m: [MASTER] [UPDATES] BEGIN MESSAGE [ ack ]#60-1178 send request  to SERVER
2015-09-30T20:29:45.399Z - [34mdebug[39m: [MASTER] [UPDATES] Message: success=true, description=ACK-60-1178, data=
2015-09-30T20:29:45.399Z - [34mdebug[39m: [MASTER] [UPDATES] sending [ ack ] 60-1178  : { success: true, description: 'ACK-60-1178', data: '' }  ....
2015-09-30T20:29:45.400Z - [34mdebug[39m: [MASTER] END MESSAGE [ ack ]#60-1178 sent to CLIENT
2015-09-30T20:29:46.410Z - [34mdebug[39m: [MASTER] [UPDATES] BEGIN MESSAGE [ get_new ]#60-1179 send request  to SERVER
2015-09-30T20:29:46.416Z - [34mdebug[39m: [MASTER] [UPDATES] Message:
2015-09-30T20:29:46.416Z - [34mdebug[39m: [MASTER] [UPDATES] sending [ get_new ] 60-1179  : []  ....
2015-09-30T20:29:46.417Z - [34mdebug[39m: [MASTER] END MESSAGE [ get_new ]#60-1179 sent to CLIENT
2015-09-30T20:29:46.427Z - [34mdebug[39m: [MASTER] [UPDATES] BEGIN MESSAGE [ ack ]#60-1179 send request  to SERVER
2015-09-30T20:29:46.431Z - [34mdebug[39m: [MASTER] [UPDATES] Message: success=true, description=ACK-60-1179, data=
2015-09-30T20:29:46.431Z - [34mdebug[39m: [MASTER] [UPDATES] sending [ ack ] 60-1179  : { success: true, description: 'ACK-60-1179', data: '' }  ....
2015-09-30T20:29:46.432Z - [34mdebug[39m: [MASTER] END MESSAGE [ ack ]#60-1179 sent to CLIENT
2015-09-30T20:29:47.444Z - [34mdebug[39m: [MASTER] [UPDATES] BEGIN MESSAGE [ get_new ]#60-1180 send request  to SERVER
2015-09-30T20:29:47.448Z - [34mdebug[39m: [MASTER] [UPDATES] Message:
2015-09-30T20:29:47.448Z - [34mdebug[39m: [MASTER] [UPDATES] sending [ get_new ] 60-1180  : []  ....
2015-09-30T20:29:47.449Z - [34mdebug[39m: [MASTER] END MESSAGE [ get_new ]#60-1180 sent to CLIENT
2015-09-30T20:29:47.458Z - [34mdebug[39m: [MASTER] [UPDATES] BEGIN MESSAGE [ ack ]#60-1180 send request  to SERVER
2015-09-30T20:29:47.462Z - [34mdebug[39m: [MASTER] [UPDATES] Message: success=true, description=ACK-60-1180, data=
2015-09-30T20:29:47.462Z - [34mdebug[39m: [MASTER] [UPDATES] sending [ ack ] 60-1180  : { success: true, description: 'ACK-60-1180', data: '' }  ....
2015-09-30T20:29:47.463Z - [34mdebug[39m: [MASTER] END MESSAGE [ ack ]#60-1180 sent to CLIENT
2015-09-30T20:29:48.475Z - [34mdebug[39m: [MASTER] [UPDATES] BEGIN MESSAGE [ get_new ]#60-1181 send request  to SERVER
2015-09-30T20:29:48.478Z - [34mdebug[39m: [MASTER] [UPDATES] Message:
2015-09-30T20:29:48.478Z - [34mdebug[39m: [MASTER] [UPDATES] sending [ get_new ] 60-1181  : []  ....
2015-09-30T20:29:48.479Z - [34mdebug[39m: [MASTER] END MESSAGE [ get_new ]#60-1181 sent to CLIENT
2015-09-30T20:29:48.489Z - [34mdebug[39m: [MASTER] [UPDATES] BEGIN MESSAGE [ ack ]#60-1181 send request  to SERVER
2015-09-30T20:29:48.492Z - [34mdebug[39m: [MASTER] [UPDATES] Message: success=true, description=ACK-60-1181, data=
2015-09-30T20:29:48.492Z - [34mdebug[39m: [MASTER] [UPDATES] sending [ ack ] 60-1181  : { success: true, description: 'ACK-60-1181', data: '' }  ....
2015-09-30T20:29:48.493Z - [34mdebug[39m: [MASTER] END MESSAGE [ ack ]#60-1181 sent to CLIENT
2015-09-30T20:29:49.504Z - [34mdebug[39m: [MASTER] [UPDATES] BEGIN MESSAGE [ get_new ]#60-1182 send request  to SERVER
2015-09-30T20:29:49.507Z - [34mdebug[39m: [MASTER] [UPDATES] Message:
2015-09-30T20:29:49.507Z - [34mdebug[39m: [MASTER] [UPDATES] sending [ get_new ] 60-1182  : []  ....
2015-09-30T20:29:49.507Z - [34mdebug[39m: [MASTER] END MESSAGE [ get_new ]#60-1182 sent to CLIENT
2015-09-30T20:29:49.520Z - [34mdebug[39m: [MASTER] [UPDATES] BEGIN MESSAGE [ ack ]#60-1182 send request  to SERVER
2015-09-30T20:29:49.523Z - [34mdebug[39m: [MASTER] [UPDATES] Message: success=true, description=ACK-60-1182, data=
2015-09-30T20:29:49.523Z - [34mdebug[39m: [MASTER] [UPDATES] sending [ ack ] 60-1182  : { success: true, description: 'ACK-60-1182', data: '' }  ....
2015-09-30T20:29:49.524Z - [34mdebug[39m: [MASTER] END MESSAGE [ ack ]#60-1182 sent to CLIENT
2015-09-30T20:29:50.536Z - [34mdebug[39m: [MASTER] [UPDATES] BEGIN MESSAGE [ get_new ]#60-1183 send request  to SERVER
2015-09-30T20:29:50.539Z - [34mdebug[39m: [MASTER] [UPDATES] Message:
2015-09-30T20:29:50.539Z - [34mdebug[39m: [MASTER] [UPDATES] sending [ get_new ] 60-1183  : []  ....
2015-09-30T20:29:50.540Z - [34mdebug[39m: [MASTER] END MESSAGE [ get_new ]#60-1183 sent to CLIENT
2015-09-30T20:29:50.683Z - [34mdebug[39m: [MASTER] [UPDATES] BEGIN MESSAGE [ ack ]#60-1183 send request  to SERVER
2015-09-30T20:29:50.687Z - [34mdebug[39m: [MASTER] [UPDATES] Message: success=true, description=ACK-60-1183, data=
2015-09-30T20:29:50.687Z - [34mdebug[39m: [MASTER] [UPDATES] sending [ ack ] 60-1183  : { success: true, description: 'ACK-60-1183', data: '' }  ....
2015-09-30T20:29:50.688Z - [34mdebug[39m: [MASTER] END MESSAGE [ ack ]#60-1183 sent to CLIENT
2015-09-30T20:29:51.700Z - [34mdebug[39m: [MASTER] [UPDATES] BEGIN MESSAGE [ get_new ]#60-1184 send request  to SERVER
2015-09-30T20:29:51.703Z - [34mdebug[39m: [MASTER] [UPDATES] Message:
2015-09-30T20:29:51.703Z - [34mdebug[39m: [MASTER] [UPDATES] sending [ get_new ] 60-1184  : []  ....
2015-09-30T20:29:51.704Z - [34mdebug[39m: [MASTER] END MESSAGE [ get_new ]#60-1184 sent to CLIENT
2015-09-30T20:29:51.714Z - [34mdebug[39m: [MASTER] [UPDATES] BEGIN MESSAGE [ ack ]#60-1184 send request  to SERVER
2015-09-30T20:29:51.717Z - [34mdebug[39m: [MASTER] [UPDATES] Message: success=true, description=ACK-60-1184, data=
2015-09-30T20:29:51.717Z - [34mdebug[39m: [MASTER] [UPDATES] sending [ ack ] 60-1184  : { success: true, description: 'ACK-60-1184', data: '' }  ....
2015-09-30T20:29:51.718Z - [34mdebug[39m: [MASTER] END MESSAGE [ ack ]#60-1184 sent to CLIENT
2015-09-30T20:29:52.729Z - [34mdebug[39m: [MASTER] [UPDATES] BEGIN MESSAGE [ get_new ]#60-1185 send request  to SERVER
2015-09-30T20:29:52.733Z - [34mdebug[39m: [MASTER] [UPDATES] Message:
2015-09-30T20:29:52.733Z - [34mdebug[39m: [MASTER] [UPDATES] sending [ get_new ] 60-1185  : []  ....
2015-09-30T20:29:52.733Z - [34mdebug[39m: [MASTER] END MESSAGE [ get_new ]#60-1185 sent to CLIENT
2015-09-30T20:29:52.744Z - [34mdebug[39m: [MASTER] [UPDATES] BEGIN MESSAGE [ ack ]#60-1185 send request  to SERVER
2015-09-30T20:29:52.748Z - [34mdebug[39m: [MASTER] [UPDATES] Message: success=true, description=ACK-60-1185, data=
2015-09-30T20:29:52.748Z - [34mdebug[39m: [MASTER] [UPDATES] sending [ ack ] 60-1185  : { success: true, description: 'ACK-60-1185', data: '' }  ....
2015-09-30T20:29:52.749Z - [34mdebug[39m: [MASTER] END MESSAGE [ ack ]#60-1185 sent to CLIENT
2015-09-30T20:29:53.759Z - [34mdebug[39m: [MASTER] [UPDATES] BEGIN MESSAGE [ get_new ]#60-1186 send request  to SERVER
2015-09-30T20:29:53.762Z - [34mdebug[39m: [MASTER] [UPDATES] Message:
2015-09-30T20:29:53.763Z - [34mdebug[39m: [MASTER] [UPDATES] sending [ get_new ] 60-1186  : []  ....
2015-09-30T20:29:53.763Z - [34mdebug[39m: [MASTER] END MESSAGE [ get_new ]#60-1186 sent to CLIENT
2015-09-30T20:29:53.783Z - [34mdebug[39m: [MASTER] [UPDATES] BEGIN MESSAGE [ ack ]#60-1186 send request  to SERVER
2015-09-30T20:29:53.787Z - [34mdebug[39m: [MASTER] [UPDATES] Message: success=true, description=ACK-60-1186, data=
2015-09-30T20:29:53.787Z - [34mdebug[39m: [MASTER] [UPDATES] sending [ ack ] 60-1186  : { success: true, description: 'ACK-60-1186', data: '' }  ....
2015-09-30T20:29:53.788Z - [34mdebug[39m: [MASTER] END MESSAGE [ ack ]#60-1186 sent to CLIENT
2015-09-30T20:29:54.813Z - [34mdebug[39m: [MASTER] [UPDATES] BEGIN MESSAGE [ get_new ]#60-1187 send request  to SERVER
2015-09-30T20:29:54.816Z - [34mdebug[39m: [MASTER] [UPDATES] Message:
2015-09-30T20:29:54.816Z - [34mdebug[39m: [MASTER] [UPDATES] sending [ get_new ] 60-1187  : []  ....
2015-09-30T20:29:54.817Z - [34mdebug[39m: [MASTER] END MESSAGE [ get_new ]#60-1187 sent to CLIENT
2015-09-30T20:29:54.938Z - [34mdebug[39m: [MASTER] [UPDATES] BEGIN MESSAGE [ ack ]#60-1187 send request  to SERVER
2015-09-30T20:29:54.941Z - [34mdebug[39m: [MASTER] [UPDATES] Message: success=true, description=ACK-60-1187, data=
2015-09-30T20:29:54.941Z - [34mdebug[39m: [MASTER] [UPDATES] sending [ ack ] 60-1187  : { success: true, description: 'ACK-60-1187', data: '' }  ....
2015-09-30T20:29:54.942Z - [34mdebug[39m: [MASTER] END MESSAGE [ ack ]#60-1187 sent to CLIENT
2015-09-30T20:29:55.964Z - [34mdebug[39m: [MASTER] [UPDATES] BEGIN MESSAGE [ get_new ]#60-1188 send request  to SERVER
2015-09-30T20:29:55.967Z - [34mdebug[39m: [MASTER] [UPDATES] Message:
2015-09-30T20:29:55.967Z - [34mdebug[39m: [MASTER] [UPDATES] sending [ get_new ] 60-1188  : []  ....
2015-09-30T20:29:55.968Z - [34mdebug[39m: [MASTER] END MESSAGE [ get_new ]#60-1188 sent to CLIENT
2015-09-30T20:29:55.983Z - [34mdebug[39m: [MASTER] [UPDATES] BEGIN MESSAGE [ ack ]#60-1188 send request  to SERVER
2015-09-30T20:29:55.986Z - [34mdebug[39m: [MASTER] [UPDATES] Message: success=true, description=ACK-60-1188, data=
2015-09-30T20:29:55.986Z - [34mdebug[39m: [MASTER] [UPDATES] sending [ ack ] 60-1188  : { success: true, description: 'ACK-60-1188', data: '' }  ....
2015-09-30T20:29:55.987Z - [34mdebug[39m: [MASTER] END MESSAGE [ ack ]#60-1188 sent to CLIENT
2015-09-30T20:29:56.998Z - [34mdebug[39m: [MASTER] [UPDATES] BEGIN MESSAGE [ get_new ]#60-1189 send request  to SERVER
2015-09-30T20:29:57.001Z - [34mdebug[39m: [MASTER] [UPDATES] Message:
2015-09-30T20:29:57.001Z - [34mdebug[39m: [MASTER] [UPDATES] sending [ get_new ] 60-1189  : []  ....
2015-09-30T20:29:57.002Z - [34mdebug[39m: [MASTER] END MESSAGE [ get_new ]#60-1189 sent to CLIENT
2015-09-30T20:29:57.014Z - [34mdebug[39m: [MASTER] [UPDATES] BEGIN MESSAGE [ ack ]#60-1189 send request  to SERVER
2015-09-30T20:29:57.017Z - [34mdebug[39m: [MASTER] [UPDATES] Message: success=true, description=ACK-60-1189, data=
2015-09-30T20:29:57.018Z - [34mdebug[39m: [MASTER] [UPDATES] sending [ ack ] 60-1189  : { success: true, description: 'ACK-60-1189', data: '' }  ....
2015-09-30T20:29:57.019Z - [34mdebug[39m: [MASTER] END MESSAGE [ ack ]#60-1189 sent to CLIENT
2015-09-30T20:29:58.030Z - [34mdebug[39m: [MASTER] [UPDATES] BEGIN MESSAGE [ get_new ]#60-1190 send request  to SERVER
2015-09-30T20:29:58.033Z - [34mdebug[39m: [MASTER] [UPDATES] Message:
2015-09-30T20:29:58.034Z - [34mdebug[39m: [MASTER] [UPDATES] sending [ get_new ] 60-1190  : []  ....
2015-09-30T20:29:58.034Z - [34mdebug[39m: [MASTER] END MESSAGE [ get_new ]#60-1190 sent to CLIENT
2015-09-30T20:29:58.044Z - [34mdebug[39m: [MASTER] [UPDATES] BEGIN MESSAGE [ ack ]#60-1190 send request  to SERVER
2015-09-30T20:29:58.047Z - [34mdebug[39m: [MASTER] [UPDATES] Message: success=true, description=ACK-60-1190, data=
2015-09-30T20:29:58.047Z - [34mdebug[39m: [MASTER] [UPDATES] sending [ ack ] 60-1190  : { success: true, description: 'ACK-60-1190', data: '' }  ....
2015-09-30T20:29:58.047Z - [34mdebug[39m: [MASTER] END MESSAGE [ ack ]#60-1190 sent to CLIENT
2015-09-30T20:29:59.059Z - [34mdebug[39m: [MASTER] [UPDATES] BEGIN MESSAGE [ get_new ]#60-1191 send request  to SERVER
2015-09-30T20:29:59.063Z - [34mdebug[39m: [MASTER] [UPDATES] Message:
2015-09-30T20:29:59.063Z - [34mdebug[39m: [MASTER] [UPDATES] sending [ get_new ] 60-1191  : []  ....
2015-09-30T20:29:59.064Z - [34mdebug[39m: [MASTER] END MESSAGE [ get_new ]#60-1191 sent to CLIENT
2015-09-30T20:29:59.077Z - [34mdebug[39m: [MASTER] [UPDATES] BEGIN MESSAGE [ ack ]#60-1191 send request  to SERVER
2015-09-30T20:29:59.081Z - [34mdebug[39m: [MASTER] [UPDATES] Message: success=true, description=ACK-60-1191, data=
2015-09-30T20:29:59.081Z - [34mdebug[39m: [MASTER] [UPDATES] sending [ ack ] 60-1191  : { success: true, description: 'ACK-60-1191', data: '' }  ....
2015-09-30T20:29:59.081Z - [34mdebug[39m: [MASTER] END MESSAGE [ ack ]#60-1191 sent to CLIENT
2015-09-30T20:30:00.093Z - [34mdebug[39m: [MASTER] [UPDATES] BEGIN MESSAGE [ get_new ]#60-1192 send request  to SERVER
2015-09-30T20:30:00.096Z - [34mdebug[39m: [MASTER] [UPDATES] Message:
2015-09-30T20:30:00.096Z - [34mdebug[39m: [MASTER] [UPDATES] sending [ get_new ] 60-1192  : []  ....
2015-09-30T20:30:00.097Z - [34mdebug[39m: [MASTER] END MESSAGE [ get_new ]#60-1192 sent to CLIENT
2015-09-30T20:30:00.107Z - [34mdebug[39m: [MASTER] [UPDATES] BEGIN MESSAGE [ ack ]#60-1192 send request  to SERVER
2015-09-30T20:30:00.110Z - [34mdebug[39m: [MASTER] [UPDATES] Message: success=true, description=ACK-60-1192, data=
2015-09-30T20:30:00.110Z - [34mdebug[39m: [MASTER] [UPDATES] sending [ ack ] 60-1192  : { success: true, description: 'ACK-60-1192', data: '' }  ....
2015-09-30T20:30:00.111Z - [34mdebug[39m: [MASTER] END MESSAGE [ ack ]#60-1192 sent to CLIENT
2015-09-30T20:30:01.123Z - [34mdebug[39m: [MASTER] [UPDATES] BEGIN MESSAGE [ get_new ]#60-1193 send request  to SERVER
2015-09-30T20:30:01.126Z - [34mdebug[39m: [MASTER] [UPDATES] Message:
2015-09-30T20:30:01.126Z - [34mdebug[39m: [MASTER] [UPDATES] sending [ get_new ] 60-1193  : []  ....
2015-09-30T20:30:01.127Z - [34mdebug[39m: [MASTER] END MESSAGE [ get_new ]#60-1193 sent to CLIENT
2015-09-30T20:30:01.137Z - [34mdebug[39m: [MASTER] [UPDATES] BEGIN MESSAGE [ ack ]#60-1193 send request  to SERVER
2015-09-30T20:30:01.140Z - [34mdebug[39m: [MASTER] [UPDATES] Message: success=true, description=ACK-60-1193, data=
2015-09-30T20:30:01.140Z - [34mdebug[39m: [MASTER] [UPDATES] sending [ ack ] 60-1193  : { success: true, description: 'ACK-60-1193', data: '' }  ....
2015-09-30T20:30:01.140Z - [34mdebug[39m: [MASTER] END MESSAGE [ ack ]#60-1193 sent to CLIENT
2015-09-30T20:30:02.153Z - [34mdebug[39m: [MASTER] [UPDATES] BEGIN MESSAGE [ get_new ]#60-1194 send request  to SERVER
2015-09-30T20:30:02.156Z - [34mdebug[39m: [MASTER] [UPDATES] Message:
2015-09-30T20:30:02.156Z - [34mdebug[39m: [MASTER] [UPDATES] sending [ get_new ] 60-1194  : []  ....
2015-09-30T20:30:02.156Z - [34mdebug[39m: [MASTER] END MESSAGE [ get_new ]#60-1194 sent to CLIENT
2015-09-30T20:30:02.192Z - [34mdebug[39m: [MASTER] [UPDATES] BEGIN MESSAGE [ ack ]#60-1194 send request  to SERVER
2015-09-30T20:30:02.195Z - [34mdebug[39m: [MASTER] [UPDATES] Message: success=true, description=ACK-60-1194, data=
2015-09-30T20:30:02.196Z - [34mdebug[39m: [MASTER] [UPDATES] sending [ ack ] 60-1194  : { success: true, description: 'ACK-60-1194', data: '' }  ....
2015-09-30T20:30:02.196Z - [34mdebug[39m: [MASTER] END MESSAGE [ ack ]#60-1194 sent to CLIENT
2015-09-30T20:30:03.210Z - [34mdebug[39m: [MASTER] [UPDATES] BEGIN MESSAGE [ get_new ]#60-1195 send request  to SERVER
2015-09-30T20:30:03.214Z - [34mdebug[39m: [MASTER] [UPDATES] Message:
2015-09-30T20:30:03.214Z - [34mdebug[39m: [MASTER] [UPDATES] sending [ get_new ] 60-1195  : []  ....
2015-09-30T20:30:03.214Z - [34mdebug[39m: [MASTER] END MESSAGE [ get_new ]#60-1195 sent to CLIENT
2015-09-30T20:30:03.224Z - [34mdebug[39m: [MASTER] [UPDATES] BEGIN MESSAGE [ ack ]#60-1195 send request  to SERVER
2015-09-30T20:30:03.228Z - [34mdebug[39m: [MASTER] [UPDATES] Message: success=true, description=ACK-60-1195, data=
2015-09-30T20:30:03.228Z - [34mdebug[39m: [MASTER] [UPDATES] sending [ ack ] 60-1195  : { success: true, description: 'ACK-60-1195', data: '' }  ....
2015-09-30T20:30:03.228Z - [34mdebug[39m: [MASTER] END MESSAGE [ ack ]#60-1195 sent to CLIENT
2015-09-30T20:30:04.240Z - [34mdebug[39m: [MASTER] [UPDATES] BEGIN MESSAGE [ get_new ]#60-1196 send request  to SERVER
2015-09-30T20:30:04.243Z - [34mdebug[39m: [MASTER] [UPDATES] Message:
2015-09-30T20:30:04.243Z - [34mdebug[39m: [MASTER] [UPDATES] sending [ get_new ] 60-1196  : []  ....
2015-09-30T20:30:04.244Z - [34mdebug[39m: [MASTER] END MESSAGE [ get_new ]#60-1196 sent to CLIENT
2015-09-30T20:30:04.253Z - [34mdebug[39m: [MASTER] [UPDATES] BEGIN MESSAGE [ ack ]#60-1196 send request  to SERVER
2015-09-30T20:30:04.256Z - [34mdebug[39m: [MASTER] [UPDATES] Message: success=true, description=ACK-60-1196, data=
2015-09-30T20:30:04.257Z - [34mdebug[39m: [MASTER] [UPDATES] sending [ ack ] 60-1196  : { success: true, description: 'ACK-60-1196', data: '' }  ....
2015-09-30T20:30:04.257Z - [34mdebug[39m: [MASTER] END MESSAGE [ ack ]#60-1196 sent to CLIENT
2015-09-30T20:30:05.308Z - [34mdebug[39m: [MASTER] [UPDATES] BEGIN MESSAGE [ get_new ]#60-1197 send request  to SERVER
2015-09-30T20:30:05.311Z - [34mdebug[39m: [MASTER] [UPDATES] Message:
2015-09-30T20:30:05.311Z - [34mdebug[39m: [MASTER] [UPDATES] sending [ get_new ] 60-1197  : []  ....
2015-09-30T20:30:05.312Z - [34mdebug[39m: [MASTER] END MESSAGE [ get_new ]#60-1197 sent to CLIENT
2015-09-30T20:30:05.323Z - [34mdebug[39m: [MASTER] [UPDATES] BEGIN MESSAGE [ ack ]#60-1197 send request  to SERVER
2015-09-30T20:30:05.326Z - [34mdebug[39m: [MASTER] [UPDATES] Message: success=true, description=ACK-60-1197, data=
2015-09-30T20:30:05.326Z - [34mdebug[39m: [MASTER] [UPDATES] sending [ ack ] 60-1197  : { success: true, description: 'ACK-60-1197', data: '' }  ....
2015-09-30T20:30:05.326Z - [34mdebug[39m: [MASTER] END MESSAGE [ ack ]#60-1197 sent to CLIENT
2015-09-30T20:30:06.370Z - [34mdebug[39m: [MASTER] [UPDATES] BEGIN MESSAGE [ get_new ]#60-1198 send request  to SERVER
2015-09-30T20:30:06.421Z - [34mdebug[39m: [MASTER] [UPDATES] Message:
2015-09-30T20:30:06.425Z - [34mdebug[39m: [MASTER] [UPDATES] sending [ get_new ] 60-1198  : []  ....
2015-09-30T20:30:06.425Z - [34mdebug[39m: [MASTER] END MESSAGE [ get_new ]#60-1198 sent to CLIENT
2015-09-30T20:30:06.436Z - [34mdebug[39m: [MASTER] [UPDATES] BEGIN MESSAGE [ ack ]#60-1198 send request  to SERVER
2015-09-30T20:30:06.440Z - [34mdebug[39m: [MASTER] [UPDATES] Message: success=true, description=ACK-60-1198, data=
2015-09-30T20:30:06.440Z - [34mdebug[39m: [MASTER] [UPDATES] sending [ ack ] 60-1198  : { success: true, description: 'ACK-60-1198', data: '' }  ....
2015-09-30T20:30:06.441Z - [34mdebug[39m: [MASTER] END MESSAGE [ ack ]#60-1198 sent to CLIENT
2015-09-30T20:30:07.455Z - [34mdebug[39m: [MASTER] [UPDATES] BEGIN MESSAGE [ get_new ]#60-1199 send request  to SERVER
2015-09-30T20:30:07.458Z - [34mdebug[39m: [MASTER] [UPDATES] Message:
2015-09-30T20:30:07.458Z - [34mdebug[39m: [MASTER] [UPDATES] sending [ get_new ] 60-1199  : []  ....
2015-09-30T20:30:07.459Z - [34mdebug[39m: [MASTER] END MESSAGE [ get_new ]#60-1199 sent to CLIENT
2015-09-30T20:30:07.510Z - [34mdebug[39m: [MASTER] [UPDATES] BEGIN MESSAGE [ ack ]#60-1199 send request  to SERVER
2015-09-30T20:30:07.513Z - [34mdebug[39m: [MASTER] [UPDATES] Message: success=true, description=ACK-60-1199, data=
2015-09-30T20:30:07.514Z - [34mdebug[39m: [MASTER] [UPDATES] sending [ ack ] 60-1199  : { success: true, description: 'ACK-60-1199', data: '' }  ....
2015-09-30T20:30:07.514Z - [34mdebug[39m: [MASTER] END MESSAGE [ ack ]#60-1199 sent to CLIENT
2015-09-30T20:30:08.561Z - [34mdebug[39m: [MASTER] [UPDATES] BEGIN MESSAGE [ get_new ]#60-1200 send request  to SERVER
2015-09-30T20:30:08.564Z - [34mdebug[39m: [MASTER] [UPDATES] Message:
2015-09-30T20:30:08.565Z - [34mdebug[39m: [MASTER] [UPDATES] sending [ get_new ] 60-1200  : []  ....
2015-09-30T20:30:08.565Z - [34mdebug[39m: [MASTER] END MESSAGE [ get_new ]#60-1200 sent to CLIENT
2015-09-30T20:30:08.617Z - [34mdebug[39m: [MASTER] [UPDATES] BEGIN MESSAGE [ ack ]#60-1200 send request  to SERVER
2015-09-30T20:30:08.620Z - [34mdebug[39m: [MASTER] [UPDATES] Message: success=true, description=ACK-60-1200, data=
2015-09-30T20:30:08.620Z - [34mdebug[39m: [MASTER] [UPDATES] sending [ ack ] 60-1200  : { success: true, description: 'ACK-60-1200', data: '' }  ....
2015-09-30T20:30:08.621Z - [34mdebug[39m: [MASTER] END MESSAGE [ ack ]#60-1200 sent to CLIENT
2015-09-30T20:30:09.657Z - [34mdebug[39m: [MASTER] [UPDATES] BEGIN MESSAGE [ get_new ]#60-1201 send request  to SERVER
2015-09-30T20:30:09.660Z - [34mdebug[39m: [MASTER] [UPDATES] Message:
2015-09-30T20:30:09.661Z - [34mdebug[39m: [MASTER] [UPDATES] sending [ get_new ] 60-1201  : []  ....
2015-09-30T20:30:09.661Z - [34mdebug[39m: [MASTER] END MESSAGE [ get_new ]#60-1201 sent to CLIENT
2015-09-30T20:30:09.673Z - [34mdebug[39m: [MASTER] [UPDATES] BEGIN MESSAGE [ ack ]#60-1201 send request  to SERVER
2015-09-30T20:30:09.676Z - [34mdebug[39m: [MASTER] [UPDATES] Message: success=true, description=ACK-60-1201, data=
2015-09-30T20:30:09.676Z - [34mdebug[39m: [MASTER] [UPDATES] sending [ ack ] 60-1201  : { success: true, description: 'ACK-60-1201', data: '' }  ....
2015-09-30T20:30:09.677Z - [34mdebug[39m: [MASTER] END MESSAGE [ ack ]#60-1201 sent to CLIENT
2015-09-30T20:30:10.689Z - [34mdebug[39m: [MASTER] [UPDATES] BEGIN MESSAGE [ get_new ]#60-1202 send request  to SERVER
2015-09-30T20:30:10.692Z - [34mdebug[39m: [MASTER] [UPDATES] Message:
2015-09-30T20:30:10.692Z - [34mdebug[39m: [MASTER] [UPDATES] sending [ get_new ] 60-1202  : []  ....
2015-09-30T20:30:10.692Z - [34mdebug[39m: [MASTER] END MESSAGE [ get_new ]#60-1202 sent to CLIENT
2015-09-30T20:30:10.704Z - [34mdebug[39m: [MASTER] [UPDATES] BEGIN MESSAGE [ ack ]#60-1202 send request  to SERVER
2015-09-30T20:30:10.707Z - [34mdebug[39m: [MASTER] [UPDATES] Message: success=true, description=ACK-60-1202, data=
2015-09-30T20:30:10.707Z - [34mdebug[39m: [MASTER] [UPDATES] sending [ ack ] 60-1202  : { success: true, description: 'ACK-60-1202', data: '' }  ....
2015-09-30T20:30:10.708Z - [34mdebug[39m: [MASTER] END MESSAGE [ ack ]#60-1202 sent to CLIENT
2015-09-30T20:30:11.760Z - [34mdebug[39m: [MASTER] [UPDATES] BEGIN MESSAGE [ get_new ]#60-1203 send request  to SERVER
2015-09-30T20:30:11.764Z - [34mdebug[39m: [MASTER] [UPDATES] Message:
2015-09-30T20:30:11.765Z - [34mdebug[39m: [MASTER] [UPDATES] sending [ get_new ] 60-1203  : []  ....
2015-09-30T20:30:11.765Z - [34mdebug[39m: [MASTER] END MESSAGE [ get_new ]#60-1203 sent to CLIENT
2015-09-30T20:30:11.778Z - [34mdebug[39m: [MASTER] [UPDATES] BEGIN MESSAGE [ ack ]#60-1203 send request  to SERVER
2015-09-30T20:30:11.782Z - [34mdebug[39m: [MASTER] [UPDATES] Message: success=true, description=ACK-60-1203, data=
2015-09-30T20:30:11.782Z - [34mdebug[39m: [MASTER] [UPDATES] sending [ ack ] 60-1203  : { success: true, description: 'ACK-60-1203', data: '' }  ....
2015-09-30T20:30:11.783Z - [34mdebug[39m: [MASTER] END MESSAGE [ ack ]#60-1203 sent to CLIENT
2015-09-30T20:30:12.952Z - [34mdebug[39m: [MASTER] [UPDATES] BEGIN MESSAGE [ get_new ]#60-1204 send request  to SERVER
2015-09-30T20:30:12.956Z - [34mdebug[39m: [MASTER] [UPDATES] Message:
2015-09-30T20:30:12.956Z - [34mdebug[39m: [MASTER] [UPDATES] sending [ get_new ] 60-1204  : []  ....
2015-09-30T20:30:12.956Z - [34mdebug[39m: [MASTER] END MESSAGE [ get_new ]#60-1204 sent to CLIENT
2015-09-30T20:30:13.035Z - [34mdebug[39m: [MASTER] [UPDATES] BEGIN MESSAGE [ ack ]#60-1204 send request  to SERVER
2015-09-30T20:30:13.038Z - [34mdebug[39m: [MASTER] [UPDATES] Message: success=true, description=ACK-60-1204, data=
2015-09-30T20:30:13.038Z - [34mdebug[39m: [MASTER] [UPDATES] sending [ ack ] 60-1204  : { success: true, description: 'ACK-60-1204', data: '' }  ....
2015-09-30T20:30:13.039Z - [34mdebug[39m: [MASTER] END MESSAGE [ ack ]#60-1204 sent to CLIENT
2015-09-30T20:30:14.052Z - [34mdebug[39m: [MASTER] [UPDATES] BEGIN MESSAGE [ get_new ]#60-1205 send request  to SERVER
2015-09-30T20:30:14.055Z - [34mdebug[39m: [MASTER] [UPDATES] Message:
2015-09-30T20:30:14.056Z - [34mdebug[39m: [MASTER] [UPDATES] sending [ get_new ] 60-1205  : []  ....
2015-09-30T20:30:14.056Z - [34mdebug[39m: [MASTER] END MESSAGE [ get_new ]#60-1205 sent to CLIENT
2015-09-30T20:30:14.107Z - [34mdebug[39m: [MASTER] [UPDATES] BEGIN MESSAGE [ ack ]#60-1205 send request  to SERVER
2015-09-30T20:30:14.110Z - [34mdebug[39m: [MASTER] [UPDATES] Message: success=true, description=ACK-60-1205, data=
2015-09-30T20:30:14.110Z - [34mdebug[39m: [MASTER] [UPDATES] sending [ ack ] 60-1205  : { success: true, description: 'ACK-60-1205', data: '' }  ....
2015-09-30T20:30:14.111Z - [34mdebug[39m: [MASTER] END MESSAGE [ ack ]#60-1205 sent to CLIENT
2015-09-30T20:30:15.136Z - [34mdebug[39m: [MASTER] [UPDATES] BEGIN MESSAGE [ get_new ]#60-1206 send request  to SERVER
2015-09-30T20:30:15.140Z - [34mdebug[39m: [MASTER] [UPDATES] Message:
2015-09-30T20:30:15.140Z - [34mdebug[39m: [MASTER] [UPDATES] sending [ get_new ] 60-1206  : []  ....
2015-09-30T20:30:15.141Z - [34mdebug[39m: [MASTER] END MESSAGE [ get_new ]#60-1206 sent to CLIENT
2015-09-30T20:30:15.151Z - [34mdebug[39m: [MASTER] [UPDATES] BEGIN MESSAGE [ ack ]#60-1206 send request  to SERVER
2015-09-30T20:30:15.155Z - [34mdebug[39m: [MASTER] [UPDATES] Message: success=true, description=ACK-60-1206, data=
2015-09-30T20:30:15.155Z - [34mdebug[39m: [MASTER] [UPDATES] sending [ ack ] 60-1206  : { success: true, description: 'ACK-60-1206', data: '' }  ....
2015-09-30T20:30:15.156Z - [34mdebug[39m: [MASTER] END MESSAGE [ ack ]#60-1206 sent to CLIENT
2015-09-30T20:30:16.171Z - [34mdebug[39m: [MASTER] [UPDATES] BEGIN MESSAGE [ get_new ]#60-1207 send request  to SERVER
2015-09-30T20:30:16.175Z - [34mdebug[39m: [MASTER] [UPDATES] Message:
2015-09-30T20:30:16.175Z - [34mdebug[39m: [MASTER] [UPDATES] sending [ get_new ] 60-1207  : []  ....
2015-09-30T20:30:16.176Z - [34mdebug[39m: [MASTER] END MESSAGE [ get_new ]#60-1207 sent to CLIENT
2015-09-30T20:30:16.211Z - [34mdebug[39m: [MASTER] [UPDATES] BEGIN MESSAGE [ ack ]#60-1207 send request  to SERVER
2015-09-30T20:30:16.214Z - [34mdebug[39m: [MASTER] [UPDATES] Message: success=true, description=ACK-60-1207, data=
2015-09-30T20:30:16.215Z - [34mdebug[39m: [MASTER] [UPDATES] sending [ ack ] 60-1207  : { success: true, description: 'ACK-60-1207', data: '' }  ....
2015-09-30T20:30:16.215Z - [34mdebug[39m: [MASTER] END MESSAGE [ ack ]#60-1207 sent to CLIENT
2015-09-30T20:30:17.229Z - [34mdebug[39m: [MASTER] [UPDATES] BEGIN MESSAGE [ get_new ]#60-1208 send request  to SERVER
2015-09-30T20:30:17.232Z - [34mdebug[39m: [MASTER] [UPDATES] Message:
2015-09-30T20:30:17.233Z - [34mdebug[39m: [MASTER] [UPDATES] sending [ get_new ] 60-1208  : []  ....
2015-09-30T20:30:17.233Z - [34mdebug[39m: [MASTER] END MESSAGE [ get_new ]#60-1208 sent to CLIENT
2015-09-30T20:30:17.250Z - [34mdebug[39m: [MASTER] [UPDATES] BEGIN MESSAGE [ ack ]#60-1208 send request  to SERVER
2015-09-30T20:30:17.253Z - [34mdebug[39m: [MASTER] [UPDATES] Message: success=true, description=ACK-60-1208, data=
2015-09-30T20:30:17.253Z - [34mdebug[39m: [MASTER] [UPDATES] sending [ ack ] 60-1208  : { success: true, description: 'ACK-60-1208', data: '' }  ....
2015-09-30T20:30:17.254Z - [34mdebug[39m: [MASTER] END MESSAGE [ ack ]#60-1208 sent to CLIENT
2015-09-30T20:30:18.266Z - [34mdebug[39m: [MASTER] [UPDATES] BEGIN MESSAGE [ get_new ]#60-1209 send request  to SERVER
2015-09-30T20:30:18.270Z - [34mdebug[39m: [MASTER] [UPDATES] Message:
2015-09-30T20:30:18.271Z - [34mdebug[39m: [MASTER] [UPDATES] sending [ get_new ] 60-1209  : []  ....
2015-09-30T20:30:18.271Z - [34mdebug[39m: [MASTER] END MESSAGE [ get_new ]#60-1209 sent to CLIENT
2015-09-30T20:30:18.282Z - [34mdebug[39m: [MASTER] [UPDATES] BEGIN MESSAGE [ ack ]#60-1209 send request  to SERVER
2015-09-30T20:30:18.285Z - [34mdebug[39m: [MASTER] [UPDATES] Message: success=true, description=ACK-60-1209, data=
2015-09-30T20:30:18.286Z - [34mdebug[39m: [MASTER] [UPDATES] sending [ ack ] 60-1209  : { success: true, description: 'ACK-60-1209', data: '' }  ....
2015-09-30T20:30:18.286Z - [34mdebug[39m: [MASTER] END MESSAGE [ ack ]#60-1209 sent to CLIENT
2015-09-30T20:30:19.355Z - [34mdebug[39m: [MASTER] [UPDATES] BEGIN MESSAGE [ get_new ]#60-1210 send request  to SERVER
2015-09-30T20:30:19.358Z - [34mdebug[39m: [MASTER] [UPDATES] Message:
2015-09-30T20:30:19.359Z - [34mdebug[39m: [MASTER] [UPDATES] sending [ get_new ] 60-1210  : []  ....
2015-09-30T20:30:19.359Z - [34mdebug[39m: [MASTER] END MESSAGE [ get_new ]#60-1210 sent to CLIENT
2015-09-30T20:30:19.399Z - [34mdebug[39m: [MASTER] [UPDATES] BEGIN MESSAGE [ ack ]#60-1210 send request  to SERVER
2015-09-30T20:30:19.402Z - [34mdebug[39m: [MASTER] [UPDATES] Message: success=true, description=ACK-60-1210, data=
2015-09-30T20:30:19.403Z - [34mdebug[39m: [MASTER] [UPDATES] sending [ ack ] 60-1210  : { success: true, description: 'ACK-60-1210', data: '' }  ....
2015-09-30T20:30:19.403Z - [34mdebug[39m: [MASTER] END MESSAGE [ ack ]#60-1210 sent to CLIENT
2015-09-30T20:30:20.416Z - [34mdebug[39m: [MASTER] [UPDATES] BEGIN MESSAGE [ get_new ]#60-1211 send request  to SERVER
2015-09-30T20:30:20.420Z - [34mdebug[39m: [MASTER] [UPDATES] Message:
2015-09-30T20:30:20.420Z - [34mdebug[39m: [MASTER] [UPDATES] sending [ get_new ] 60-1211  : []  ....
2015-09-30T20:30:20.421Z - [34mdebug[39m: [MASTER] END MESSAGE [ get_new ]#60-1211 sent to CLIENT
2015-09-30T20:30:20.434Z - [34mdebug[39m: [MASTER] [UPDATES] BEGIN MESSAGE [ ack ]#60-1211 send request  to SERVER
2015-09-30T20:30:20.438Z - [34mdebug[39m: [MASTER] [UPDATES] Message: success=true, description=ACK-60-1211, data=
2015-09-30T20:30:20.438Z - [34mdebug[39m: [MASTER] [UPDATES] sending [ ack ] 60-1211  : { success: true, description: 'ACK-60-1211', data: '' }  ....
2015-09-30T20:30:20.439Z - [34mdebug[39m: [MASTER] END MESSAGE [ ack ]#60-1211 sent to CLIENT
2015-09-30T20:30:21.454Z - [34mdebug[39m: [MASTER] [UPDATES] BEGIN MESSAGE [ get_new ]#60-1212 send request  to SERVER
2015-09-30T20:30:21.457Z - [34mdebug[39m: [MASTER] [UPDATES] Message:
2015-09-30T20:30:21.457Z - [34mdebug[39m: [MASTER] [UPDATES] sending [ get_new ] 60-1212  : []  ....
2015-09-30T20:30:21.458Z - [34mdebug[39m: [MASTER] END MESSAGE [ get_new ]#60-1212 sent to CLIENT
2015-09-30T20:30:21.468Z - [34mdebug[39m: [MASTER] [UPDATES] BEGIN MESSAGE [ ack ]#60-1212 send request  to SERVER
2015-09-30T20:30:21.471Z - [34mdebug[39m: [MASTER] [UPDATES] Message: success=true, description=ACK-60-1212, data=
2015-09-30T20:30:21.471Z - [34mdebug[39m: [MASTER] [UPDATES] sending [ ack ] 60-1212  : { success: true, description: 'ACK-60-1212', data: '' }  ....
2015-09-30T20:30:21.472Z - [34mdebug[39m: [MASTER] END MESSAGE [ ack ]#60-1212 sent to CLIENT
2015-09-30T20:30:22.483Z - [34mdebug[39m: [MASTER] [UPDATES] BEGIN MESSAGE [ get_new ]#60-1213 send request  to SERVER
2015-09-30T20:30:22.486Z - [34mdebug[39m: [MASTER] [UPDATES] Message:
2015-09-30T20:30:22.486Z - [34mdebug[39m: [MASTER] [UPDATES] sending [ get_new ] 60-1213  : []  ....
2015-09-30T20:30:22.487Z - [34mdebug[39m: [MASTER] END MESSAGE [ get_new ]#60-1213 sent to CLIENT
2015-09-30T20:30:22.496Z - [34mdebug[39m: [MASTER] [UPDATES] BEGIN MESSAGE [ ack ]#60-1213 send request  to SERVER
2015-09-30T20:30:22.499Z - [34mdebug[39m: [MASTER] [UPDATES] Message: success=true, description=ACK-60-1213, data=
2015-09-30T20:30:22.500Z - [34mdebug[39m: [MASTER] [UPDATES] sending [ ack ] 60-1213  : { success: true, description: 'ACK-60-1213', data: '' }  ....
2015-09-30T20:30:22.500Z - [34mdebug[39m: [MASTER] END MESSAGE [ ack ]#60-1213 sent to CLIENT
2015-09-30T20:30:23.513Z - [34mdebug[39m: [MASTER] [UPDATES] BEGIN MESSAGE [ get_new ]#60-1214 send request  to SERVER
2015-09-30T20:30:23.516Z - [34mdebug[39m: [MASTER] [UPDATES] Message:
2015-09-30T20:30:23.516Z - [34mdebug[39m: [MASTER] [UPDATES] sending [ get_new ] 60-1214  : []  ....
2015-09-30T20:30:23.516Z - [34mdebug[39m: [MASTER] END MESSAGE [ get_new ]#60-1214 sent to CLIENT
2015-09-30T20:30:23.526Z - [34mdebug[39m: [MASTER] [UPDATES] BEGIN MESSAGE [ ack ]#60-1214 send request  to SERVER
2015-09-30T20:30:23.530Z - [34mdebug[39m: [MASTER] [UPDATES] Message: success=true, description=ACK-60-1214, data=
2015-09-30T20:30:23.530Z - [34mdebug[39m: [MASTER] [UPDATES] sending [ ack ] 60-1214  : { success: true, description: 'ACK-60-1214', data: '' }  ....
2015-09-30T20:30:23.530Z - [34mdebug[39m: [MASTER] END MESSAGE [ ack ]#60-1214 sent to CLIENT
2015-09-30T20:30:24.543Z - [34mdebug[39m: [MASTER] [UPDATES] BEGIN MESSAGE [ get_new ]#60-1215 send request  to SERVER
2015-09-30T20:30:24.547Z - [34mdebug[39m: [MASTER] [UPDATES] Message:
2015-09-30T20:30:24.547Z - [34mdebug[39m: [MASTER] [UPDATES] sending [ get_new ] 60-1215  : []  ....
2015-09-30T20:30:24.547Z - [34mdebug[39m: [MASTER] END MESSAGE [ get_new ]#60-1215 sent to CLIENT
2015-09-30T20:30:24.586Z - [34mdebug[39m: [MASTER] [UPDATES] BEGIN MESSAGE [ ack ]#60-1215 send request  to SERVER
2015-09-30T20:30:24.589Z - [34mdebug[39m: [MASTER] [UPDATES] Message: success=true, description=ACK-60-1215, data=
2015-09-30T20:30:24.590Z - [34mdebug[39m: [MASTER] [UPDATES] sending [ ack ] 60-1215  : { success: true, description: 'ACK-60-1215', data: '' }  ....
2015-09-30T20:30:24.590Z - [34mdebug[39m: [MASTER] END MESSAGE [ ack ]#60-1215 sent to CLIENT
